/*
* Complex Hadamard matrix with v = 50:
* - number of matrices: N = 7
*/

Number of matrices:  7

========================= For  1 -th Matrix =========================
All eigenvalues:  [
    <i - 7, 1>,
    <-i - 7, 1>
]

**** For eigenvalue ev = i - 7 ****
Eigenspace attached to this ev:  
Vector space of degree 50, dimension 1 over R
Echelonized basis:
(1 1 1 1 1 1 1 1 1 1 1 1 1 1 1 1 1 1 1 1 1 1 1 1 1 1 1 1 1 1 1 1 1 1 1 1 1 1 1 1
    1 1 1 1 1 1 1 1 1 1)
Number of solutions: #S =  4
Solutions: #S =  [
    [1 1 1 1 1 1 1 1 1 1 1 1 1 1 1 1 1 1 1 1 1 1 1 1 1 1 1 1 1 1 1 1 1 1 1 1 1 1
        1 1 1 1 1 1 1 1 1 1 1 1],

    [i i i i i i i i i i i i i i i i i i i i i i i i i i i i i i i i i i i i i i
        i i i i i i i i i i i i],

    [-1 -1 -1 -1 -1 -1 -1 -1 -1 -1 -1 -1 -1 -1 -1 -1 -1 -1 -1 -1 -1 -1 -1 -1 -1 
        -1 -1 -1 -1 -1 -1 -1 -1 -1 -1 -1 -1 -1 -1 -1 -1 -1 -1 -1 -1 -1 -1 -1 -1 
        -1],

    [-i -i -i -i -i -i -i -i -i -i -i -i -i -i -i -i -i -i -i -i -i -i -i -i -i 
        -i -i -i -i -i -i -i -i -i -i -i -i -i -i -i -i -i -i -i -i -i -i -i -i 
        -i]
]
Time elapsed for ev = i - 7 : 0.0100 

**** For eigenvalue ev = -i - 7 ****
Eigenspace attached to this ev:  
Vector space of degree 50, dimension 1 over R
Echelonized basis:
(1 1 1 1 1 1 1 1 1 1 1 1 1 1 1 1 1 1 1 1 1 1 1 1 1 -1 -1 -1 -1 -1 -1 -1 -1 -1 -1
    -1 -1 -1 -1 -1 -1 -1 -1 -1 -1 -1 -1 -1 -1 -1)
Number of solutions: #S =  4
Solutions: #S =  [
    [1 1 1 1 1 1 1 1 1 1 1 1 1 1 1 1 1 1 1 1 1 1 1 1 1 -1 -1 -1 -1 -1 -1 -1 -1 
        -1 -1 -1 -1 -1 -1 -1 -1 -1 -1 -1 -1 -1 -1 -1 -1 -1],

    [i i i i i i i i i i i i i i i i i i i i i i i i i -i -i -i -i -i -i -i -i 
        -i -i -i -i -i -i -i -i -i -i -i -i -i -i -i -i -i],

    [-1 -1 -1 -1 -1 -1 -1 -1 -1 -1 -1 -1 -1 -1 -1 -1 -1 -1 -1 -1 -1 -1 -1 -1 -1 
        1 1 1 1 1 1 1 1 1 1 1 1 1 1 1 1 1 1 1 1 1 1 1 1 1],

    [-i -i -i -i -i -i -i -i -i -i -i -i -i -i -i -i -i -i -i -i -i -i -i -i -i 
        i i i i i i i i i i i i i i i i i i i i i i i i i]
]
Time elapsed for ev = -i - 7 : 0.0100 
Time elapsed for i = 1 : 0.2400 

========================= For  2 -th Matrix =========================
All eigenvalues:  [
    <i - 7, 1>,
    <-i - 7, 1>
]

**** For eigenvalue ev = i - 7 ****
Eigenspace attached to this ev:  
Vector space of degree 50, dimension 1 over R
Echelonized basis:
(1 1 1 1 1 1 1 1 1 1 1 1 1 1 1 1 1 1 1 1 1 1 1 1 1 1 1 1 1 1 1 1 1 1 1 1 1 1 1 1
    1 1 1 1 1 1 1 1 1 1)
Number of solutions: #S =  4
Solutions: #S =  [
    [1 1 1 1 1 1 1 1 1 1 1 1 1 1 1 1 1 1 1 1 1 1 1 1 1 1 1 1 1 1 1 1 1 1 1 1 1 1
        1 1 1 1 1 1 1 1 1 1 1 1],

    [i i i i i i i i i i i i i i i i i i i i i i i i i i i i i i i i i i i i i i
        i i i i i i i i i i i i],

    [-1 -1 -1 -1 -1 -1 -1 -1 -1 -1 -1 -1 -1 -1 -1 -1 -1 -1 -1 -1 -1 -1 -1 -1 -1 
        -1 -1 -1 -1 -1 -1 -1 -1 -1 -1 -1 -1 -1 -1 -1 -1 -1 -1 -1 -1 -1 -1 -1 -1 
        -1],

    [-i -i -i -i -i -i -i -i -i -i -i -i -i -i -i -i -i -i -i -i -i -i -i -i -i 
        -i -i -i -i -i -i -i -i -i -i -i -i -i -i -i -i -i -i -i -i -i -i -i -i 
        -i]
]
Time elapsed for ev = i - 7 : 0.0100 

**** For eigenvalue ev = -i - 7 ****
Eigenspace attached to this ev:  
Vector space of degree 50, dimension 1 over R
Echelonized basis:
(1 1 1 1 1 1 1 1 1 1 1 1 1 1 1 1 1 1 1 1 1 1 1 1 1 -1 -1 -1 -1 -1 -1 -1 -1 -1 -1
    -1 -1 -1 -1 -1 -1 -1 -1 -1 -1 -1 -1 -1 -1 -1)
Number of solutions: #S =  4
Solutions: #S =  [
    [1 1 1 1 1 1 1 1 1 1 1 1 1 1 1 1 1 1 1 1 1 1 1 1 1 -1 -1 -1 -1 -1 -1 -1 -1 
        -1 -1 -1 -1 -1 -1 -1 -1 -1 -1 -1 -1 -1 -1 -1 -1 -1],

    [i i i i i i i i i i i i i i i i i i i i i i i i i -i -i -i -i -i -i -i -i 
        -i -i -i -i -i -i -i -i -i -i -i -i -i -i -i -i -i],

    [-1 -1 -1 -1 -1 -1 -1 -1 -1 -1 -1 -1 -1 -1 -1 -1 -1 -1 -1 -1 -1 -1 -1 -1 -1 
        1 1 1 1 1 1 1 1 1 1 1 1 1 1 1 1 1 1 1 1 1 1 1 1 1],

    [-i -i -i -i -i -i -i -i -i -i -i -i -i -i -i -i -i -i -i -i -i -i -i -i -i 
        i i i i i i i i i i i i i i i i i i i i i i i i i]
]
Time elapsed for ev = -i - 7 : 0.0100 
Time elapsed for i = 2 : 0.5100 

========================= For  3 -th Matrix =========================
All eigenvalues:  [
    <i - 7, 1>,
    <-i - 7, 1>
]

**** For eigenvalue ev = i - 7 ****
Eigenspace attached to this ev:  
Vector space of degree 50, dimension 1 over R
Echelonized basis:
(1 1 1 1 1 1 1 1 1 1 1 1 1 1 1 1 1 1 1 1 1 1 1 1 1 1 1 1 1 1 1 1 1 1 1 1 1 1 1 1
    1 1 1 1 1 1 1 1 1 1)
Number of solutions: #S =  4
Solutions: #S =  [
    [1 1 1 1 1 1 1 1 1 1 1 1 1 1 1 1 1 1 1 1 1 1 1 1 1 1 1 1 1 1 1 1 1 1 1 1 1 1
        1 1 1 1 1 1 1 1 1 1 1 1],

    [i i i i i i i i i i i i i i i i i i i i i i i i i i i i i i i i i i i i i i
        i i i i i i i i i i i i],

    [-1 -1 -1 -1 -1 -1 -1 -1 -1 -1 -1 -1 -1 -1 -1 -1 -1 -1 -1 -1 -1 -1 -1 -1 -1 
        -1 -1 -1 -1 -1 -1 -1 -1 -1 -1 -1 -1 -1 -1 -1 -1 -1 -1 -1 -1 -1 -1 -1 -1 
        -1],

    [-i -i -i -i -i -i -i -i -i -i -i -i -i -i -i -i -i -i -i -i -i -i -i -i -i 
        -i -i -i -i -i -i -i -i -i -i -i -i -i -i -i -i -i -i -i -i -i -i -i -i 
        -i]
]
Time elapsed for ev = i - 7 : 0.0100 

**** For eigenvalue ev = -i - 7 ****
Eigenspace attached to this ev:  
Vector space of degree 50, dimension 1 over R
Echelonized basis:
(1 1 1 1 1 1 1 1 1 1 1 1 1 1 1 1 1 1 1 1 1 1 1 1 1 -1 -1 -1 -1 -1 -1 -1 -1 -1 -1
    -1 -1 -1 -1 -1 -1 -1 -1 -1 -1 -1 -1 -1 -1 -1)
Number of solutions: #S =  4
Solutions: #S =  [
    [1 1 1 1 1 1 1 1 1 1 1 1 1 1 1 1 1 1 1 1 1 1 1 1 1 -1 -1 -1 -1 -1 -1 -1 -1 
        -1 -1 -1 -1 -1 -1 -1 -1 -1 -1 -1 -1 -1 -1 -1 -1 -1],

    [i i i i i i i i i i i i i i i i i i i i i i i i i -i -i -i -i -i -i -i -i 
        -i -i -i -i -i -i -i -i -i -i -i -i -i -i -i -i -i],

    [-1 -1 -1 -1 -1 -1 -1 -1 -1 -1 -1 -1 -1 -1 -1 -1 -1 -1 -1 -1 -1 -1 -1 -1 -1 
        1 1 1 1 1 1 1 1 1 1 1 1 1 1 1 1 1 1 1 1 1 1 1 1 1],

    [-i -i -i -i -i -i -i -i -i -i -i -i -i -i -i -i -i -i -i -i -i -i -i -i -i 
        i i i i i i i i i i i i i i i i i i i i i i i i i]
]
Time elapsed for ev = -i - 7 : 0.0100 
Time elapsed for i = 3 : 0.5300 

========================= For  4 -th Matrix =========================
All eigenvalues:  [
    <5*i + 5, 5>,
    <-5*i + 5, 5>
]

**** For eigenvalue ev = 5*i + 5 ****
Eigenspace attached to this ev:  
Vector space of degree 50, dimension 5 over R
Echelonized basis:
(1 0 0 0 0 1 0 0 0 0 1 0 0 0 0 1 0 0 0 0 1 0 0 0 0 1/5*(-2*i + 1) 1/5*(-2*i + 1)
    1/5*(3*i + 1) 1/5*(3*i + 1) 1/5*(-2*i + 1) 1/5*(-2*i + 1) 1/5*(-2*i + 1) 
    1/5*(3*i + 1) 1/5*(3*i + 1) 1/5*(-2*i + 1) 1/5*(-2*i + 1) 1/5*(-2*i + 1) 
    1/5*(3*i + 1) 1/5*(3*i + 1) 1/5*(-2*i + 1) 1/5*(-2*i + 1) 1/5*(-2*i + 1) 
    1/5*(3*i + 1) 1/5*(3*i + 1) 1/5*(-2*i + 1) 1/5*(-2*i + 1) 1/5*(-2*i + 1) 
    1/5*(3*i + 1) 1/5*(3*i + 1) 1/5*(-2*i + 1))
(0 1 0 0 0 0 1 0 0 0 0 1 0 0 0 0 1 0 0 0 0 1 0 0 0 1/5*(-2*i + 1) 1/5*(-2*i + 1)
    1/5*(-2*i + 1) 1/5*(3*i + 1) 1/5*(3*i + 1) 1/5*(-2*i + 1) 1/5*(-2*i + 1) 
    1/5*(-2*i + 1) 1/5*(3*i + 1) 1/5*(3*i + 1) 1/5*(-2*i + 1) 1/5*(-2*i + 1) 
    1/5*(-2*i + 1) 1/5*(3*i + 1) 1/5*(3*i + 1) 1/5*(-2*i + 1) 1/5*(-2*i + 1) 
    1/5*(-2*i + 1) 1/5*(3*i + 1) 1/5*(3*i + 1) 1/5*(-2*i + 1) 1/5*(-2*i + 1) 
    1/5*(-2*i + 1) 1/5*(3*i + 1) 1/5*(3*i + 1))
(0 0 1 0 0 0 0 1 0 0 0 0 1 0 0 0 0 1 0 0 0 0 1 0 0 1/5*(3*i + 1) 1/5*(-2*i + 1) 
    1/5*(-2*i + 1) 1/5*(-2*i + 1) 1/5*(3*i + 1) 1/5*(3*i + 1) 1/5*(-2*i + 1) 
    1/5*(-2*i + 1) 1/5*(-2*i + 1) 1/5*(3*i + 1) 1/5*(3*i + 1) 1/5*(-2*i + 1) 
    1/5*(-2*i + 1) 1/5*(-2*i + 1) 1/5*(3*i + 1) 1/5*(3*i + 1) 1/5*(-2*i + 1) 
    1/5*(-2*i + 1) 1/5*(-2*i + 1) 1/5*(3*i + 1) 1/5*(3*i + 1) 1/5*(-2*i + 1) 
    1/5*(-2*i + 1) 1/5*(-2*i + 1) 1/5*(3*i + 1))
(0 0 0 1 0 0 0 0 1 0 0 0 0 1 0 0 0 0 1 0 0 0 0 1 0 1/5*(3*i + 1) 1/5*(3*i + 1) 
    1/5*(-2*i + 1) 1/5*(-2*i + 1) 1/5*(-2*i + 1) 1/5*(3*i + 1) 1/5*(3*i + 1) 
    1/5*(-2*i + 1) 1/5*(-2*i + 1) 1/5*(-2*i + 1) 1/5*(3*i + 1) 1/5*(3*i + 1) 
    1/5*(-2*i + 1) 1/5*(-2*i + 1) 1/5*(-2*i + 1) 1/5*(3*i + 1) 1/5*(3*i + 1) 
    1/5*(-2*i + 1) 1/5*(-2*i + 1) 1/5*(-2*i + 1) 1/5*(3*i + 1) 1/5*(3*i + 1) 
    1/5*(-2*i + 1) 1/5*(-2*i + 1) 1/5*(-2*i + 1))
(0 0 0 0 1 0 0 0 0 1 0 0 0 0 1 0 0 0 0 1 0 0 0 0 1 1/5*(-2*i + 1) 1/5*(3*i + 1) 
    1/5*(3*i + 1) 1/5*(-2*i + 1) 1/5*(-2*i + 1) 1/5*(-2*i + 1) 1/5*(3*i + 1) 
    1/5*(3*i + 1) 1/5*(-2*i + 1) 1/5*(-2*i + 1) 1/5*(-2*i + 1) 1/5*(3*i + 1) 
    1/5*(3*i + 1) 1/5*(-2*i + 1) 1/5*(-2*i + 1) 1/5*(-2*i + 1) 1/5*(3*i + 1) 
    1/5*(3*i + 1) 1/5*(-2*i + 1) 1/5*(-2*i + 1) 1/5*(-2*i + 1) 1/5*(3*i + 1) 
    1/5*(3*i + 1) 1/5*(-2*i + 1) 1/5*(-2*i + 1))
Number of solutions: #S =  104
Solutions: #S =  [
    [1 1 1 1 1 1 1 1 1 1 1 1 1 1 1 1 1 1 1 1 1 1 1 1 1 1 1 1 1 1 1 1 1 1 1 1 1 1
        1 1 1 1 1 1 1 1 1 1 1 1],

    [-i 1 -1 1 1 -i 1 -1 1 1 -i 1 -1 1 1 -i 1 -1 1 1 -i 1 -1 1 1 -i i 1 1 -i -i 
        i 1 1 -i -i i 1 1 -i -i i 1 1 -i -i i 1 1 -i],

    [-1 1 -i 1 1 -1 1 -i 1 1 -1 1 -i 1 1 -1 1 -i 1 1 -1 1 -i 1 1 1 i -i -i 1 1 i
        -i -i 1 1 i -i -i 1 1 i -i -i 1 1 i -i -i 1],

    [-i i -i 1 1 -i i -i 1 1 -i i -i 1 1 -i i -i 1 1 -i i -i 1 1 1 i 1 -i -i 1 i
        1 -i -i 1 i 1 -i -i 1 i 1 -i -i 1 i 1 -i -i],

    [-1 i 1 i 1 -1 i 1 i 1 -1 i 1 i 1 -1 i 1 i 1 -1 i 1 i 1 i i 1 -i i i i 1 -i 
        i i i 1 -i i i i 1 -i i i i 1 -i i],

    [i -1 1 i 1 i -1 1 i 1 i -1 1 i 1 i -1 1 i 1 i -1 1 i 1 i i i -i 1 i i i -i 
        1 i i i -i 1 i i i -i 1 i i i -i 1],

    [-1 1 i i 1 -1 1 i i 1 -1 1 i i 1 -1 1 i i 1 -1 1 i i 1 -1 i 1 1 i -1 i 1 1 
        i -1 i 1 1 i -1 i 1 1 i -1 i 1 1 i],

    [i -i i i 1 i -i i i 1 i -i i i 1 i -i i i 1 i -i i i 1 -1 i i 1 1 -1 i i 1 
        1 -1 i i 1 1 -1 i i 1 1 -1 i i 1 1],

    [i 1 -1 i 1 i 1 -1 i 1 i 1 -1 i 1 i 1 -1 i 1 i 1 -1 i 1 -i i i i 1 -i i i i 
        1 -i i i i 1 -i i i i 1 -i i i i 1],

    [-i 1 -i i 1 -i 1 -i i 1 -i 1 -i i 1 -i 1 -i i 1 -i 1 -i i 1 -i -1 1 1 1 -i 
        -1 1 1 1 -i -1 1 1 1 -i -1 1 1 1 -i -1 1 1 1],

    [i i -i i 1 i i -i i 1 i i -i i 1 i i -i i 1 i i -i i 1 1 i i -1 1 1 i i -1 
        1 1 i i -1 1 1 i i -1 1 1 i i -1 1],

    [-i 1 1 -1 1 -i 1 1 -1 1 -i 1 1 -1 1 -i 1 1 -1 1 -i 1 1 -1 1 -i -i 1 1 i -i 
        -i 1 1 i -i -i 1 1 i -i -i 1 1 i -i -i 1 1 i],

    [i i 1 -1 1 i i 1 -1 1 i i 1 -1 1 i i 1 -1 1 i i 1 -1 1 1 1 i -1 i 1 1 i -1 
        i 1 1 i -1 i 1 1 i -1 i 1 1 i -1 i],

    [1 -i 1 -1 1 1 -i 1 -1 1 1 -i 1 -1 1 1 -i 1 -1 1 1 -i 1 -1 1 -i -i i 1 1 -i 
        -i i 1 1 -i -i i 1 1 -i -i i 1 1 -i -i i 1 1],

    [i 1 i -1 1 i 1 i -1 1 i 1 i -1 1 i 1 i -1 1 i 1 i -1 1 -i 1 i i i -i 1 i i 
        i -i 1 i i i -i 1 i i i -i 1 i i i],

    [-1 -1 i -1 1 -1 -1 i -1 1 -1 -1 i -1 1 -1 -1 i -1 1 -1 -1 i -1 1 -1 i i -i 
        -1 -1 i i -i -1 -1 i i -i -1 -1 i i -i -1 -1 i i -i -1],

    [-1 i -1 -1 1 -1 i -1 -1 1 -1 i -1 -1 1 -1 i -1 -1 1 -1 i -1 -1 1 -i i i -1 
        -1 -i i i -1 -1 -i i i -1 -1 -i i i -1 -1 -i i i -1 -1],

    [-i -1 -i -1 1 -i -1 -i -1 1 -i -1 -i -1 1 -i -1 -i -1 1 -i -1 -i -1 1 -i -1
        i -i -i -i -1 i -i -i -i -1 i -i -i -i -1 i -i -i -i -1 i -i -i],

    [-1 -i -i -1 1 -1 -i -i -1 1 -1 -i -i -1 1 -1 -i -i -1 1 -1 -i -i -1 1 -i -1
        -1 -i 1 -i -1 -1 -i 1 -i -1 -1 -i 1 -i -1 -1 -i 1 -i -1 -1 -i 1],

    [-1 1 1 -i 1 -1 1 1 -i 1 -1 1 1 -i 1 -1 1 1 -i 1 -1 1 1 -i 1 1 1 -i -i i 1 1
        -i -i i 1 1 -i -i i 1 1 -i -i i 1 1 -i -i i],

    [-i i 1 -i 1 -i i 1 -i 1 -i i 1 -i 1 -i i 1 -i 1 -i i 1 -i 1 1 1 1 -i -1 1 1
        1 -i -1 1 1 1 -i -1 1 1 1 -i -1 1 1 1 -i -1],

    [1 -1 1 -i 1 1 -1 1 -i 1 1 -1 1 -i 1 1 -1 1 -i 1 1 -1 1 -i 1 1 1 i -i -i 1 1
        i -i -i 1 1 i -i -i 1 1 i -i -i 1 1 i -i -i],

    [i -i 1 -i 1 i -i 1 -i 1 i -i 1 -i 1 i -i 1 -i 1 i -i 1 -i 1 1 1 -1 -i 1 1 1
        -1 -i 1 1 1 -1 -i 1 1 1 -1 -i 1 1 1 -1 -i 1],

    [-i 1 i -i 1 -i 1 i -i 1 -i 1 i -i 1 -i 1 i -i 1 -i 1 i -i 1 -i 1 1 1 -1 -i 
        1 1 1 -1 -i 1 1 1 -1 -i 1 1 1 -1 -i 1 1 1 -1],

    [1 -i i -i 1 1 -i i -i 1 1 -i i -i 1 1 -i i -i 1 1 -i i -i 1 -i 1 i 1 -i -i 
        1 i 1 -i -i 1 i 1 -i -i 1 i 1 -i -i 1 i 1 -i],

    [-1 -i -1 -i 1 -1 -i -1 -i 1 -1 -i -1 -i 1 -1 -i -1 -i 1 -1 -i -1 -i 1 -i i 
        -1 -i -i -i i -1 -i -i -i i -1 -i -i -i i -1 -i -i -i i -1 -i -i],

    [-1 1 i 1 i -1 1 i 1 i -1 1 i 1 i -1 1 i 1 i -1 1 i 1 i i i -i 1 i i i -i 1 
        i i i -i 1 i i i -i 1 i i i -i 1 i],

    [-i i i 1 i -i i i 1 i -i i i 1 i -i i i 1 i -i i i 1 i i i 1 1 -1 i i 1 1 
        -1 i i 1 1 -1 i i 1 1 -1 i i 1 1 -1],

    [1 -1 i 1 i 1 -1 i 1 i 1 -1 i 1 i 1 -1 i 1 i 1 -1 i 1 i i i i 1 -i i i i 1 
        -i i i i 1 -i i i i 1 -i i i i 1 -i],

    [i -i i 1 i i -i i 1 i i -i i 1 i i -i i 1 i i -i i 1 i i i -1 1 1 i i -1 1 
        1 i i -1 1 1 i i -1 1 1 i i -1 1 1],

    [i 1 -1 1 i i 1 -1 1 i i 1 -1 1 i i 1 -1 1 i i 1 -1 1 i 1 i -1 i 1 1 i -1 i 
        1 1 i -1 i 1 1 i -1 i 1 1 i -1 i 1],

    [1 i -1 1 i 1 i -1 1 i 1 i -1 1 i 1 i -1 1 i 1 i -1 1 i 1 i i i -i 1 i i i 
        -i 1 i i i -i 1 i i i -i 1 i i i -i],

    [-i 1 -i 1 i -i 1 -i 1 i -i 1 -i 1 i -i 1 -i 1 i -i 1 -i 1 i 1 -1 -i 1 1 1 
        -1 -i 1 1 1 -1 -i 1 1 1 -1 -i 1 1 1 -1 -i 1 1],

    [-i i 1 i i -i i 1 i i -i i 1 i i -i i 1 i i -i i 1 i i i -1 1 1 i i -1 1 1 
        i i -1 1 1 i i -1 1 1 i i -1 1 1 i],

    [1 -1 1 i i 1 -1 1 i i 1 -1 1 i i 1 -1 1 i i 1 -1 1 i i i -1 i 1 1 i -1 i 1 
        1 i -1 i 1 1 i -1 i 1 1 i -1 i 1 1],

    [i i i i i i i i i i i i i i i i i i i i i i i i i i i i i i i i i i i i i i
        i i i i i i i i i i i i],

    [1 i -i i i 1 i -i i i 1 i -i i i 1 i -i i i 1 i -i i i 1 -1 i i 1 1 -1 i i 
        1 1 -1 i i 1 1 -1 i i 1 1 -1 i i 1],

    [1 i 1 -1 i 1 i 1 -1 i 1 i 1 -1 i 1 i 1 -1 i 1 i 1 -1 i 1 -i i i i 1 -i i i 
        i 1 -i i i i 1 -i i i i 1 -i i i i],

    [-1 -1 1 -1 i -1 -1 1 -1 i -1 -1 1 -1 i -1 -1 1 -1 i -1 -1 1 -1 i i -1 -1 -i
        i i -1 -1 -i i i -1 -1 -i i i -1 -1 -i i i -1 -1 -i i],

    [-i -1 i -1 i -i -1 i -1 i -i -1 i -1 i -i -1 i -1 i -i -1 i -1 i -1 -1 i 1 
        -1 -1 -1 i 1 -1 -1 -1 i 1 -1 -1 -1 i 1 -1 -1 -1 i 1 -1],

    [-1 -i i -1 i -1 -i i -1 i -1 -i i -1 i -1 -i i -1 i -1 -i i -1 i -1 -1 -1 1
        i -1 -1 -1 1 i -1 -1 -1 1 i -1 -1 -1 1 i -1 -1 -1 1 i],

    [-1 1 -1 -1 i -1 1 -1 -1 i -1 1 -1 -1 i -1 1 -1 -1 i -1 1 -1 -1 i -i -1 -1 i
        i -i -1 -1 i i -i -1 -1 i i -i -1 -1 i i -i -1 -1 i i],

    [-i i -1 -1 i -i i -1 -1 i -i i -1 -1 i -i i -1 -1 i -i i -1 -1 i -i -1 i i 
        -1 -i -1 i i -1 -i -1 i i -1 -i -1 i i -1 -i -1 i i -1],

    [-1 i -i -1 i -1 i -i -1 i -1 i -i -1 i -1 i -i -1 i -1 i -i -1 i 1 -1 -1 -1
        i 1 -1 -1 -1 i 1 -1 -1 -1 i 1 -1 -1 -1 i 1 -1 -1 -1 i],

    [-i 1 1 -i i -i 1 1 -i i -i 1 1 -i i -i 1 1 -i i -i 1 1 -i i 1 -i -i 1 i 1 
        -i -i 1 i 1 -i -i 1 i 1 -i -i 1 i 1 -i -i 1 i],

    [1 -i 1 -i i 1 -i 1 -i i 1 -i 1 -i i 1 -i 1 -i i 1 -i 1 -i i 1 -i -1 1 1 1 
        -i -1 1 1 1 -i -1 1 1 1 -i -1 1 1 1 -i -1 1 1],

    [i 1 i -i i i 1 i -i i i 1 i -i i i 1 i -i i i 1 i -i i 1 1 -1 i i 1 1 -1 i 
        i 1 1 -1 i i 1 1 -1 i i 1 1 -1 i i],

    [1 i i -i i 1 i i -i i 1 i i -i i 1 i i -i i 1 i i -i i 1 1 i i -1 1 1 i i 
        -1 1 1 i i -1 1 1 i i -1 1 1 i i -1],

    [-1 -1 i -i i -1 -1 i -i i -1 -1 i -i i -1 -1 i -i i -1 -1 i -i i i i -1 -i 
        -1 i i -1 -i -1 i i -1 -i -1 i i -1 -i -1 i i -1 -i -1],

    [-1 i -1 -i i -1 i -1 -i i -1 i -1 -i i -1 i -1 -i i -1 i -1 -i i 1 i -1 -1 
        -1 1 i -1 -1 -1 1 i -1 -1 -1 1 i -1 -1 -1 1 i -1 -1 -1],

    [-i -i -1 -i i -i -i -1 -i i -i -i -1 -i i -i -i -1 -i i -i -i -1 -i i -i -1
        -1 1 -i -i -1 -1 1 -i -i -1 -1 1 -i -i -1 -1 1 -i -i -1 -1 1 -i],

    [-i -1 -i -i i -i -1 -i -i i -i -1 -i -i i -i -1 -i -i i -i -1 -i -i i 1 -1 
        -1 -i -i 1 -1 -1 -i -i 1 -1 -1 -i -i 1 -1 -1 -i -i 1 -1 -1 -i -i],

    [1 -i 1 1 -1 1 -i 1 1 -1 1 -i 1 1 -1 1 -i 1 1 -1 1 -i 1 1 -1 i -i -i 1 1 i 
        -i -i 1 1 i -i -i 1 1 i -i -i 1 1 i -i -i 1 1],

    [i 1 i 1 -1 i 1 i 1 -1 i 1 i 1 -1 i 1 i 1 -1 i 1 i 1 -1 i 1 -i i i i 1 -i i 
        i i 1 -i i i i 1 -i i i i 1 -i i i],

    [1 i i 1 -1 1 i i 1 -1 1 i i 1 -1 1 i i 1 -1 1 i i 1 -1 i 1 1 i -1 i 1 1 i 
        -1 i 1 1 i -1 i 1 1 i -1 i 1 1 i -1],

    [-1 i -1 1 -1 -1 i -1 1 -1 -1 i -1 1 -1 -1 i -1 1 -1 -1 i -1 1 -1 i i -i -1 
        -1 i i -i -1 -1 i i -i -1 -1 i i -i -1 -1 i i -i -1 -1],

    [i -1 -1 1 -1 i -1 -1 1 -1 i -1 -1 1 -1 i -1 -1 1 -1 i -1 -1 1 -1 i i -1 -1 
        -i i i -1 -1 -i i i -1 -1 -i i i -1 -1 -i i i -1 -1 -i],

    [-i -i -1 1 -1 -i -i -1 1 -1 -i -i -1 1 -1 -i -i -1 1 -1 -i -i -1 1 -1 -1 -1
        -i 1 -i -1 -1 -i 1 -i -1 -1 -i 1 -i -1 -1 -i 1 -i -1 -1 -i 1 -i],

    [1 1 -i 1 -1 1 1 -i 1 -1 1 1 -i 1 -1 1 1 -i 1 -1 1 1 -i 1 -1 1 -i -i i 1 1 
        -i -i i 1 1 -i -i i 1 1 -i -i i 1 1 -i -i i 1],

    [-i -1 -i 1 -1 -i -1 -i 1 -1 -i -1 -i 1 -1 -i -1 -i 1 -1 -i -1 -i 1 -1 i -1 
        -i -i -i i -1 -i -i -i i -1 -i -i -i i -1 -i -i -i i -1 -i -i -i],

    [1 i 1 i -1 1 i 1 i -1 1 i 1 i -1 1 i 1 i -1 1 i 1 i -1 i -i 1 i i i -i 1 i 
        i i -i 1 i i i -i 1 i i i -i 1 i i],

    [-1 1 -1 i -1 -1 1 -1 i -1 -1 1 -1 i -1 -1 1 -1 i -1 -1 1 -1 i -1 -1 -1 -i i
        i -1 -1 -i i i -1 -1 -i i i -1 -1 -i i i -1 -1 -i i i],

    [-i i -1 i -1 -i i -1 i -1 -i i -1 i -1 -i i -1 i -1 -i i -1 i -1 -1 -1 1 i 
        -1 -1 -1 1 i -1 -1 -1 1 i -1 -1 -1 1 i -1 -1 -1 1 i -1],

    [1 -1 -1 i -1 1 -1 -1 i -1 1 -1 -1 i -1 1 -1 -1 i -1 1 -1 -1 i -1 -1 -1 i i 
        -i -1 -1 i i -i -1 -1 i i -i -1 -1 i i -i -1 -1 i i -i],

    [i -i -1 i -1 i -i -1 i -1 i -i -1 i -1 i -i -1 i -1 i -i -1 i -1 -1 -1 -1 i
        1 -1 -1 -1 i 1 -1 -1 -1 i 1 -1 -1 -1 i 1 -1 -1 -1 i 1],

    [-1 i -i i -1 -1 i -i i -1 -1 i -i i -1 -1 i -i i -1 -1 i -i i -1 i -1 -i -1
        i i -1 -i -1 i i -1 -i -1 i i -1 -i -1 i i -1 -i -1 i],

    [i -1 -i i -1 i -1 -i i -1 i -1 -i i -1 i -1 -i i -1 i -1 -i i -1 i -1 -1 -1
        1 i -1 -1 -1 1 i -1 -1 -1 1 i -1 -1 -1 1 i -1 -1 -1 1],

    [i -1 1 -1 -1 i -1 1 -1 -1 i -1 1 -1 -1 i -1 1 -1 -1 i -1 1 -1 -1 i -i -1 -1
        i i -i -1 -1 i i -i -1 -1 i i -i -1 -1 i i -i -1 -1 i],

    [1 -1 i -1 -1 1 -1 i -1 -1 1 -1 i -1 -1 1 -1 i -1 -1 1 -1 i -1 -1 -1 -i i i 
        -1 -1 -i i i -1 -1 -i i i -1 -1 -i i i -1 -1 -i i i -1],

    [i -i i -1 -1 i -i i -1 -1 i -i i -1 -1 i -i i -1 -1 i -i i -1 -1 -1 -i -1 i
        i -1 -i -1 i i -1 -i -1 i i -1 -i -1 i i -1 -i -1 i i],

    [-1 -1 -1 -1 -1 -1 -1 -1 -1 -1 -1 -1 -1 -1 -1 -1 -1 -1 -1 -1 -1 -1 -1 -1 -1 
        -1 -1 -1 -1 -1 -1 -1 -1 -1 -1 -1 -1 -1 -1 -1 -1 -1 -1 -1 -1 -1 -1 -1 -1 
        -1],

    [-i -1 1 -i -1 -i -1 1 -i -1 -i -1 1 -i -1 -i -1 1 -i -1 -i -1 1 -i -1 i -i 
        -i -i -1 i -i -i -i -1 i -i -i -i -1 i -i -i -i -1 i -i -i -i -1],

    [i -1 i -i -1 i -1 i -i -1 i -1 i -i -1 i -1 i -i -1 i -1 i -i -1 i 1 -1 -1 
        -1 i 1 -1 -1 -1 i 1 -1 -1 -1 i 1 -1 -1 -1 i 1 -1 -1 -1],

    [-i -i i -i -1 -i -i i -i -1 -i -i i -i -1 -i -i i -i -1 -i -i i -i -1 -1 -i
        -i 1 -1 -1 -i -i 1 -1 -1 -i -i 1 -1 -1 -i -i 1 -1 -1 -i -i 1 -1],

    [-i 1 -1 -i -1 -i 1 -1 -i -1 -i 1 -1 -i -1 -i 1 -1 -i -1 -i 1 -1 -i -1 -i -i
        -i i -1 -i -i -i i -1 -i -i -i i -1 -i -i -i i -1 -i -i -i i -1],

    [1 -i -1 -i -1 1 -i -1 -i -1 1 -i -1 -i -1 1 -i -1 -i -1 1 -i -1 -i -1 -i -i
        -1 i -i -i -i -1 i -i -i -i -1 i -i -i -i -1 i -i -i -i -1 i -i],

    [-i i -i -i -1 -i i -i -i -1 -i i -i -i -1 -i i -i -i -1 -i i -i -i -1 1 -i 
        -i -1 -1 1 -i -i -1 -1 1 -i -i -1 -1 1 -i -i -1 -1 1 -i -i -1 -1],

    [1 -1 -i -i -1 1 -1 -i -i -1 1 -1 -i -i -1 1 -1 -i -i -1 1 -1 -i -i -1 1 -i 
        -1 -1 -i 1 -i -1 -1 -i 1 -i -1 -1 -i 1 -i -1 -1 -i 1 -i -1 -1 -i],

    [1 -1 1 1 -i 1 -1 1 1 -i 1 -1 1 1 -i 1 -1 1 1 -i 1 -1 1 1 -i i 1 1 -i -i i 1
        1 -i -i i 1 1 -i -i i 1 1 -i -i i 1 1 -i -i],

    [i -i 1 1 -i i -i 1 1 -i i -i 1 1 -i i -i 1 1 -i i -i 1 1 -i i 1 -i -i 1 i 1
        -i -i 1 i 1 -i -i 1 i 1 -i -i 1 i 1 -i -i 1],

    [1 -i i 1 -i 1 -i i 1 -i 1 -i i 1 -i 1 -i i 1 -i 1 -i i 1 -i -1 1 1 1 -i -1 
        1 1 1 -i -1 1 1 1 -i -1 1 1 1 -i -1 1 1 1 -i],

    [1 1 -1 1 -i 1 1 -1 1 -i 1 1 -1 1 -i 1 1 -1 1 -i 1 1 -1 1 -i -i 1 1 i -i -i 
        1 1 i -i -i 1 1 i -i -i 1 1 i -i -i 1 1 i -i],

    [-1 -i -1 1 -i -1 -i -1 1 -i -1 -i -1 1 -i -1 -i -1 1 -i -1 -i -1 1 -i -1 i 
        -i -i -i -1 i -i -i -i -1 i -i -i -i -1 i -i -i -i -1 i -i -i -i],

    [i 1 -i 1 -i i 1 -i 1 -i i 1 -i 1 -i i 1 -i 1 -i i 1 -i 1 -i 1 1 -i -1 1 1 1
        -i -1 1 1 1 -i -1 1 1 1 -i -1 1 1 1 -i -1 1],

    [1 i -i 1 -i 1 i -i 1 -i 1 i -i 1 -i 1 i -i 1 -i 1 i -i 1 -i 1 1 1 -1 -i 1 1
        1 -1 -i 1 1 1 -1 -i 1 1 1 -1 -i 1 1 1 -1 -i],

    [i i 1 i -i i i 1 i -i i i 1 i -i i i 1 i -i i i 1 i -i i 1 1 -1 i i 1 1 -1 
        i i 1 1 -1 i i 1 1 -1 i i 1 1 -1 i],

    [1 -i 1 i -i 1 -i 1 i -i 1 -i 1 i -i 1 -i 1 i -i 1 -i 1 i -i -1 -i 1 1 1 -1 
        -i 1 1 1 -1 -i 1 1 1 -1 -i 1 1 1 -1 -i 1 1 1],

    [i 1 i i -i i 1 i i -i i 1 i i -i i 1 i i -i i 1 i i -i -1 1 1 i i -1 1 1 i 
        i -1 1 1 i i -1 1 1 i i -1 1 1 i i],

    [-1 i -1 i -i -1 i -1 i -i -1 i -1 i -i -1 i -1 i -i -1 i -1 i -i -1 i 1 -1 
        -1 -1 i 1 -1 -1 -1 i 1 -1 -1 -1 i 1 -1 -1 -1 i 1 -1 -1],

    [i -1 -1 i -i i -1 -1 i -i i -1 -1 i -i i -1 -1 i -i i -1 -1 i -i -1 i i -1 
        -i -1 i i -1 -i -1 i i -1 -i -1 i i -1 -i -1 i i -1 -i],

    [1 1 -i i -i 1 1 -i i -i 1 1 -i i -i 1 1 -i i -i 1 1 -i i -i -i -i 1 i 1 -i 
        -i 1 i 1 -i -i 1 i 1 -i -i 1 i 1 -i -i 1 i 1],

    [-i -1 -i i -i -i -1 -i i -i -i -1 -i i -i -i -1 -i i -i -i -1 -i i -i -1 -1
        1 -i -i -1 -1 1 -i -i -1 -1 1 -i -i -1 -1 1 -i -i -1 -1 1 -i -i],

    [-1 -i -i i -i -1 -i -i i -i -1 -i -i i -i -1 -i -i i -i -1 -i -i i -i -1 -1
        -i -i 1 -1 -1 -i -i 1 -1 -1 -i -i 1 -1 -1 -i -i 1 -1 -1 -i -i 1],

    [-i -1 1 -1 -i -i -1 1 -1 -i -i -1 1 -1 -i -i -1 1 -1 -i -i -1 1 -1 -i -1 -i
        1 -i -1 -1 -i 1 -i -1 -1 -i 1 -i -1 -1 -i 1 -i -1 -1 -i 1 -i -1],

    [-1 -i 1 -1 -i -1 -i 1 -1 -i -1 -i 1 -1 -i -1 -i 1 -1 -i -1 -i 1 -1 -i -1 -i
        -i -i i -1 -i -i -i i -1 -i -i -i i -1 -i -i -i i -1 -i -i -i i],

    [i -1 i -1 -i i -1 i -1 -i i -1 i -1 -i i -1 i -1 -i i -1 i -1 -i -1 1 i -1 
        -1 -1 1 i -1 -1 -1 1 i -1 -1 -1 1 i -1 -1 -1 1 i -1 -1],

    [-1 1 -i -1 -i -1 1 -i -1 -i -1 1 -i -1 -i -1 1 -i -1 -i -1 1 -i -1 -i -i -i
        -i -1 i -i -i -i -1 i -i -i -i -1 i -i -i -i -1 i -i -i -i -1 i],

    [-i i -i -1 -i -i i -i -1 -i -i i -i -1 -i -i i -i -1 -i -i i -i -1 -i -i -i
        1 -1 -1 -i -i 1 -1 -1 -i -i 1 -1 -1 -i -i 1 -1 -1 -i -i 1 -1 -1],

    [1 -1 -i -1 -i 1 -1 -i -1 -i 1 -1 -i -1 -i 1 -1 -i -1 -i 1 -1 -i -1 -i -i -i
        i -1 -i -i -i i -1 -i -i -i i -1 -i -i -i i -1 -i -i -i i -1 -i],

    [i -i -i -1 -i i -i -i -1 -i i -i -i -1 -i i -i -i -1 -i i -i -i -1 -i -i -i
        -1 -1 1 -i -i -1 -1 1 -i -i -1 -1 1 -i -i -1 -1 1 -i -i -1 -1 1],

    [-1 -i i -i -i -1 -i i -i -i -1 -i i -i -i -1 -i i -i -i -1 -i i -i -i -1 1 
        -i -i -1 -1 1 -i -i -1 -1 1 -i -i -1 -1 1 -i -i -1 -1 1 -i -i -1],

    [-1 1 -1 -i -i -1 1 -1 -i -i -1 1 -1 -i -i -1 1 -1 -i -i -1 1 -1 -i -i -i 1 
        -i -1 -1 -i 1 -i -1 -1 -i 1 -i -1 -1 -i 1 -i -1 -1 -i 1 -i -1 -1],

    [i -i -1 -i -i i -i -1 -i -i i -i -1 -i -i i -i -1 -i -i i -i -1 -i -i -i 1 
        -1 -1 -i -i 1 -1 -1 -i -i 1 -1 -1 -i -i 1 -1 -1 -i -i 1 -1 -1 -i],

    [-i -i -i -i -i -i -i -i -i -i -i -i -i -i -i -i -i -i -i -i -i -i -i -i -i 
        -i -i -i -i -i -i -i -i -i -i -i -i -i -i -i -i -i -i -i -i -i -i -i -i 
        -i]
]
Time elapsed for ev = 5*i + 5 : 0.4300 

**** For eigenvalue ev = -5*i + 5 ****
Eigenspace attached to this ev:  
Vector space of degree 50, dimension 5 over R
Echelonized basis:
(1 0 0 0 0 1 0 0 0 0 1 0 0 0 0 1 0 0 0 0 1 0 0 0 0 1/5*(-2*i - 1) 1/5*(3*i - 1) 
    1/5*(-2*i - 1) 1/5*(-2*i - 1) 1/5*(3*i - 1) 1/5*(-2*i - 1) 1/5*(3*i - 1) 
    1/5*(-2*i - 1) 1/5*(-2*i - 1) 1/5*(3*i - 1) 1/5*(-2*i - 1) 1/5*(3*i - 1) 
    1/5*(-2*i - 1) 1/5*(-2*i - 1) 1/5*(3*i - 1) 1/5*(-2*i - 1) 1/5*(3*i - 1) 
    1/5*(-2*i - 1) 1/5*(-2*i - 1) 1/5*(3*i - 1) 1/5*(-2*i - 1) 1/5*(3*i - 1) 
    1/5*(-2*i - 1) 1/5*(-2*i - 1) 1/5*(3*i - 1))
(0 1 0 0 0 0 1 0 0 0 0 1 0 0 0 0 1 0 0 0 0 1 0 0 0 1/5*(3*i - 1) 1/5*(-2*i - 1) 
    1/5*(3*i - 1) 1/5*(-2*i - 1) 1/5*(-2*i - 1) 1/5*(3*i - 1) 1/5*(-2*i - 1) 
    1/5*(3*i - 1) 1/5*(-2*i - 1) 1/5*(-2*i - 1) 1/5*(3*i - 1) 1/5*(-2*i - 1) 
    1/5*(3*i - 1) 1/5*(-2*i - 1) 1/5*(-2*i - 1) 1/5*(3*i - 1) 1/5*(-2*i - 1) 
    1/5*(3*i - 1) 1/5*(-2*i - 1) 1/5*(-2*i - 1) 1/5*(3*i - 1) 1/5*(-2*i - 1) 
    1/5*(3*i - 1) 1/5*(-2*i - 1) 1/5*(-2*i - 1))
(0 0 1 0 0 0 0 1 0 0 0 0 1 0 0 0 0 1 0 0 0 0 1 0 0 1/5*(-2*i - 1) 1/5*(3*i - 1) 
    1/5*(-2*i - 1) 1/5*(3*i - 1) 1/5*(-2*i - 1) 1/5*(-2*i - 1) 1/5*(3*i - 1) 
    1/5*(-2*i - 1) 1/5*(3*i - 1) 1/5*(-2*i - 1) 1/5*(-2*i - 1) 1/5*(3*i - 1) 
    1/5*(-2*i - 1) 1/5*(3*i - 1) 1/5*(-2*i - 1) 1/5*(-2*i - 1) 1/5*(3*i - 1) 
    1/5*(-2*i - 1) 1/5*(3*i - 1) 1/5*(-2*i - 1) 1/5*(-2*i - 1) 1/5*(3*i - 1) 
    1/5*(-2*i - 1) 1/5*(3*i - 1) 1/5*(-2*i - 1))
(0 0 0 1 0 0 0 0 1 0 0 0 0 1 0 0 0 0 1 0 0 0 0 1 0 1/5*(-2*i - 1) 1/5*(-2*i - 1)
    1/5*(3*i - 1) 1/5*(-2*i - 1) 1/5*(3*i - 1) 1/5*(-2*i - 1) 1/5*(-2*i - 1) 
    1/5*(3*i - 1) 1/5*(-2*i - 1) 1/5*(3*i - 1) 1/5*(-2*i - 1) 1/5*(-2*i - 1) 
    1/5*(3*i - 1) 1/5*(-2*i - 1) 1/5*(3*i - 1) 1/5*(-2*i - 1) 1/5*(-2*i - 1) 
    1/5*(3*i - 1) 1/5*(-2*i - 1) 1/5*(3*i - 1) 1/5*(-2*i - 1) 1/5*(-2*i - 1) 
    1/5*(3*i - 1) 1/5*(-2*i - 1) 1/5*(3*i - 1))
(0 0 0 0 1 0 0 0 0 1 0 0 0 0 1 0 0 0 0 1 0 0 0 0 1 1/5*(3*i - 1) 1/5*(-2*i - 1) 
    1/5*(-2*i - 1) 1/5*(3*i - 1) 1/5*(-2*i - 1) 1/5*(3*i - 1) 1/5*(-2*i - 1) 
    1/5*(-2*i - 1) 1/5*(3*i - 1) 1/5*(-2*i - 1) 1/5*(3*i - 1) 1/5*(-2*i - 1) 
    1/5*(-2*i - 1) 1/5*(3*i - 1) 1/5*(-2*i - 1) 1/5*(3*i - 1) 1/5*(-2*i - 1) 
    1/5*(-2*i - 1) 1/5*(3*i - 1) 1/5*(-2*i - 1) 1/5*(3*i - 1) 1/5*(-2*i - 1) 
    1/5*(-2*i - 1) 1/5*(3*i - 1) 1/5*(-2*i - 1))
Number of solutions: #S =  104
Solutions: #S =  [
    [1 1 1 1 1 1 1 1 1 1 1 1 1 1 1 1 1 1 1 1 1 1 1 1 1 -1 -1 -1 -1 -1 -1 -1 -1 
        -1 -1 -1 -1 -1 -1 -1 -1 -1 -1 -1 -1 -1 -1 -1 -1 -1],

    [-1 i 1 1 1 -1 i 1 1 1 -1 i 1 1 1 -1 i 1 1 1 -1 i 1 1 1 -1 -i -1 i -i -1 -i 
        -1 i -i -1 -i -1 i -i -1 -i -1 i -i -1 -i -1 i -i],

    [i -1 1 1 1 i -1 1 1 1 i -1 1 1 1 i -1 1 1 1 i -1 1 1 1 -i -1 -i i -1 -i -1 
        -i i -1 -i -1 -i i -1 -i -1 -i i -1 -i -1 -i i -1],

    [-i i i 1 1 -i i i 1 1 -i i i 1 1 -i i i 1 1 -i i i 1 1 -1 -i -1 -1 1 -1 -i 
        -1 -1 1 -1 -i -1 -1 1 -1 -i -1 -1 1 -1 -i -1 -1 1],

    [1 -1 i 1 1 1 -1 i 1 1 1 -1 i 1 1 1 -1 i 1 1 1 -1 i 1 1 -i -1 -i -1 i -i -1 
        -i -1 i -i -1 -i -1 i -i -1 -i -1 i -i -1 -i -1 i],

    [1 i -1 1 1 1 i -1 1 1 1 i -1 1 1 1 i -1 1 1 1 i -1 1 1 -1 -i -1 -i i -1 -i 
        -1 -i i -1 -i -1 -i i -1 -i -1 -i i -1 -i -1 -i i],

    [-i -i -1 1 1 -i -i -1 1 1 -i -i -1 1 1 -i -i -1 1 1 -i -i -1 1 1 i -i i -1 
        i i -i i -1 i i -i i -1 i i -i i -1 i i -i i -1 i],

    [i i -i 1 1 i i -i 1 1 i i -i 1 1 i i -i 1 1 i i -i 1 1 -1 -i -1 1 -1 -1 -i 
        -1 1 -1 -1 -i -1 1 -1 -1 -i -1 1 -1 -1 -i -1 1 -1],

    [-i -1 -i 1 1 -i -1 -i 1 1 -i -1 -i 1 1 -i -1 -i 1 1 -i -1 -i 1 1 -1 1 -1 i 
        i -1 1 -1 i i -1 1 -1 i i -1 1 -1 i i -1 1 -1 i i],

    [-1 -i -i 1 1 -1 -i -i 1 1 -1 -i -i 1 1 -1 -i -i 1 1 -1 -i -i 1 1 i -i i i 
        -1 i -i i i -1 i -i i i -1 i -i i i -1 i -i i i -1],

    [-i 1 i i 1 -i 1 i i 1 -i 1 i i 1 -i 1 i i 1 -i 1 i i 1 i -i -1 -1 -i i -i 
        -1 -1 -i i -i -1 -1 -i i -i -1 -1 -i i -i -1 -1 -i],

    [-1 -1 i i 1 -1 -1 i i 1 -1 -1 i i 1 -1 -1 i i 1 -1 -1 i i 1 1 -i -i i -i 1 
        -i -i i -i 1 -i -i i -i 1 -i -i i -i 1 -i -i i -i],

    [1 -i i i 1 1 -i i i 1 1 -i i i 1 1 -i i i 1 1 -i i i 1 1 -1 -i -1 -1 1 -1 
        -i -1 -1 1 -1 -i -1 -1 1 -1 -i -1 -1 1 -1 -i -1 -1],

    [1 1 -1 i 1 1 1 -1 i 1 1 1 -1 i 1 1 1 -1 i 1 1 1 -1 i 1 i -i -1 -i -1 i -i 
        -1 -i -1 i -i -1 -i -1 i -i -1 -i -1 i -i -1 -i -1],

    [i -1 -1 i 1 i -1 -1 i 1 i -1 -1 i 1 i -1 -1 i 1 i -1 -1 i 1 1 -i -i 1 -1 1 
        -i -i 1 -1 1 -i -i 1 -1 1 -i -i 1 -1 1 -i -i 1 -1],

    [-i -i -i i 1 -i -i -i i 1 -i -i -i i 1 -i -i -i i 1 -i -i -i i 1 i 1 -1 i 
        -1 i 1 -1 i -1 i 1 -1 i -1 i 1 -1 i -1 i 1 -1 i -1],

    [1 1 i -1 1 1 1 i -1 1 1 1 i -1 1 1 1 i -1 1 1 1 i -1 1 i -1 -i -1 -i i -1 
        -i -1 -i i -1 -i -1 -i i -1 -i -1 -i i -1 -i -1 -i],

    [i i -1 -1 1 i i -1 -1 1 i i -1 -1 1 i i -1 -1 1 i i -1 -1 1 i -i -i 1 -i i 
        -i -i 1 -i i -i -i 1 -i i -i -i 1 -i i -i -i 1 -i],

    [-i -1 -1 -1 1 -i -1 -1 -1 1 -i -1 -1 -1 1 -i -1 -1 -1 1 -i -1 -1 -1 1 i 1 
        -i i 1 i 1 -i i 1 i 1 -i i 1 i 1 -i i 1 i 1 -i i 1],

    [1 -i -i -1 1 1 -i -i -1 1 1 -i -i -1 1 1 -i -i -1 1 1 -i -i -1 1 i i -i i 
        -1 i i -i i -1 i i -i i -1 i i -i i -1 i i -i i -1],

    [i i 1 -i 1 i i 1 -i 1 i i 1 -i 1 i i 1 -i 1 i i 1 -i 1 -1 -1 -i i -i -1 -1 
        -i i -i -1 -1 -i i -i -1 -1 -i i -i -1 -1 -i i -i],

    [1 i i -i 1 1 i i -i 1 1 i i -i 1 1 i i -i 1 1 i i -i 1 -1 -1 -i -1 1 -1 -1 
        -i -1 1 -1 -1 -i -1 1 -1 -1 -i -1 1 -1 -1 -i -1 1],

    [-1 -1 -1 -i 1 -1 -1 -1 -i 1 -1 -1 -1 -i 1 -1 -1 -1 -i 1 -1 -1 -1 -i 1 i -i 
        1 i 1 i -i 1 i 1 i -i 1 i 1 i -i 1 i 1 i -i 1 i 1],

    [1 -i -1 -i 1 1 -i -1 -i 1 1 -i -1 -i 1 1 -i -1 -i 1 1 -i -1 -i 1 i -1 1 -1 
        i i -1 1 -1 i i -1 1 -1 i i -1 1 -1 i i -1 1 -1 i],

    [1 -1 -i -i 1 1 -1 -i -i 1 1 -1 -i -i 1 1 -1 -i -i 1 1 -1 -i -i 1 -1 i -i i 
        i -1 i -i i i -1 i -i i i -1 i -i i i -1 i -i i i],

    [i -i -i -i 1 i -i -i -i 1 i -i -i -i 1 i -i -i -i 1 i -i -i -i 1 i -1 1 i 
        -1 i -1 1 i -1 i -1 1 i -1 i -1 1 i -1 i -1 1 i -1],

    [-1 1 1 1 i -1 1 1 1 i -1 1 1 1 i -1 1 1 1 i -1 1 1 1 i -1 -i i -1 -i -1 -i 
        i -1 -i -1 -i i -1 -i -1 -i i -1 -i -1 -i i -1 -i],

    [i -i 1 1 i i -i 1 1 i i -i 1 1 i i -i 1 1 i i -i 1 1 i -i -1 1 -1 -1 -i -1 
        1 -1 -1 -i -1 1 -1 -1 -i -1 1 -1 -1 -i -1 1 -1 -1],

    [-1 -1 i 1 i -1 -1 i 1 i -1 -1 i 1 i -1 -1 i 1 i -1 -1 i 1 i -i -i 1 -1 1 -i
        -i 1 -1 1 -i -i 1 -1 1 -i -i 1 -1 1 -i -i 1 -1 1],

    [i -1 -1 1 i i -1 -1 1 i i -1 -1 1 i i -1 -1 1 i i -1 -1 1 i -i -i 1 -i i -i
        -i 1 -i i -i -i 1 -i i -i -i 1 -i i -i -i 1 -i i],

    [i 1 -i 1 i i 1 -i 1 i i 1 -i 1 i i 1 -i 1 i i 1 -i 1 i -1 -i i -i -1 -1 -i 
        i -i -1 -1 -i i -i -1 -1 -i i -i -1 -1 -i i -i -1],

    [-i -i -i 1 i -i -i -i 1 i -i -i -i 1 i -i -i -i 1 i -i -i -i 1 i -1 1 i -1 
        i -1 1 i -1 i -1 1 i -1 i -1 1 i -1 i -1 1 i -1 i],

    [-i 1 1 i i -i 1 1 i i -i 1 1 i i -i 1 1 i i -i 1 1 i i -1 1 -1 -1 -i -1 1 
        -1 -1 -i -1 1 -1 -1 -i -1 1 -1 -1 -i -1 1 -1 -1 -i],

    [-1 -1 1 i i -1 -1 1 i i -1 -1 1 i i -1 -1 1 i i -1 -1 1 i i -i 1 -i i -i -i
        1 -i i -i -i 1 -i i -i -i 1 -i i -i -i 1 -i i -i],

    [1 -i 1 i i 1 -i 1 i i 1 -i 1 i i 1 -i 1 i i 1 -i 1 i i -i i -i -1 -1 -i i 
        -i -1 -1 -i i -i -1 -1 -i i -i -1 -1 -i i -i -1 -1],

    [i i i i i i i i i i i i i i i i i i i i i i i i i -i -i -i -i -i -i -i -i 
        -i -i -i -i -i -i -i -i -i -i -i -i -i -i -i -i -i],

    [-i -1 i i i -i -1 i i i -i -1 i i i -i -1 i i i -i -1 i i i -i 1 -i -1 1 -i
        1 -i -1 1 -i 1 -i -1 1 -i 1 -i -1 1 -i 1 -i -1 1],

    [-1 -i i i i -1 -i i i i -1 -i i i i -1 -i i i i -1 -i i i i 1 -i 1 -1 -i 1 
        -i 1 -1 -i 1 -i 1 -1 -i 1 -i 1 -1 -i 1 -i 1 -1 -i],

    [1 -1 -1 i i 1 -1 -1 i i 1 -1 -1 i i 1 -1 -1 i i 1 -1 -1 i i -i 1 -i -i i -i
        1 -i -i i -i 1 -i -i i -i 1 -i -i i -i 1 -i -i i],

    [i -i -1 i i i -i -1 i i i -i -1 i i i -i -1 i i i -i -1 i i 1 -i 1 -i -1 1 
        -i 1 -i -1 1 -i 1 -i -1 1 -i 1 -i -1 1 -i 1 -i -1],

    [1 1 -i i i 1 1 -i i i 1 1 -i i i 1 1 -i i i 1 1 -i i i -1 1 -1 -i -1 -1 1 
        -1 -i -1 -1 1 -1 -i -1 -1 1 -1 -i -1 -1 1 -1 -i -1],

    [i -1 -i i i i -1 -i i i i -1 -i i i i -1 -i i i i -1 -i i i -i 1 -i 1 -1 -i
        1 -i 1 -1 -i 1 -i 1 -1 -i 1 -i 1 -1 -i 1 -i 1 -1],

    [1 1 1 -1 i 1 1 1 -1 i 1 1 1 -1 i 1 1 1 -1 i 1 1 1 -1 i -1 i -i -1 -i -1 i 
        -i -1 -i -1 i -i -1 -i -1 i -i -1 -i -1 i -i -1 -i],

    [i 1 -1 -1 i i 1 -1 -1 i i 1 -1 -1 i i 1 -1 -1 i i 1 -1 -1 i i -i 1 -i -i i 
        -i 1 -i -i i -i 1 -i -i i -i 1 -i -i i -i 1 -i -i],

    [1 i -1 -1 i 1 i -1 -1 i 1 i -1 -1 i 1 i -1 -1 i 1 i -1 -1 i -1 1 -i -i 1 -1
        1 -i -i 1 -1 1 -i -i 1 -1 1 -i -i 1 -1 1 -i -i 1],

    [-i -i -1 -1 i -i -i -1 -1 i -i -i -1 -1 i -i -i -1 -1 i -i -i -1 -1 i i 1 1
        -1 1 i 1 1 -1 1 i 1 1 -1 1 i 1 1 -1 1 i 1 1 -1 1],

    [i i -i -1 i i i -i -1 i i i -i -1 i i i -i -1 i i i -i -1 i -1 1 -i 1 -i -1
        1 -i 1 -i -1 1 -i 1 -i -1 1 -i 1 -i -1 1 -i 1 -i],

    [-1 -i -i -1 i -1 -i -i -1 i -1 -i -i -1 i -1 -i -i -1 i -1 -i -i -1 i i 1 1
        i -i i 1 1 i -i i 1 1 i -i i 1 1 i -i i 1 1 i -i],

    [i 1 1 -i i i 1 1 -i i i 1 1 -i i i 1 1 -i i i 1 1 -i i -1 -1 1 -1 -i -1 -1 
        1 -1 -i -1 -1 1 -1 -i -1 -1 1 -1 -i -1 -1 1 -1 -i],

    [i i -1 -i i i i -1 -i i i i -1 -i i i i -1 -i i i i -1 -i i -1 -i 1 -i 1 -1
        -i 1 -i 1 -1 -i 1 -i 1 -1 -i 1 -i 1 -1 -i 1 -i 1],

    [-1 -1 -i -i i -1 -1 -i -i i -1 -1 -i -i i -1 -1 -i -i i -1 -1 -i -i i -1 1 
        1 i 1 -1 1 1 i 1 -1 1 1 i 1 -1 1 1 i 1 -1 1 1 i 1],

    [1 -i -i -i i 1 -i -i -i i 1 -i -i -i i 1 -i -i -i i 1 -i -i -i i -1 i 1 -1 
        i -1 i 1 -1 i -1 i 1 -1 i -1 i 1 -1 i -1 i 1 -1 i],

    [i 1 1 1 -1 i 1 1 1 -1 i 1 1 1 -1 i 1 1 1 -1 i 1 1 1 -1 -i -1 i -i -1 -i -1 
        i -i -1 -i -1 i -i -1 -i -1 i -i -1 -i -1 i -i -1],

    [-i -i 1 1 -1 -i -i 1 1 -1 -i -i 1 1 -1 -i -i 1 1 -1 -i -i 1 1 -1 -i i i -1 
        i -i i i -1 i -i i i -1 i -i i i -1 i -i i i -1 i],

    [-1 i i 1 -1 -1 i i 1 -1 -1 i i 1 -1 -1 i i 1 -1 -1 i i 1 -1 -i -i i -i 1 -i
        -i i -i 1 -i -i i -i 1 -i -i i -i 1 -i -i i -i 1],

    [-1 -1 -i 1 -1 -1 -1 -i 1 -1 -1 -1 -i 1 -1 -1 -1 -i 1 -1 -1 -1 -i 1 -1 -i 1 
        i 1 i -i 1 i 1 i -i 1 i 1 i -i 1 i 1 i -i 1 i 1 i],

    [1 1 1 i -1 1 1 1 i -1 1 1 1 i -1 1 1 1 i -1 1 1 1 i -1 -i i -1 -i -1 -i i 
        -1 -i -1 -i i -1 -i -1 -i i -1 -i -1 -i i -1 -i -1],

    [-1 i 1 i -1 -1 i 1 i -1 -1 i 1 i -1 -1 i 1 i -1 -1 i 1 i -1 -i 1 -1 1 -i -i
        1 -1 1 -i -i 1 -1 1 -i -i 1 -1 1 -i -i 1 -1 1 -i],

    [-1 1 i i -1 -1 1 i i -1 -1 1 i i -1 -1 1 i i -1 -1 1 i i -1 1 -i i -i -i 1 
        -i i -i -i 1 -i i -i -i 1 -i i -i -i 1 -i i -i -i],

    [-i i i i -1 -i i i i -1 -i i i i -1 -i i i i -1 -i i i i -1 -i 1 -1 -i 1 -i
        1 -1 -i 1 -i 1 -1 -i 1 -i 1 -1 -i 1 -i 1 -1 -i 1],

    [-i -i -1 i -1 -i -i -1 i -1 -i -i -1 i -1 -i -i -1 i -1 -i -i -1 i -1 1 1 i
        -i i 1 1 i -i i 1 1 i -i i 1 1 i -i i 1 1 i -i i],

    [-1 -i -i i -1 -1 -i -i i -1 -1 -i -i i -1 -1 -i -i i -1 -1 -i -i i -1 1 1 i
        1 -1 1 1 i 1 -1 1 1 i 1 -1 1 1 i 1 -1 1 1 i 1 -1],

    [i i 1 -1 -1 i i 1 -1 -1 i i 1 -1 -1 i i 1 -1 -1 i i 1 -1 -1 -i i -i 1 -i -i
        i -i 1 -i -i i -i 1 -i -i i -i 1 -i -i i -i 1 -i],

    [-1 -i 1 -1 -1 -1 -i 1 -1 -1 -1 -i 1 -1 -1 -1 -i 1 -1 -1 -1 -i 1 -1 -1 1 i 1
        i -i 1 i 1 i -i 1 i 1 i -i 1 i 1 i -i 1 i 1 i -i],

    [i 1 i -1 -1 i 1 i -1 -1 i 1 i -1 -1 i 1 i -1 -1 i 1 i -1 -1 1 -1 1 -i -i 1 
        -1 1 -i -i 1 -1 1 -i -i 1 -1 1 -i -i 1 -1 1 -i -i],

    [1 i i -1 -1 1 i i -1 -1 1 i i -1 -1 1 i i -1 -1 1 i i -1 -1 -i i -i -i 1 -i
        i -i -i 1 -i i -i -i 1 -i i -i -i 1 -i i -i -i 1],

    [-i -i i -1 -1 -i -i i -1 -1 -i -i i -1 -1 -i -i i -1 -1 -i -i i -1 -1 1 i 1
        -1 1 1 i 1 -1 1 1 i 1 -1 1 1 i 1 -1 1 1 i 1 -1 1],

    [-i 1 -1 -1 -1 -i 1 -1 -1 -1 -i 1 -1 -1 -1 -i 1 -1 -1 -1 -i 1 -1 -1 -1 i 1 i
        -i 1 i 1 i -i 1 i 1 i -i 1 i 1 i -i 1 i 1 i -i 1],

    [-1 -1 -1 -1 -1 -1 -1 -1 -1 -1 -1 -1 -1 -1 -1 -1 -1 -1 -1 -1 -1 -1 -1 -1 -1 
        1 1 1 1 1 1 1 1 1 1 1 1 1 1 1 1 1 1 1 1 1 1 1 1 1],

    [1 -i -1 -1 -1 1 -i -1 -1 -1 1 -i -1 -1 -1 1 -i -1 -1 -1 1 -i -1 -1 -1 1 i 1
        -i i 1 i 1 -i i 1 i 1 -i i 1 i 1 -i i 1 i 1 -i i],

    [-1 1 -i -1 -1 -1 1 -i -1 -1 -1 1 -i -1 -1 -1 1 -i -1 -1 -1 1 -i -1 -1 i 1 i
        1 -i i 1 i 1 -i i 1 i 1 -i i 1 i 1 -i i 1 i 1 -i],

    [i -i -i -1 -1 i -i -i -1 -1 i -i -i -1 -1 i -i -i -1 -1 i -i -i -1 -1 1 i 1
        1 -1 1 i 1 1 -1 1 i 1 1 -1 1 i 1 1 -1 1 i 1 1 -1],

    [-i 1 1 -i -1 -i 1 1 -i -1 -i 1 1 -i -1 -i 1 1 -i -1 -i 1 1 -i -1 -1 i i -1 
        1 -1 i i -1 1 -1 i i -1 1 -1 i i -1 1 -1 i i -1 1],

    [-1 -1 1 -i -1 -1 -1 1 -i -1 -1 -1 1 -i -1 -1 -1 1 -i -1 -1 -1 1 -i -1 -i i 
        1 i 1 -i i 1 i 1 -i i 1 i 1 -i i 1 i 1 -i i 1 i 1],

    [i i i -i -1 i i i -i -1 i i i -i -1 i i i -i -1 i i i -i -1 -i -1 1 -i 1 -i
        -1 1 -i 1 -i -1 1 -i 1 -i -1 1 -i 1 -i -1 1 -i 1],

    [1 1 -i -i -1 1 1 -i -i -1 1 1 -i -i -1 1 1 -i -i -1 1 1 -i -i -1 -1 i i -i 
        i -1 i i -i i -1 i i -i i -1 i i -i i -1 i i -i i],

    [-1 i -i -i -1 -1 i -i -i -1 -1 i -i -i -1 -1 i -i -i -1 -1 i -i -i -1 -1 1 
        i 1 1 -1 1 i 1 1 -1 1 i 1 1 -1 1 i 1 1 -1 1 i 1 1],

    [i -1 -i -i -1 i -1 -i -i -1 i -1 -i -i -1 i -1 -i -i -1 i -1 -i -i -1 -i i 
        1 1 i -i i 1 1 i -i i 1 1 i -i i 1 1 i -i i 1 1 i],

    [i i 1 1 -i i i 1 1 -i i i 1 1 -i i i 1 1 -i i i 1 1 -i -i -1 -1 1 -1 -i -1 
        -1 1 -1 -i -1 -1 1 -1 -i -1 -1 1 -1 -i -1 -1 1 -1],

    [-i -1 1 1 -i -i -1 1 1 -i -i -1 1 1 -i -i -1 1 1 -i -i -1 1 1 -i -i i -1 i 
        i -i i -1 i i -i i -1 i i -i i -1 i i -i i -1 i i],

    [-1 -i 1 1 -i -1 -i 1 1 -i -1 -i 1 1 -i -1 -i 1 1 -i -1 -i 1 1 -i 1 -1 i i 
        -1 1 -1 i i -1 1 -1 i i -1 1 -1 i i -1 1 -1 i i -1],

    [1 i i 1 -i 1 i i 1 -i 1 i i 1 -i 1 i i 1 -i 1 i i 1 -i -i -1 -1 -i i -i -1 
        -1 -i i -i -1 -1 -i i -i -1 -1 -i i -i -1 -1 -i i],

    [-i -i i 1 -i -i -i i 1 -i -i -i i 1 -i -i -i i 1 -i -i -i i 1 -i 1 -1 i -1 
        i 1 -1 i -1 i 1 -1 i -1 i 1 -1 i -1 i 1 -1 i -1 i],

    [-1 -1 -1 1 -i -1 -1 -1 1 -i -1 -1 -1 1 -i -1 -1 -1 1 -i -1 -1 -1 1 -i 1 -i 
        i 1 i 1 -i i 1 i 1 -i i 1 i 1 -i i 1 i 1 -i i 1 i],

    [-i -i 1 i -i -i -i 1 i -i -i -i 1 i -i -i -i 1 i -i -i -i 1 i -i 1 i -1 i 
        -1 1 i -1 i -1 1 i -1 i -1 1 i -1 i -1 1 i -1 i -1],

    [1 1 i i -i 1 1 i i -i 1 1 i i -i 1 1 i i -i 1 1 i i -i 1 -1 -1 -i -1 1 -1 
        -1 -i -1 1 -1 -1 -i -1 1 -1 -1 -i -1 1 -1 -1 -i -1],

    [-1 i i i -i -1 i i i -i -1 i i i -i -1 i i i -i -1 i i i -i 1 -i -1 1 -i 1 
        -i -1 1 -i 1 -i -1 1 -i 1 -i -1 1 -i 1 -i -1 1 -i],

    [-i -1 -1 i -i -i -1 -1 i -i -i -1 -1 i -i -i -1 -1 i -i -i -1 -1 i -i 1 1 
        -1 1 i 1 1 -1 1 i 1 1 -1 1 i 1 1 -1 1 i 1 1 -1 1 i],

    [-i 1 1 -1 -i -i 1 1 -1 -i -i 1 1 -1 -i -i 1 1 -1 -i -i 1 1 -1 -i i i -1 i 
        -i i i -1 i -i i i -1 i -i i i -1 i -i i i -1 i -i],

    [i i i -1 -i i i i -1 -i i i i -1 -i i i i -1 -i i i i -1 -i 1 -1 -i 1 -i 1 
        -1 -i 1 -i 1 -1 -i 1 -i 1 -1 -i 1 -i 1 -1 -i 1 -i],

    [-i -1 i -1 -i -i -1 i -1 -i -i -1 i -1 -i -i -1 i -1 -i -i -1 i -1 -i 1 i 
        -i i 1 1 i -i i 1 1 i -i i 1 1 i -i i 1 1 i -i i 1],

    [-i i -1 -1 -i -i i -1 -1 -i -i i -1 -1 -i -i i -1 -1 -i -i i -1 -1 -i i 1 
        -1 1 1 i 1 -1 1 1 i 1 -1 1 1 i 1 -1 1 1 i 1 -1 1 1],

    [1 -1 -1 -1 -i 1 -1 -1 -1 -i 1 -1 -1 -1 -i 1 -1 -1 -1 -i 1 -1 -1 -1 -i 1 i 
        -i 1 i 1 i -i 1 i 1 i -i 1 i 1 i -i 1 i 1 i -i 1 i],

    [1 1 -i -1 -i 1 1 -i -1 -i 1 1 -i -1 -i 1 1 -i -1 -i 1 1 -i -1 -i i i -1 1 
        -1 i i -1 1 -1 i i -1 1 -1 i i -1 1 -1 i i -1 1 -1],

    [-1 1 1 -i -i -1 1 1 -i -i -1 1 1 -i -i -1 1 1 -i -i -1 1 1 -i -i i -1 i i 
        -i i -1 i i -i i -1 i i -i i -1 i i -i i -1 i i -i],

    [-i i 1 -i -i -i i 1 -i -i -i i 1 -i -i -i i 1 -i -i -i i 1 -i -i -1 i -1 i 
        1 -1 i -1 i 1 -1 i -1 i 1 -1 i -1 i 1 -1 i -1 i 1],

    [-i 1 i -i -i -i 1 i -i -i -i 1 i -i -i -i 1 i -i -i -i 1 i -i -i i -1 i -1 
        1 i -1 i -1 1 i -1 i -1 1 i -1 i -1 1 i -1 i -1 1],

    [-1 -1 i -i -i -1 -1 i -i -i -1 -1 i -i -i -1 -1 i -i -i -1 -1 i -i -i 1 -1 
        1 i 1 1 -1 1 i 1 1 -1 1 i 1 1 -1 1 i 1 1 -1 1 i 1],

    [1 1 -1 -i -i 1 1 -1 -i -i 1 1 -1 -i -i 1 1 -1 -i -i 1 1 -1 -i -i i -1 i -i 
        i i -1 i -i i i -1 i -i i i -1 i -i i i -1 i -i i],

    [-1 i -1 -i -i -1 i -1 -i -i -1 i -1 -i -i -1 i -1 -i -i -1 i -1 -i -i i -i 
        i 1 1 i -i i 1 1 i -i i 1 1 i -i i 1 1 i -i i 1 1],

    [i -1 -1 -i -i i -1 -1 -i -i i -1 -1 -i -i i -1 -1 -i -i i -1 -1 -i -i 1 -1 
        1 1 i 1 -1 1 1 i 1 -1 1 1 i 1 -1 1 1 i 1 -1 1 1 i],

    [i 1 -i -i -i i 1 -i -i -i i 1 -i -i -i i 1 -i -i -i i 1 -i -i -i i -1 i 1 
        -1 i -1 i 1 -1 i -1 i 1 -1 i -1 i 1 -1 i -1 i 1 -1],

    [1 i -i -i -i 1 i -i -i -i 1 i -i -i -i 1 i -i -i -i 1 i -i -i -i -1 i -1 1 
        i -1 i -1 1 i -1 i -1 1 i -1 i -1 1 i -1 i -1 1 i],

    [-i -i -i -i -i -i -i -i -i -i -i -i -i -i -i -i -i -i -i -i -i -i -i -i -i 
        i i i i i i i i i i i i i i i i i i i i i i i i i]
]
Time elapsed for ev = -5*i + 5 : 0.4400 
Time elapsed for i = 4 : 1.1800 

========================= For  5 -th Matrix =========================
All eigenvalues:  [
    <5*i + 5, 1>,
    <-5*i + 5, 1>
]

**** For eigenvalue ev = 5*i + 5 ****
Eigenspace attached to this ev:  
Vector space of degree 50, dimension 1 over R
Echelonized basis:
(1 1 1 1 1 1 1 1 1 1 1 1 1 1 1 1 1 1 1 1 1 1 1 1 1 1 1 1 1 1 1 1 1 1 1 1 1 1 1 1
    1 1 1 1 1 1 1 1 1 1)
Number of solutions: #S =  4
Solutions: #S =  [
    [1 1 1 1 1 1 1 1 1 1 1 1 1 1 1 1 1 1 1 1 1 1 1 1 1 1 1 1 1 1 1 1 1 1 1 1 1 1
        1 1 1 1 1 1 1 1 1 1 1 1],

    [i i i i i i i i i i i i i i i i i i i i i i i i i i i i i i i i i i i i i i
        i i i i i i i i i i i i],

    [-1 -1 -1 -1 -1 -1 -1 -1 -1 -1 -1 -1 -1 -1 -1 -1 -1 -1 -1 -1 -1 -1 -1 -1 -1 
        -1 -1 -1 -1 -1 -1 -1 -1 -1 -1 -1 -1 -1 -1 -1 -1 -1 -1 -1 -1 -1 -1 -1 -1 
        -1],

    [-i -i -i -i -i -i -i -i -i -i -i -i -i -i -i -i -i -i -i -i -i -i -i -i -i 
        -i -i -i -i -i -i -i -i -i -i -i -i -i -i -i -i -i -i -i -i -i -i -i -i 
        -i]
]
Time elapsed for ev = 5*i + 5 : 0.0100 

**** For eigenvalue ev = -5*i + 5 ****
Eigenspace attached to this ev:  
Vector space of degree 50, dimension 1 over R
Echelonized basis:
(1 1 1 1 1 1 1 1 1 1 1 1 1 1 1 1 1 1 1 1 1 1 1 1 1 -1 -1 -1 -1 -1 -1 -1 -1 -1 -1
    -1 -1 -1 -1 -1 -1 -1 -1 -1 -1 -1 -1 -1 -1 -1)
Number of solutions: #S =  4
Solutions: #S =  [
    [1 1 1 1 1 1 1 1 1 1 1 1 1 1 1 1 1 1 1 1 1 1 1 1 1 -1 -1 -1 -1 -1 -1 -1 -1 
        -1 -1 -1 -1 -1 -1 -1 -1 -1 -1 -1 -1 -1 -1 -1 -1 -1],

    [i i i i i i i i i i i i i i i i i i i i i i i i i -i -i -i -i -i -i -i -i 
        -i -i -i -i -i -i -i -i -i -i -i -i -i -i -i -i -i],

    [-1 -1 -1 -1 -1 -1 -1 -1 -1 -1 -1 -1 -1 -1 -1 -1 -1 -1 -1 -1 -1 -1 -1 -1 -1 
        1 1 1 1 1 1 1 1 1 1 1 1 1 1 1 1 1 1 1 1 1 1 1 1 1],

    [-i -i -i -i -i -i -i -i -i -i -i -i -i -i -i -i -i -i -i -i -i -i -i -i -i 
        i i i i i i i i i i i i i i i i i i i i i i i i i]
]
Time elapsed for ev = -5*i + 5 : 0.0100 
Time elapsed for i = 5 : 2.0000 

========================= For  6 -th Matrix =========================
All eigenvalues:  [
    <5*i + 5, 5>,
    <-5*i + 5, 5>
]

**** For eigenvalue ev = 5*i + 5 ****
Eigenspace attached to this ev:  
Vector space of degree 50, dimension 5 over R
Echelonized basis:
(1 0 0 0 0 1 0 0 0 0 1 0 0 0 0 1 0 0 0 0 1 0 0 0 0 1/5*(-2*i + 1) 1/5*(-2*i + 1)
    1/5*(3*i + 1) 1/5*(3*i + 1) 1/5*(-2*i + 1) 1/5*(-2*i + 1) 1/5*(-2*i + 1) 
    1/5*(3*i + 1) 1/5*(3*i + 1) 1/5*(-2*i + 1) 1/5*(-2*i + 1) 1/5*(-2*i + 1) 
    1/5*(3*i + 1) 1/5*(3*i + 1) 1/5*(-2*i + 1) 1/5*(-2*i + 1) 1/5*(-2*i + 1) 
    1/5*(3*i + 1) 1/5*(3*i + 1) 1/5*(-2*i + 1) 1/5*(-2*i + 1) 1/5*(-2*i + 1) 
    1/5*(3*i + 1) 1/5*(3*i + 1) 1/5*(-2*i + 1))
(0 1 0 0 0 0 1 0 0 0 0 1 0 0 0 0 1 0 0 0 0 1 0 0 0 1/5*(-2*i + 1) 1/5*(-2*i + 1)
    1/5*(-2*i + 1) 1/5*(3*i + 1) 1/5*(3*i + 1) 1/5*(-2*i + 1) 1/5*(-2*i + 1) 
    1/5*(-2*i + 1) 1/5*(3*i + 1) 1/5*(3*i + 1) 1/5*(-2*i + 1) 1/5*(-2*i + 1) 
    1/5*(-2*i + 1) 1/5*(3*i + 1) 1/5*(3*i + 1) 1/5*(-2*i + 1) 1/5*(-2*i + 1) 
    1/5*(-2*i + 1) 1/5*(3*i + 1) 1/5*(3*i + 1) 1/5*(-2*i + 1) 1/5*(-2*i + 1) 
    1/5*(-2*i + 1) 1/5*(3*i + 1) 1/5*(3*i + 1))
(0 0 1 0 0 0 0 1 0 0 0 0 1 0 0 0 0 1 0 0 0 0 1 0 0 1/5*(3*i + 1) 1/5*(-2*i + 1) 
    1/5*(-2*i + 1) 1/5*(-2*i + 1) 1/5*(3*i + 1) 1/5*(3*i + 1) 1/5*(-2*i + 1) 
    1/5*(-2*i + 1) 1/5*(-2*i + 1) 1/5*(3*i + 1) 1/5*(3*i + 1) 1/5*(-2*i + 1) 
    1/5*(-2*i + 1) 1/5*(-2*i + 1) 1/5*(3*i + 1) 1/5*(3*i + 1) 1/5*(-2*i + 1) 
    1/5*(-2*i + 1) 1/5*(-2*i + 1) 1/5*(3*i + 1) 1/5*(3*i + 1) 1/5*(-2*i + 1) 
    1/5*(-2*i + 1) 1/5*(-2*i + 1) 1/5*(3*i + 1))
(0 0 0 1 0 0 0 0 1 0 0 0 0 1 0 0 0 0 1 0 0 0 0 1 0 1/5*(3*i + 1) 1/5*(3*i + 1) 
    1/5*(-2*i + 1) 1/5*(-2*i + 1) 1/5*(-2*i + 1) 1/5*(3*i + 1) 1/5*(3*i + 1) 
    1/5*(-2*i + 1) 1/5*(-2*i + 1) 1/5*(-2*i + 1) 1/5*(3*i + 1) 1/5*(3*i + 1) 
    1/5*(-2*i + 1) 1/5*(-2*i + 1) 1/5*(-2*i + 1) 1/5*(3*i + 1) 1/5*(3*i + 1) 
    1/5*(-2*i + 1) 1/5*(-2*i + 1) 1/5*(-2*i + 1) 1/5*(3*i + 1) 1/5*(3*i + 1) 
    1/5*(-2*i + 1) 1/5*(-2*i + 1) 1/5*(-2*i + 1))
(0 0 0 0 1 0 0 0 0 1 0 0 0 0 1 0 0 0 0 1 0 0 0 0 1 1/5*(-2*i + 1) 1/5*(3*i + 1) 
    1/5*(3*i + 1) 1/5*(-2*i + 1) 1/5*(-2*i + 1) 1/5*(-2*i + 1) 1/5*(3*i + 1) 
    1/5*(3*i + 1) 1/5*(-2*i + 1) 1/5*(-2*i + 1) 1/5*(-2*i + 1) 1/5*(3*i + 1) 
    1/5*(3*i + 1) 1/5*(-2*i + 1) 1/5*(-2*i + 1) 1/5*(-2*i + 1) 1/5*(3*i + 1) 
    1/5*(3*i + 1) 1/5*(-2*i + 1) 1/5*(-2*i + 1) 1/5*(-2*i + 1) 1/5*(3*i + 1) 
    1/5*(3*i + 1) 1/5*(-2*i + 1) 1/5*(-2*i + 1))
Number of solutions: #S =  104
Solutions: #S =  [
    [1 1 1 1 1 1 1 1 1 1 1 1 1 1 1 1 1 1 1 1 1 1 1 1 1 1 1 1 1 1 1 1 1 1 1 1 1 1
        1 1 1 1 1 1 1 1 1 1 1 1],

    [-i 1 -1 1 1 -i 1 -1 1 1 -i 1 -1 1 1 -i 1 -1 1 1 -i 1 -1 1 1 -i i 1 1 -i -i 
        i 1 1 -i -i i 1 1 -i -i i 1 1 -i -i i 1 1 -i],

    [-1 1 -i 1 1 -1 1 -i 1 1 -1 1 -i 1 1 -1 1 -i 1 1 -1 1 -i 1 1 1 i -i -i 1 1 i
        -i -i 1 1 i -i -i 1 1 i -i -i 1 1 i -i -i 1],

    [-i i -i 1 1 -i i -i 1 1 -i i -i 1 1 -i i -i 1 1 -i i -i 1 1 1 i 1 -i -i 1 i
        1 -i -i 1 i 1 -i -i 1 i 1 -i -i 1 i 1 -i -i],

    [-1 i 1 i 1 -1 i 1 i 1 -1 i 1 i 1 -1 i 1 i 1 -1 i 1 i 1 i i 1 -i i i i 1 -i 
        i i i 1 -i i i i 1 -i i i i 1 -i i],

    [i -1 1 i 1 i -1 1 i 1 i -1 1 i 1 i -1 1 i 1 i -1 1 i 1 i i i -i 1 i i i -i 
        1 i i i -i 1 i i i -i 1 i i i -i 1],

    [-1 1 i i 1 -1 1 i i 1 -1 1 i i 1 -1 1 i i 1 -1 1 i i 1 -1 i 1 1 i -1 i 1 1 
        i -1 i 1 1 i -1 i 1 1 i -1 i 1 1 i],

    [i -i i i 1 i -i i i 1 i -i i i 1 i -i i i 1 i -i i i 1 -1 i i 1 1 -1 i i 1 
        1 -1 i i 1 1 -1 i i 1 1 -1 i i 1 1],

    [i 1 -1 i 1 i 1 -1 i 1 i 1 -1 i 1 i 1 -1 i 1 i 1 -1 i 1 -i i i i 1 -i i i i 
        1 -i i i i 1 -i i i i 1 -i i i i 1],

    [-i 1 -i i 1 -i 1 -i i 1 -i 1 -i i 1 -i 1 -i i 1 -i 1 -i i 1 -i -1 1 1 1 -i 
        -1 1 1 1 -i -1 1 1 1 -i -1 1 1 1 -i -1 1 1 1],

    [i i -i i 1 i i -i i 1 i i -i i 1 i i -i i 1 i i -i i 1 1 i i -1 1 1 i i -1 
        1 1 i i -1 1 1 i i -1 1 1 i i -1 1],

    [-i 1 1 -1 1 -i 1 1 -1 1 -i 1 1 -1 1 -i 1 1 -1 1 -i 1 1 -1 1 -i -i 1 1 i -i 
        -i 1 1 i -i -i 1 1 i -i -i 1 1 i -i -i 1 1 i],

    [i i 1 -1 1 i i 1 -1 1 i i 1 -1 1 i i 1 -1 1 i i 1 -1 1 1 1 i -1 i 1 1 i -1 
        i 1 1 i -1 i 1 1 i -1 i 1 1 i -1 i],

    [1 -i 1 -1 1 1 -i 1 -1 1 1 -i 1 -1 1 1 -i 1 -1 1 1 -i 1 -1 1 -i -i i 1 1 -i 
        -i i 1 1 -i -i i 1 1 -i -i i 1 1 -i -i i 1 1],

    [i 1 i -1 1 i 1 i -1 1 i 1 i -1 1 i 1 i -1 1 i 1 i -1 1 -i 1 i i i -i 1 i i 
        i -i 1 i i i -i 1 i i i -i 1 i i i],

    [-1 -1 i -1 1 -1 -1 i -1 1 -1 -1 i -1 1 -1 -1 i -1 1 -1 -1 i -1 1 -1 i i -i 
        -1 -1 i i -i -1 -1 i i -i -1 -1 i i -i -1 -1 i i -i -1],

    [-1 i -1 -1 1 -1 i -1 -1 1 -1 i -1 -1 1 -1 i -1 -1 1 -1 i -1 -1 1 -i i i -1 
        -1 -i i i -1 -1 -i i i -1 -1 -i i i -1 -1 -i i i -1 -1],

    [-i -1 -i -1 1 -i -1 -i -1 1 -i -1 -i -1 1 -i -1 -i -1 1 -i -1 -i -1 1 -i -1
        i -i -i -i -1 i -i -i -i -1 i -i -i -i -1 i -i -i -i -1 i -i -i],

    [-1 -i -i -1 1 -1 -i -i -1 1 -1 -i -i -1 1 -1 -i -i -1 1 -1 -i -i -1 1 -i -1
        -1 -i 1 -i -1 -1 -i 1 -i -1 -1 -i 1 -i -1 -1 -i 1 -i -1 -1 -i 1],

    [-1 1 1 -i 1 -1 1 1 -i 1 -1 1 1 -i 1 -1 1 1 -i 1 -1 1 1 -i 1 1 1 -i -i i 1 1
        -i -i i 1 1 -i -i i 1 1 -i -i i 1 1 -i -i i],

    [-i i 1 -i 1 -i i 1 -i 1 -i i 1 -i 1 -i i 1 -i 1 -i i 1 -i 1 1 1 1 -i -1 1 1
        1 -i -1 1 1 1 -i -1 1 1 1 -i -1 1 1 1 -i -1],

    [1 -1 1 -i 1 1 -1 1 -i 1 1 -1 1 -i 1 1 -1 1 -i 1 1 -1 1 -i 1 1 1 i -i -i 1 1
        i -i -i 1 1 i -i -i 1 1 i -i -i 1 1 i -i -i],

    [i -i 1 -i 1 i -i 1 -i 1 i -i 1 -i 1 i -i 1 -i 1 i -i 1 -i 1 1 1 -1 -i 1 1 1
        -1 -i 1 1 1 -1 -i 1 1 1 -1 -i 1 1 1 -1 -i 1],

    [-i 1 i -i 1 -i 1 i -i 1 -i 1 i -i 1 -i 1 i -i 1 -i 1 i -i 1 -i 1 1 1 -1 -i 
        1 1 1 -1 -i 1 1 1 -1 -i 1 1 1 -1 -i 1 1 1 -1],

    [1 -i i -i 1 1 -i i -i 1 1 -i i -i 1 1 -i i -i 1 1 -i i -i 1 -i 1 i 1 -i -i 
        1 i 1 -i -i 1 i 1 -i -i 1 i 1 -i -i 1 i 1 -i],

    [-1 -i -1 -i 1 -1 -i -1 -i 1 -1 -i -1 -i 1 -1 -i -1 -i 1 -1 -i -1 -i 1 -i i 
        -1 -i -i -i i -1 -i -i -i i -1 -i -i -i i -1 -i -i -i i -1 -i -i],

    [-1 1 i 1 i -1 1 i 1 i -1 1 i 1 i -1 1 i 1 i -1 1 i 1 i i i -i 1 i i i -i 1 
        i i i -i 1 i i i -i 1 i i i -i 1 i],

    [-i i i 1 i -i i i 1 i -i i i 1 i -i i i 1 i -i i i 1 i i i 1 1 -1 i i 1 1 
        -1 i i 1 1 -1 i i 1 1 -1 i i 1 1 -1],

    [1 -1 i 1 i 1 -1 i 1 i 1 -1 i 1 i 1 -1 i 1 i 1 -1 i 1 i i i i 1 -i i i i 1 
        -i i i i 1 -i i i i 1 -i i i i 1 -i],

    [i -i i 1 i i -i i 1 i i -i i 1 i i -i i 1 i i -i i 1 i i i -1 1 1 i i -1 1 
        1 i i -1 1 1 i i -1 1 1 i i -1 1 1],

    [i 1 -1 1 i i 1 -1 1 i i 1 -1 1 i i 1 -1 1 i i 1 -1 1 i 1 i -1 i 1 1 i -1 i 
        1 1 i -1 i 1 1 i -1 i 1 1 i -1 i 1],

    [1 i -1 1 i 1 i -1 1 i 1 i -1 1 i 1 i -1 1 i 1 i -1 1 i 1 i i i -i 1 i i i 
        -i 1 i i i -i 1 i i i -i 1 i i i -i],

    [-i 1 -i 1 i -i 1 -i 1 i -i 1 -i 1 i -i 1 -i 1 i -i 1 -i 1 i 1 -1 -i 1 1 1 
        -1 -i 1 1 1 -1 -i 1 1 1 -1 -i 1 1 1 -1 -i 1 1],

    [-i i 1 i i -i i 1 i i -i i 1 i i -i i 1 i i -i i 1 i i i -1 1 1 i i -1 1 1 
        i i -1 1 1 i i -1 1 1 i i -1 1 1 i],

    [1 -1 1 i i 1 -1 1 i i 1 -1 1 i i 1 -1 1 i i 1 -1 1 i i i -1 i 1 1 i -1 i 1 
        1 i -1 i 1 1 i -1 i 1 1 i -1 i 1 1],

    [i i i i i i i i i i i i i i i i i i i i i i i i i i i i i i i i i i i i i i
        i i i i i i i i i i i i],

    [1 i -i i i 1 i -i i i 1 i -i i i 1 i -i i i 1 i -i i i 1 -1 i i 1 1 -1 i i 
        1 1 -1 i i 1 1 -1 i i 1 1 -1 i i 1],

    [1 i 1 -1 i 1 i 1 -1 i 1 i 1 -1 i 1 i 1 -1 i 1 i 1 -1 i 1 -i i i i 1 -i i i 
        i 1 -i i i i 1 -i i i i 1 -i i i i],

    [-1 -1 1 -1 i -1 -1 1 -1 i -1 -1 1 -1 i -1 -1 1 -1 i -1 -1 1 -1 i i -1 -1 -i
        i i -1 -1 -i i i -1 -1 -i i i -1 -1 -i i i -1 -1 -i i],

    [-i -1 i -1 i -i -1 i -1 i -i -1 i -1 i -i -1 i -1 i -i -1 i -1 i -1 -1 i 1 
        -1 -1 -1 i 1 -1 -1 -1 i 1 -1 -1 -1 i 1 -1 -1 -1 i 1 -1],

    [-1 -i i -1 i -1 -i i -1 i -1 -i i -1 i -1 -i i -1 i -1 -i i -1 i -1 -1 -1 1
        i -1 -1 -1 1 i -1 -1 -1 1 i -1 -1 -1 1 i -1 -1 -1 1 i],

    [-1 1 -1 -1 i -1 1 -1 -1 i -1 1 -1 -1 i -1 1 -1 -1 i -1 1 -1 -1 i -i -1 -1 i
        i -i -1 -1 i i -i -1 -1 i i -i -1 -1 i i -i -1 -1 i i],

    [-i i -1 -1 i -i i -1 -1 i -i i -1 -1 i -i i -1 -1 i -i i -1 -1 i -i -1 i i 
        -1 -i -1 i i -1 -i -1 i i -1 -i -1 i i -1 -i -1 i i -1],

    [-1 i -i -1 i -1 i -i -1 i -1 i -i -1 i -1 i -i -1 i -1 i -i -1 i 1 -1 -1 -1
        i 1 -1 -1 -1 i 1 -1 -1 -1 i 1 -1 -1 -1 i 1 -1 -1 -1 i],

    [-i 1 1 -i i -i 1 1 -i i -i 1 1 -i i -i 1 1 -i i -i 1 1 -i i 1 -i -i 1 i 1 
        -i -i 1 i 1 -i -i 1 i 1 -i -i 1 i 1 -i -i 1 i],

    [1 -i 1 -i i 1 -i 1 -i i 1 -i 1 -i i 1 -i 1 -i i 1 -i 1 -i i 1 -i -1 1 1 1 
        -i -1 1 1 1 -i -1 1 1 1 -i -1 1 1 1 -i -1 1 1],

    [i 1 i -i i i 1 i -i i i 1 i -i i i 1 i -i i i 1 i -i i 1 1 -1 i i 1 1 -1 i 
        i 1 1 -1 i i 1 1 -1 i i 1 1 -1 i i],

    [1 i i -i i 1 i i -i i 1 i i -i i 1 i i -i i 1 i i -i i 1 1 i i -1 1 1 i i 
        -1 1 1 i i -1 1 1 i i -1 1 1 i i -1],

    [-1 -1 i -i i -1 -1 i -i i -1 -1 i -i i -1 -1 i -i i -1 -1 i -i i i i -1 -i 
        -1 i i -1 -i -1 i i -1 -i -1 i i -1 -i -1 i i -1 -i -1],

    [-1 i -1 -i i -1 i -1 -i i -1 i -1 -i i -1 i -1 -i i -1 i -1 -i i 1 i -1 -1 
        -1 1 i -1 -1 -1 1 i -1 -1 -1 1 i -1 -1 -1 1 i -1 -1 -1],

    [-i -i -1 -i i -i -i -1 -i i -i -i -1 -i i -i -i -1 -i i -i -i -1 -i i -i -1
        -1 1 -i -i -1 -1 1 -i -i -1 -1 1 -i -i -1 -1 1 -i -i -1 -1 1 -i],

    [-i -1 -i -i i -i -1 -i -i i -i -1 -i -i i -i -1 -i -i i -i -1 -i -i i 1 -1 
        -1 -i -i 1 -1 -1 -i -i 1 -1 -1 -i -i 1 -1 -1 -i -i 1 -1 -1 -i -i],

    [1 -i 1 1 -1 1 -i 1 1 -1 1 -i 1 1 -1 1 -i 1 1 -1 1 -i 1 1 -1 i -i -i 1 1 i 
        -i -i 1 1 i -i -i 1 1 i -i -i 1 1 i -i -i 1 1],

    [i 1 i 1 -1 i 1 i 1 -1 i 1 i 1 -1 i 1 i 1 -1 i 1 i 1 -1 i 1 -i i i i 1 -i i 
        i i 1 -i i i i 1 -i i i i 1 -i i i],

    [1 i i 1 -1 1 i i 1 -1 1 i i 1 -1 1 i i 1 -1 1 i i 1 -1 i 1 1 i -1 i 1 1 i 
        -1 i 1 1 i -1 i 1 1 i -1 i 1 1 i -1],

    [-1 i -1 1 -1 -1 i -1 1 -1 -1 i -1 1 -1 -1 i -1 1 -1 -1 i -1 1 -1 i i -i -1 
        -1 i i -i -1 -1 i i -i -1 -1 i i -i -1 -1 i i -i -1 -1],

    [i -1 -1 1 -1 i -1 -1 1 -1 i -1 -1 1 -1 i -1 -1 1 -1 i -1 -1 1 -1 i i -1 -1 
        -i i i -1 -1 -i i i -1 -1 -i i i -1 -1 -i i i -1 -1 -i],

    [-i -i -1 1 -1 -i -i -1 1 -1 -i -i -1 1 -1 -i -i -1 1 -1 -i -i -1 1 -1 -1 -1
        -i 1 -i -1 -1 -i 1 -i -1 -1 -i 1 -i -1 -1 -i 1 -i -1 -1 -i 1 -i],

    [1 1 -i 1 -1 1 1 -i 1 -1 1 1 -i 1 -1 1 1 -i 1 -1 1 1 -i 1 -1 1 -i -i i 1 1 
        -i -i i 1 1 -i -i i 1 1 -i -i i 1 1 -i -i i 1],

    [-i -1 -i 1 -1 -i -1 -i 1 -1 -i -1 -i 1 -1 -i -1 -i 1 -1 -i -1 -i 1 -1 i -1 
        -i -i -i i -1 -i -i -i i -1 -i -i -i i -1 -i -i -i i -1 -i -i -i],

    [1 i 1 i -1 1 i 1 i -1 1 i 1 i -1 1 i 1 i -1 1 i 1 i -1 i -i 1 i i i -i 1 i 
        i i -i 1 i i i -i 1 i i i -i 1 i i],

    [-1 1 -1 i -1 -1 1 -1 i -1 -1 1 -1 i -1 -1 1 -1 i -1 -1 1 -1 i -1 -1 -1 -i i
        i -1 -1 -i i i -1 -1 -i i i -1 -1 -i i i -1 -1 -i i i],

    [-i i -1 i -1 -i i -1 i -1 -i i -1 i -1 -i i -1 i -1 -i i -1 i -1 -1 -1 1 i 
        -1 -1 -1 1 i -1 -1 -1 1 i -1 -1 -1 1 i -1 -1 -1 1 i -1],

    [1 -1 -1 i -1 1 -1 -1 i -1 1 -1 -1 i -1 1 -1 -1 i -1 1 -1 -1 i -1 -1 -1 i i 
        -i -1 -1 i i -i -1 -1 i i -i -1 -1 i i -i -1 -1 i i -i],

    [i -i -1 i -1 i -i -1 i -1 i -i -1 i -1 i -i -1 i -1 i -i -1 i -1 -1 -1 -1 i
        1 -1 -1 -1 i 1 -1 -1 -1 i 1 -1 -1 -1 i 1 -1 -1 -1 i 1],

    [-1 i -i i -1 -1 i -i i -1 -1 i -i i -1 -1 i -i i -1 -1 i -i i -1 i -1 -i -1
        i i -1 -i -1 i i -1 -i -1 i i -1 -i -1 i i -1 -i -1 i],

    [i -1 -i i -1 i -1 -i i -1 i -1 -i i -1 i -1 -i i -1 i -1 -i i -1 i -1 -1 -1
        1 i -1 -1 -1 1 i -1 -1 -1 1 i -1 -1 -1 1 i -1 -1 -1 1],

    [i -1 1 -1 -1 i -1 1 -1 -1 i -1 1 -1 -1 i -1 1 -1 -1 i -1 1 -1 -1 i -i -1 -1
        i i -i -1 -1 i i -i -1 -1 i i -i -1 -1 i i -i -1 -1 i],

    [1 -1 i -1 -1 1 -1 i -1 -1 1 -1 i -1 -1 1 -1 i -1 -1 1 -1 i -1 -1 -1 -i i i 
        -1 -1 -i i i -1 -1 -i i i -1 -1 -i i i -1 -1 -i i i -1],

    [i -i i -1 -1 i -i i -1 -1 i -i i -1 -1 i -i i -1 -1 i -i i -1 -1 -1 -i -1 i
        i -1 -i -1 i i -1 -i -1 i i -1 -i -1 i i -1 -i -1 i i],

    [-1 -1 -1 -1 -1 -1 -1 -1 -1 -1 -1 -1 -1 -1 -1 -1 -1 -1 -1 -1 -1 -1 -1 -1 -1 
        -1 -1 -1 -1 -1 -1 -1 -1 -1 -1 -1 -1 -1 -1 -1 -1 -1 -1 -1 -1 -1 -1 -1 -1 
        -1],

    [-i -1 1 -i -1 -i -1 1 -i -1 -i -1 1 -i -1 -i -1 1 -i -1 -i -1 1 -i -1 i -i 
        -i -i -1 i -i -i -i -1 i -i -i -i -1 i -i -i -i -1 i -i -i -i -1],

    [i -1 i -i -1 i -1 i -i -1 i -1 i -i -1 i -1 i -i -1 i -1 i -i -1 i 1 -1 -1 
        -1 i 1 -1 -1 -1 i 1 -1 -1 -1 i 1 -1 -1 -1 i 1 -1 -1 -1],

    [-i -i i -i -1 -i -i i -i -1 -i -i i -i -1 -i -i i -i -1 -i -i i -i -1 -1 -i
        -i 1 -1 -1 -i -i 1 -1 -1 -i -i 1 -1 -1 -i -i 1 -1 -1 -i -i 1 -1],

    [-i 1 -1 -i -1 -i 1 -1 -i -1 -i 1 -1 -i -1 -i 1 -1 -i -1 -i 1 -1 -i -1 -i -i
        -i i -1 -i -i -i i -1 -i -i -i i -1 -i -i -i i -1 -i -i -i i -1],

    [1 -i -1 -i -1 1 -i -1 -i -1 1 -i -1 -i -1 1 -i -1 -i -1 1 -i -1 -i -1 -i -i
        -1 i -i -i -i -1 i -i -i -i -1 i -i -i -i -1 i -i -i -i -1 i -i],

    [-i i -i -i -1 -i i -i -i -1 -i i -i -i -1 -i i -i -i -1 -i i -i -i -1 1 -i 
        -i -1 -1 1 -i -i -1 -1 1 -i -i -1 -1 1 -i -i -1 -1 1 -i -i -1 -1],

    [1 -1 -i -i -1 1 -1 -i -i -1 1 -1 -i -i -1 1 -1 -i -i -1 1 -1 -i -i -1 1 -i 
        -1 -1 -i 1 -i -1 -1 -i 1 -i -1 -1 -i 1 -i -1 -1 -i 1 -i -1 -1 -i],

    [1 -1 1 1 -i 1 -1 1 1 -i 1 -1 1 1 -i 1 -1 1 1 -i 1 -1 1 1 -i i 1 1 -i -i i 1
        1 -i -i i 1 1 -i -i i 1 1 -i -i i 1 1 -i -i],

    [i -i 1 1 -i i -i 1 1 -i i -i 1 1 -i i -i 1 1 -i i -i 1 1 -i i 1 -i -i 1 i 1
        -i -i 1 i 1 -i -i 1 i 1 -i -i 1 i 1 -i -i 1],

    [1 -i i 1 -i 1 -i i 1 -i 1 -i i 1 -i 1 -i i 1 -i 1 -i i 1 -i -1 1 1 1 -i -1 
        1 1 1 -i -1 1 1 1 -i -1 1 1 1 -i -1 1 1 1 -i],

    [1 1 -1 1 -i 1 1 -1 1 -i 1 1 -1 1 -i 1 1 -1 1 -i 1 1 -1 1 -i -i 1 1 i -i -i 
        1 1 i -i -i 1 1 i -i -i 1 1 i -i -i 1 1 i -i],

    [-1 -i -1 1 -i -1 -i -1 1 -i -1 -i -1 1 -i -1 -i -1 1 -i -1 -i -1 1 -i -1 i 
        -i -i -i -1 i -i -i -i -1 i -i -i -i -1 i -i -i -i -1 i -i -i -i],

    [i 1 -i 1 -i i 1 -i 1 -i i 1 -i 1 -i i 1 -i 1 -i i 1 -i 1 -i 1 1 -i -1 1 1 1
        -i -1 1 1 1 -i -1 1 1 1 -i -1 1 1 1 -i -1 1],

    [1 i -i 1 -i 1 i -i 1 -i 1 i -i 1 -i 1 i -i 1 -i 1 i -i 1 -i 1 1 1 -1 -i 1 1
        1 -1 -i 1 1 1 -1 -i 1 1 1 -1 -i 1 1 1 -1 -i],

    [i i 1 i -i i i 1 i -i i i 1 i -i i i 1 i -i i i 1 i -i i 1 1 -1 i i 1 1 -1 
        i i 1 1 -1 i i 1 1 -1 i i 1 1 -1 i],

    [1 -i 1 i -i 1 -i 1 i -i 1 -i 1 i -i 1 -i 1 i -i 1 -i 1 i -i -1 -i 1 1 1 -1 
        -i 1 1 1 -1 -i 1 1 1 -1 -i 1 1 1 -1 -i 1 1 1],

    [i 1 i i -i i 1 i i -i i 1 i i -i i 1 i i -i i 1 i i -i -1 1 1 i i -1 1 1 i 
        i -1 1 1 i i -1 1 1 i i -1 1 1 i i],

    [-1 i -1 i -i -1 i -1 i -i -1 i -1 i -i -1 i -1 i -i -1 i -1 i -i -1 i 1 -1 
        -1 -1 i 1 -1 -1 -1 i 1 -1 -1 -1 i 1 -1 -1 -1 i 1 -1 -1],

    [i -1 -1 i -i i -1 -1 i -i i -1 -1 i -i i -1 -1 i -i i -1 -1 i -i -1 i i -1 
        -i -1 i i -1 -i -1 i i -1 -i -1 i i -1 -i -1 i i -1 -i],

    [1 1 -i i -i 1 1 -i i -i 1 1 -i i -i 1 1 -i i -i 1 1 -i i -i -i -i 1 i 1 -i 
        -i 1 i 1 -i -i 1 i 1 -i -i 1 i 1 -i -i 1 i 1],

    [-i -1 -i i -i -i -1 -i i -i -i -1 -i i -i -i -1 -i i -i -i -1 -i i -i -1 -1
        1 -i -i -1 -1 1 -i -i -1 -1 1 -i -i -1 -1 1 -i -i -1 -1 1 -i -i],

    [-1 -i -i i -i -1 -i -i i -i -1 -i -i i -i -1 -i -i i -i -1 -i -i i -i -1 -1
        -i -i 1 -1 -1 -i -i 1 -1 -1 -i -i 1 -1 -1 -i -i 1 -1 -1 -i -i 1],

    [-i -1 1 -1 -i -i -1 1 -1 -i -i -1 1 -1 -i -i -1 1 -1 -i -i -1 1 -1 -i -1 -i
        1 -i -1 -1 -i 1 -i -1 -1 -i 1 -i -1 -1 -i 1 -i -1 -1 -i 1 -i -1],

    [-1 -i 1 -1 -i -1 -i 1 -1 -i -1 -i 1 -1 -i -1 -i 1 -1 -i -1 -i 1 -1 -i -1 -i
        -i -i i -1 -i -i -i i -1 -i -i -i i -1 -i -i -i i -1 -i -i -i i],

    [i -1 i -1 -i i -1 i -1 -i i -1 i -1 -i i -1 i -1 -i i -1 i -1 -i -1 1 i -1 
        -1 -1 1 i -1 -1 -1 1 i -1 -1 -1 1 i -1 -1 -1 1 i -1 -1],

    [-1 1 -i -1 -i -1 1 -i -1 -i -1 1 -i -1 -i -1 1 -i -1 -i -1 1 -i -1 -i -i -i
        -i -1 i -i -i -i -1 i -i -i -i -1 i -i -i -i -1 i -i -i -i -1 i],

    [-i i -i -1 -i -i i -i -1 -i -i i -i -1 -i -i i -i -1 -i -i i -i -1 -i -i -i
        1 -1 -1 -i -i 1 -1 -1 -i -i 1 -1 -1 -i -i 1 -1 -1 -i -i 1 -1 -1],

    [1 -1 -i -1 -i 1 -1 -i -1 -i 1 -1 -i -1 -i 1 -1 -i -1 -i 1 -1 -i -1 -i -i -i
        i -1 -i -i -i i -1 -i -i -i i -1 -i -i -i i -1 -i -i -i i -1 -i],

    [i -i -i -1 -i i -i -i -1 -i i -i -i -1 -i i -i -i -1 -i i -i -i -1 -i -i -i
        -1 -1 1 -i -i -1 -1 1 -i -i -1 -1 1 -i -i -1 -1 1 -i -i -1 -1 1],

    [-1 -i i -i -i -1 -i i -i -i -1 -i i -i -i -1 -i i -i -i -1 -i i -i -i -1 1 
        -i -i -1 -1 1 -i -i -1 -1 1 -i -i -1 -1 1 -i -i -1 -1 1 -i -i -1],

    [-1 1 -1 -i -i -1 1 -1 -i -i -1 1 -1 -i -i -1 1 -1 -i -i -1 1 -1 -i -i -i 1 
        -i -1 -1 -i 1 -i -1 -1 -i 1 -i -1 -1 -i 1 -i -1 -1 -i 1 -i -1 -1],

    [i -i -1 -i -i i -i -1 -i -i i -i -1 -i -i i -i -1 -i -i i -i -1 -i -i -i 1 
        -1 -1 -i -i 1 -1 -1 -i -i 1 -1 -1 -i -i 1 -1 -1 -i -i 1 -1 -1 -i],

    [-i -i -i -i -i -i -i -i -i -i -i -i -i -i -i -i -i -i -i -i -i -i -i -i -i 
        -i -i -i -i -i -i -i -i -i -i -i -i -i -i -i -i -i -i -i -i -i -i -i -i 
        -i]
]
Time elapsed for ev = 5*i + 5 : 0.4300 

**** For eigenvalue ev = -5*i + 5 ****
Eigenspace attached to this ev:  
Vector space of degree 50, dimension 5 over R
Echelonized basis:
(1 0 0 0 0 1 0 0 0 0 1 0 0 0 0 1 0 0 0 0 1 0 0 0 0 1/5*(-2*i - 1) 1/5*(3*i - 1) 
    1/5*(-2*i - 1) 1/5*(-2*i - 1) 1/5*(3*i - 1) 1/5*(-2*i - 1) 1/5*(3*i - 1) 
    1/5*(-2*i - 1) 1/5*(-2*i - 1) 1/5*(3*i - 1) 1/5*(-2*i - 1) 1/5*(3*i - 1) 
    1/5*(-2*i - 1) 1/5*(-2*i - 1) 1/5*(3*i - 1) 1/5*(-2*i - 1) 1/5*(3*i - 1) 
    1/5*(-2*i - 1) 1/5*(-2*i - 1) 1/5*(3*i - 1) 1/5*(-2*i - 1) 1/5*(3*i - 1) 
    1/5*(-2*i - 1) 1/5*(-2*i - 1) 1/5*(3*i - 1))
(0 1 0 0 0 0 1 0 0 0 0 1 0 0 0 0 1 0 0 0 0 1 0 0 0 1/5*(3*i - 1) 1/5*(-2*i - 1) 
    1/5*(3*i - 1) 1/5*(-2*i - 1) 1/5*(-2*i - 1) 1/5*(3*i - 1) 1/5*(-2*i - 1) 
    1/5*(3*i - 1) 1/5*(-2*i - 1) 1/5*(-2*i - 1) 1/5*(3*i - 1) 1/5*(-2*i - 1) 
    1/5*(3*i - 1) 1/5*(-2*i - 1) 1/5*(-2*i - 1) 1/5*(3*i - 1) 1/5*(-2*i - 1) 
    1/5*(3*i - 1) 1/5*(-2*i - 1) 1/5*(-2*i - 1) 1/5*(3*i - 1) 1/5*(-2*i - 1) 
    1/5*(3*i - 1) 1/5*(-2*i - 1) 1/5*(-2*i - 1))
(0 0 1 0 0 0 0 1 0 0 0 0 1 0 0 0 0 1 0 0 0 0 1 0 0 1/5*(-2*i - 1) 1/5*(3*i - 1) 
    1/5*(-2*i - 1) 1/5*(3*i - 1) 1/5*(-2*i - 1) 1/5*(-2*i - 1) 1/5*(3*i - 1) 
    1/5*(-2*i - 1) 1/5*(3*i - 1) 1/5*(-2*i - 1) 1/5*(-2*i - 1) 1/5*(3*i - 1) 
    1/5*(-2*i - 1) 1/5*(3*i - 1) 1/5*(-2*i - 1) 1/5*(-2*i - 1) 1/5*(3*i - 1) 
    1/5*(-2*i - 1) 1/5*(3*i - 1) 1/5*(-2*i - 1) 1/5*(-2*i - 1) 1/5*(3*i - 1) 
    1/5*(-2*i - 1) 1/5*(3*i - 1) 1/5*(-2*i - 1))
(0 0 0 1 0 0 0 0 1 0 0 0 0 1 0 0 0 0 1 0 0 0 0 1 0 1/5*(-2*i - 1) 1/5*(-2*i - 1)
    1/5*(3*i - 1) 1/5*(-2*i - 1) 1/5*(3*i - 1) 1/5*(-2*i - 1) 1/5*(-2*i - 1) 
    1/5*(3*i - 1) 1/5*(-2*i - 1) 1/5*(3*i - 1) 1/5*(-2*i - 1) 1/5*(-2*i - 1) 
    1/5*(3*i - 1) 1/5*(-2*i - 1) 1/5*(3*i - 1) 1/5*(-2*i - 1) 1/5*(-2*i - 1) 
    1/5*(3*i - 1) 1/5*(-2*i - 1) 1/5*(3*i - 1) 1/5*(-2*i - 1) 1/5*(-2*i - 1) 
    1/5*(3*i - 1) 1/5*(-2*i - 1) 1/5*(3*i - 1))
(0 0 0 0 1 0 0 0 0 1 0 0 0 0 1 0 0 0 0 1 0 0 0 0 1 1/5*(3*i - 1) 1/5*(-2*i - 1) 
    1/5*(-2*i - 1) 1/5*(3*i - 1) 1/5*(-2*i - 1) 1/5*(3*i - 1) 1/5*(-2*i - 1) 
    1/5*(-2*i - 1) 1/5*(3*i - 1) 1/5*(-2*i - 1) 1/5*(3*i - 1) 1/5*(-2*i - 1) 
    1/5*(-2*i - 1) 1/5*(3*i - 1) 1/5*(-2*i - 1) 1/5*(3*i - 1) 1/5*(-2*i - 1) 
    1/5*(-2*i - 1) 1/5*(3*i - 1) 1/5*(-2*i - 1) 1/5*(3*i - 1) 1/5*(-2*i - 1) 
    1/5*(-2*i - 1) 1/5*(3*i - 1) 1/5*(-2*i - 1))
Number of solutions: #S =  104
Solutions: #S =  [
    [1 1 1 1 1 1 1 1 1 1 1 1 1 1 1 1 1 1 1 1 1 1 1 1 1 -1 -1 -1 -1 -1 -1 -1 -1 
        -1 -1 -1 -1 -1 -1 -1 -1 -1 -1 -1 -1 -1 -1 -1 -1 -1],

    [-1 i 1 1 1 -1 i 1 1 1 -1 i 1 1 1 -1 i 1 1 1 -1 i 1 1 1 -1 -i -1 i -i -1 -i 
        -1 i -i -1 -i -1 i -i -1 -i -1 i -i -1 -i -1 i -i],

    [i -1 1 1 1 i -1 1 1 1 i -1 1 1 1 i -1 1 1 1 i -1 1 1 1 -i -1 -i i -1 -i -1 
        -i i -1 -i -1 -i i -1 -i -1 -i i -1 -i -1 -i i -1],

    [-i i i 1 1 -i i i 1 1 -i i i 1 1 -i i i 1 1 -i i i 1 1 -1 -i -1 -1 1 -1 -i 
        -1 -1 1 -1 -i -1 -1 1 -1 -i -1 -1 1 -1 -i -1 -1 1],

    [1 -1 i 1 1 1 -1 i 1 1 1 -1 i 1 1 1 -1 i 1 1 1 -1 i 1 1 -i -1 -i -1 i -i -1 
        -i -1 i -i -1 -i -1 i -i -1 -i -1 i -i -1 -i -1 i],

    [1 i -1 1 1 1 i -1 1 1 1 i -1 1 1 1 i -1 1 1 1 i -1 1 1 -1 -i -1 -i i -1 -i 
        -1 -i i -1 -i -1 -i i -1 -i -1 -i i -1 -i -1 -i i],

    [-i -i -1 1 1 -i -i -1 1 1 -i -i -1 1 1 -i -i -1 1 1 -i -i -1 1 1 i -i i -1 
        i i -i i -1 i i -i i -1 i i -i i -1 i i -i i -1 i],

    [i i -i 1 1 i i -i 1 1 i i -i 1 1 i i -i 1 1 i i -i 1 1 -1 -i -1 1 -1 -1 -i 
        -1 1 -1 -1 -i -1 1 -1 -1 -i -1 1 -1 -1 -i -1 1 -1],

    [-i -1 -i 1 1 -i -1 -i 1 1 -i -1 -i 1 1 -i -1 -i 1 1 -i -1 -i 1 1 -1 1 -1 i 
        i -1 1 -1 i i -1 1 -1 i i -1 1 -1 i i -1 1 -1 i i],

    [-1 -i -i 1 1 -1 -i -i 1 1 -1 -i -i 1 1 -1 -i -i 1 1 -1 -i -i 1 1 i -i i i 
        -1 i -i i i -1 i -i i i -1 i -i i i -1 i -i i i -1],

    [-i 1 i i 1 -i 1 i i 1 -i 1 i i 1 -i 1 i i 1 -i 1 i i 1 i -i -1 -1 -i i -i 
        -1 -1 -i i -i -1 -1 -i i -i -1 -1 -i i -i -1 -1 -i],

    [-1 -1 i i 1 -1 -1 i i 1 -1 -1 i i 1 -1 -1 i i 1 -1 -1 i i 1 1 -i -i i -i 1 
        -i -i i -i 1 -i -i i -i 1 -i -i i -i 1 -i -i i -i],

    [1 -i i i 1 1 -i i i 1 1 -i i i 1 1 -i i i 1 1 -i i i 1 1 -1 -i -1 -1 1 -1 
        -i -1 -1 1 -1 -i -1 -1 1 -1 -i -1 -1 1 -1 -i -1 -1],

    [1 1 -1 i 1 1 1 -1 i 1 1 1 -1 i 1 1 1 -1 i 1 1 1 -1 i 1 i -i -1 -i -1 i -i 
        -1 -i -1 i -i -1 -i -1 i -i -1 -i -1 i -i -1 -i -1],

    [i -1 -1 i 1 i -1 -1 i 1 i -1 -1 i 1 i -1 -1 i 1 i -1 -1 i 1 1 -i -i 1 -1 1 
        -i -i 1 -1 1 -i -i 1 -1 1 -i -i 1 -1 1 -i -i 1 -1],

    [-i -i -i i 1 -i -i -i i 1 -i -i -i i 1 -i -i -i i 1 -i -i -i i 1 i 1 -1 i 
        -1 i 1 -1 i -1 i 1 -1 i -1 i 1 -1 i -1 i 1 -1 i -1],

    [1 1 i -1 1 1 1 i -1 1 1 1 i -1 1 1 1 i -1 1 1 1 i -1 1 i -1 -i -1 -i i -1 
        -i -1 -i i -1 -i -1 -i i -1 -i -1 -i i -1 -i -1 -i],

    [i i -1 -1 1 i i -1 -1 1 i i -1 -1 1 i i -1 -1 1 i i -1 -1 1 i -i -i 1 -i i 
        -i -i 1 -i i -i -i 1 -i i -i -i 1 -i i -i -i 1 -i],

    [-i -1 -1 -1 1 -i -1 -1 -1 1 -i -1 -1 -1 1 -i -1 -1 -1 1 -i -1 -1 -1 1 i 1 
        -i i 1 i 1 -i i 1 i 1 -i i 1 i 1 -i i 1 i 1 -i i 1],

    [1 -i -i -1 1 1 -i -i -1 1 1 -i -i -1 1 1 -i -i -1 1 1 -i -i -1 1 i i -i i 
        -1 i i -i i -1 i i -i i -1 i i -i i -1 i i -i i -1],

    [i i 1 -i 1 i i 1 -i 1 i i 1 -i 1 i i 1 -i 1 i i 1 -i 1 -1 -1 -i i -i -1 -1 
        -i i -i -1 -1 -i i -i -1 -1 -i i -i -1 -1 -i i -i],

    [1 i i -i 1 1 i i -i 1 1 i i -i 1 1 i i -i 1 1 i i -i 1 -1 -1 -i -1 1 -1 -1 
        -i -1 1 -1 -1 -i -1 1 -1 -1 -i -1 1 -1 -1 -i -1 1],

    [-1 -1 -1 -i 1 -1 -1 -1 -i 1 -1 -1 -1 -i 1 -1 -1 -1 -i 1 -1 -1 -1 -i 1 i -i 
        1 i 1 i -i 1 i 1 i -i 1 i 1 i -i 1 i 1 i -i 1 i 1],

    [1 -i -1 -i 1 1 -i -1 -i 1 1 -i -1 -i 1 1 -i -1 -i 1 1 -i -1 -i 1 i -1 1 -1 
        i i -1 1 -1 i i -1 1 -1 i i -1 1 -1 i i -1 1 -1 i],

    [1 -1 -i -i 1 1 -1 -i -i 1 1 -1 -i -i 1 1 -1 -i -i 1 1 -1 -i -i 1 -1 i -i i 
        i -1 i -i i i -1 i -i i i -1 i -i i i -1 i -i i i],

    [i -i -i -i 1 i -i -i -i 1 i -i -i -i 1 i -i -i -i 1 i -i -i -i 1 i -1 1 i 
        -1 i -1 1 i -1 i -1 1 i -1 i -1 1 i -1 i -1 1 i -1],

    [-1 1 1 1 i -1 1 1 1 i -1 1 1 1 i -1 1 1 1 i -1 1 1 1 i -1 -i i -1 -i -1 -i 
        i -1 -i -1 -i i -1 -i -1 -i i -1 -i -1 -i i -1 -i],

    [i -i 1 1 i i -i 1 1 i i -i 1 1 i i -i 1 1 i i -i 1 1 i -i -1 1 -1 -1 -i -1 
        1 -1 -1 -i -1 1 -1 -1 -i -1 1 -1 -1 -i -1 1 -1 -1],

    [-1 -1 i 1 i -1 -1 i 1 i -1 -1 i 1 i -1 -1 i 1 i -1 -1 i 1 i -i -i 1 -1 1 -i
        -i 1 -1 1 -i -i 1 -1 1 -i -i 1 -1 1 -i -i 1 -1 1],

    [i -1 -1 1 i i -1 -1 1 i i -1 -1 1 i i -1 -1 1 i i -1 -1 1 i -i -i 1 -i i -i
        -i 1 -i i -i -i 1 -i i -i -i 1 -i i -i -i 1 -i i],

    [i 1 -i 1 i i 1 -i 1 i i 1 -i 1 i i 1 -i 1 i i 1 -i 1 i -1 -i i -i -1 -1 -i 
        i -i -1 -1 -i i -i -1 -1 -i i -i -1 -1 -i i -i -1],

    [-i -i -i 1 i -i -i -i 1 i -i -i -i 1 i -i -i -i 1 i -i -i -i 1 i -1 1 i -1 
        i -1 1 i -1 i -1 1 i -1 i -1 1 i -1 i -1 1 i -1 i],

    [-i 1 1 i i -i 1 1 i i -i 1 1 i i -i 1 1 i i -i 1 1 i i -1 1 -1 -1 -i -1 1 
        -1 -1 -i -1 1 -1 -1 -i -1 1 -1 -1 -i -1 1 -1 -1 -i],

    [-1 -1 1 i i -1 -1 1 i i -1 -1 1 i i -1 -1 1 i i -1 -1 1 i i -i 1 -i i -i -i
        1 -i i -i -i 1 -i i -i -i 1 -i i -i -i 1 -i i -i],

    [1 -i 1 i i 1 -i 1 i i 1 -i 1 i i 1 -i 1 i i 1 -i 1 i i -i i -i -1 -1 -i i 
        -i -1 -1 -i i -i -1 -1 -i i -i -1 -1 -i i -i -1 -1],

    [i i i i i i i i i i i i i i i i i i i i i i i i i -i -i -i -i -i -i -i -i 
        -i -i -i -i -i -i -i -i -i -i -i -i -i -i -i -i -i],

    [-i -1 i i i -i -1 i i i -i -1 i i i -i -1 i i i -i -1 i i i -i 1 -i -1 1 -i
        1 -i -1 1 -i 1 -i -1 1 -i 1 -i -1 1 -i 1 -i -1 1],

    [-1 -i i i i -1 -i i i i -1 -i i i i -1 -i i i i -1 -i i i i 1 -i 1 -1 -i 1 
        -i 1 -1 -i 1 -i 1 -1 -i 1 -i 1 -1 -i 1 -i 1 -1 -i],

    [1 -1 -1 i i 1 -1 -1 i i 1 -1 -1 i i 1 -1 -1 i i 1 -1 -1 i i -i 1 -i -i i -i
        1 -i -i i -i 1 -i -i i -i 1 -i -i i -i 1 -i -i i],

    [i -i -1 i i i -i -1 i i i -i -1 i i i -i -1 i i i -i -1 i i 1 -i 1 -i -1 1 
        -i 1 -i -1 1 -i 1 -i -1 1 -i 1 -i -1 1 -i 1 -i -1],

    [1 1 -i i i 1 1 -i i i 1 1 -i i i 1 1 -i i i 1 1 -i i i -1 1 -1 -i -1 -1 1 
        -1 -i -1 -1 1 -1 -i -1 -1 1 -1 -i -1 -1 1 -1 -i -1],

    [i -1 -i i i i -1 -i i i i -1 -i i i i -1 -i i i i -1 -i i i -i 1 -i 1 -1 -i
        1 -i 1 -1 -i 1 -i 1 -1 -i 1 -i 1 -1 -i 1 -i 1 -1],

    [1 1 1 -1 i 1 1 1 -1 i 1 1 1 -1 i 1 1 1 -1 i 1 1 1 -1 i -1 i -i -1 -i -1 i 
        -i -1 -i -1 i -i -1 -i -1 i -i -1 -i -1 i -i -1 -i],

    [i 1 -1 -1 i i 1 -1 -1 i i 1 -1 -1 i i 1 -1 -1 i i 1 -1 -1 i i -i 1 -i -i i 
        -i 1 -i -i i -i 1 -i -i i -i 1 -i -i i -i 1 -i -i],

    [1 i -1 -1 i 1 i -1 -1 i 1 i -1 -1 i 1 i -1 -1 i 1 i -1 -1 i -1 1 -i -i 1 -1
        1 -i -i 1 -1 1 -i -i 1 -1 1 -i -i 1 -1 1 -i -i 1],

    [-i -i -1 -1 i -i -i -1 -1 i -i -i -1 -1 i -i -i -1 -1 i -i -i -1 -1 i i 1 1
        -1 1 i 1 1 -1 1 i 1 1 -1 1 i 1 1 -1 1 i 1 1 -1 1],

    [i i -i -1 i i i -i -1 i i i -i -1 i i i -i -1 i i i -i -1 i -1 1 -i 1 -i -1
        1 -i 1 -i -1 1 -i 1 -i -1 1 -i 1 -i -1 1 -i 1 -i],

    [-1 -i -i -1 i -1 -i -i -1 i -1 -i -i -1 i -1 -i -i -1 i -1 -i -i -1 i i 1 1
        i -i i 1 1 i -i i 1 1 i -i i 1 1 i -i i 1 1 i -i],

    [i 1 1 -i i i 1 1 -i i i 1 1 -i i i 1 1 -i i i 1 1 -i i -1 -1 1 -1 -i -1 -1 
        1 -1 -i -1 -1 1 -1 -i -1 -1 1 -1 -i -1 -1 1 -1 -i],

    [i i -1 -i i i i -1 -i i i i -1 -i i i i -1 -i i i i -1 -i i -1 -i 1 -i 1 -1
        -i 1 -i 1 -1 -i 1 -i 1 -1 -i 1 -i 1 -1 -i 1 -i 1],

    [-1 -1 -i -i i -1 -1 -i -i i -1 -1 -i -i i -1 -1 -i -i i -1 -1 -i -i i -1 1 
        1 i 1 -1 1 1 i 1 -1 1 1 i 1 -1 1 1 i 1 -1 1 1 i 1],

    [1 -i -i -i i 1 -i -i -i i 1 -i -i -i i 1 -i -i -i i 1 -i -i -i i -1 i 1 -1 
        i -1 i 1 -1 i -1 i 1 -1 i -1 i 1 -1 i -1 i 1 -1 i],

    [i 1 1 1 -1 i 1 1 1 -1 i 1 1 1 -1 i 1 1 1 -1 i 1 1 1 -1 -i -1 i -i -1 -i -1 
        i -i -1 -i -1 i -i -1 -i -1 i -i -1 -i -1 i -i -1],

    [-i -i 1 1 -1 -i -i 1 1 -1 -i -i 1 1 -1 -i -i 1 1 -1 -i -i 1 1 -1 -i i i -1 
        i -i i i -1 i -i i i -1 i -i i i -1 i -i i i -1 i],

    [-1 i i 1 -1 -1 i i 1 -1 -1 i i 1 -1 -1 i i 1 -1 -1 i i 1 -1 -i -i i -i 1 -i
        -i i -i 1 -i -i i -i 1 -i -i i -i 1 -i -i i -i 1],

    [-1 -1 -i 1 -1 -1 -1 -i 1 -1 -1 -1 -i 1 -1 -1 -1 -i 1 -1 -1 -1 -i 1 -1 -i 1 
        i 1 i -i 1 i 1 i -i 1 i 1 i -i 1 i 1 i -i 1 i 1 i],

    [1 1 1 i -1 1 1 1 i -1 1 1 1 i -1 1 1 1 i -1 1 1 1 i -1 -i i -1 -i -1 -i i 
        -1 -i -1 -i i -1 -i -1 -i i -1 -i -1 -i i -1 -i -1],

    [-1 i 1 i -1 -1 i 1 i -1 -1 i 1 i -1 -1 i 1 i -1 -1 i 1 i -1 -i 1 -1 1 -i -i
        1 -1 1 -i -i 1 -1 1 -i -i 1 -1 1 -i -i 1 -1 1 -i],

    [-1 1 i i -1 -1 1 i i -1 -1 1 i i -1 -1 1 i i -1 -1 1 i i -1 1 -i i -i -i 1 
        -i i -i -i 1 -i i -i -i 1 -i i -i -i 1 -i i -i -i],

    [-i i i i -1 -i i i i -1 -i i i i -1 -i i i i -1 -i i i i -1 -i 1 -1 -i 1 -i
        1 -1 -i 1 -i 1 -1 -i 1 -i 1 -1 -i 1 -i 1 -1 -i 1],

    [-i -i -1 i -1 -i -i -1 i -1 -i -i -1 i -1 -i -i -1 i -1 -i -i -1 i -1 1 1 i
        -i i 1 1 i -i i 1 1 i -i i 1 1 i -i i 1 1 i -i i],

    [-1 -i -i i -1 -1 -i -i i -1 -1 -i -i i -1 -1 -i -i i -1 -1 -i -i i -1 1 1 i
        1 -1 1 1 i 1 -1 1 1 i 1 -1 1 1 i 1 -1 1 1 i 1 -1],

    [i i 1 -1 -1 i i 1 -1 -1 i i 1 -1 -1 i i 1 -1 -1 i i 1 -1 -1 -i i -i 1 -i -i
        i -i 1 -i -i i -i 1 -i -i i -i 1 -i -i i -i 1 -i],

    [-1 -i 1 -1 -1 -1 -i 1 -1 -1 -1 -i 1 -1 -1 -1 -i 1 -1 -1 -1 -i 1 -1 -1 1 i 1
        i -i 1 i 1 i -i 1 i 1 i -i 1 i 1 i -i 1 i 1 i -i],

    [i 1 i -1 -1 i 1 i -1 -1 i 1 i -1 -1 i 1 i -1 -1 i 1 i -1 -1 1 -1 1 -i -i 1 
        -1 1 -i -i 1 -1 1 -i -i 1 -1 1 -i -i 1 -1 1 -i -i],

    [1 i i -1 -1 1 i i -1 -1 1 i i -1 -1 1 i i -1 -1 1 i i -1 -1 -i i -i -i 1 -i
        i -i -i 1 -i i -i -i 1 -i i -i -i 1 -i i -i -i 1],

    [-i -i i -1 -1 -i -i i -1 -1 -i -i i -1 -1 -i -i i -1 -1 -i -i i -1 -1 1 i 1
        -1 1 1 i 1 -1 1 1 i 1 -1 1 1 i 1 -1 1 1 i 1 -1 1],

    [-i 1 -1 -1 -1 -i 1 -1 -1 -1 -i 1 -1 -1 -1 -i 1 -1 -1 -1 -i 1 -1 -1 -1 i 1 i
        -i 1 i 1 i -i 1 i 1 i -i 1 i 1 i -i 1 i 1 i -i 1],

    [-1 -1 -1 -1 -1 -1 -1 -1 -1 -1 -1 -1 -1 -1 -1 -1 -1 -1 -1 -1 -1 -1 -1 -1 -1 
        1 1 1 1 1 1 1 1 1 1 1 1 1 1 1 1 1 1 1 1 1 1 1 1 1],

    [1 -i -1 -1 -1 1 -i -1 -1 -1 1 -i -1 -1 -1 1 -i -1 -1 -1 1 -i -1 -1 -1 1 i 1
        -i i 1 i 1 -i i 1 i 1 -i i 1 i 1 -i i 1 i 1 -i i],

    [-1 1 -i -1 -1 -1 1 -i -1 -1 -1 1 -i -1 -1 -1 1 -i -1 -1 -1 1 -i -1 -1 i 1 i
        1 -i i 1 i 1 -i i 1 i 1 -i i 1 i 1 -i i 1 i 1 -i],

    [i -i -i -1 -1 i -i -i -1 -1 i -i -i -1 -1 i -i -i -1 -1 i -i -i -1 -1 1 i 1
        1 -1 1 i 1 1 -1 1 i 1 1 -1 1 i 1 1 -1 1 i 1 1 -1],

    [-i 1 1 -i -1 -i 1 1 -i -1 -i 1 1 -i -1 -i 1 1 -i -1 -i 1 1 -i -1 -1 i i -1 
        1 -1 i i -1 1 -1 i i -1 1 -1 i i -1 1 -1 i i -1 1],

    [-1 -1 1 -i -1 -1 -1 1 -i -1 -1 -1 1 -i -1 -1 -1 1 -i -1 -1 -1 1 -i -1 -i i 
        1 i 1 -i i 1 i 1 -i i 1 i 1 -i i 1 i 1 -i i 1 i 1],

    [i i i -i -1 i i i -i -1 i i i -i -1 i i i -i -1 i i i -i -1 -i -1 1 -i 1 -i
        -1 1 -i 1 -i -1 1 -i 1 -i -1 1 -i 1 -i -1 1 -i 1],

    [1 1 -i -i -1 1 1 -i -i -1 1 1 -i -i -1 1 1 -i -i -1 1 1 -i -i -1 -1 i i -i 
        i -1 i i -i i -1 i i -i i -1 i i -i i -1 i i -i i],

    [-1 i -i -i -1 -1 i -i -i -1 -1 i -i -i -1 -1 i -i -i -1 -1 i -i -i -1 -1 1 
        i 1 1 -1 1 i 1 1 -1 1 i 1 1 -1 1 i 1 1 -1 1 i 1 1],

    [i -1 -i -i -1 i -1 -i -i -1 i -1 -i -i -1 i -1 -i -i -1 i -1 -i -i -1 -i i 
        1 1 i -i i 1 1 i -i i 1 1 i -i i 1 1 i -i i 1 1 i],

    [i i 1 1 -i i i 1 1 -i i i 1 1 -i i i 1 1 -i i i 1 1 -i -i -1 -1 1 -1 -i -1 
        -1 1 -1 -i -1 -1 1 -1 -i -1 -1 1 -1 -i -1 -1 1 -1],

    [-i -1 1 1 -i -i -1 1 1 -i -i -1 1 1 -i -i -1 1 1 -i -i -1 1 1 -i -i i -1 i 
        i -i i -1 i i -i i -1 i i -i i -1 i i -i i -1 i i],

    [-1 -i 1 1 -i -1 -i 1 1 -i -1 -i 1 1 -i -1 -i 1 1 -i -1 -i 1 1 -i 1 -1 i i 
        -1 1 -1 i i -1 1 -1 i i -1 1 -1 i i -1 1 -1 i i -1],

    [1 i i 1 -i 1 i i 1 -i 1 i i 1 -i 1 i i 1 -i 1 i i 1 -i -i -1 -1 -i i -i -1 
        -1 -i i -i -1 -1 -i i -i -1 -1 -i i -i -1 -1 -i i],

    [-i -i i 1 -i -i -i i 1 -i -i -i i 1 -i -i -i i 1 -i -i -i i 1 -i 1 -1 i -1 
        i 1 -1 i -1 i 1 -1 i -1 i 1 -1 i -1 i 1 -1 i -1 i],

    [-1 -1 -1 1 -i -1 -1 -1 1 -i -1 -1 -1 1 -i -1 -1 -1 1 -i -1 -1 -1 1 -i 1 -i 
        i 1 i 1 -i i 1 i 1 -i i 1 i 1 -i i 1 i 1 -i i 1 i],

    [-i -i 1 i -i -i -i 1 i -i -i -i 1 i -i -i -i 1 i -i -i -i 1 i -i 1 i -1 i 
        -1 1 i -1 i -1 1 i -1 i -1 1 i -1 i -1 1 i -1 i -1],

    [1 1 i i -i 1 1 i i -i 1 1 i i -i 1 1 i i -i 1 1 i i -i 1 -1 -1 -i -1 1 -1 
        -1 -i -1 1 -1 -1 -i -1 1 -1 -1 -i -1 1 -1 -1 -i -1],

    [-1 i i i -i -1 i i i -i -1 i i i -i -1 i i i -i -1 i i i -i 1 -i -1 1 -i 1 
        -i -1 1 -i 1 -i -1 1 -i 1 -i -1 1 -i 1 -i -1 1 -i],

    [-i -1 -1 i -i -i -1 -1 i -i -i -1 -1 i -i -i -1 -1 i -i -i -1 -1 i -i 1 1 
        -1 1 i 1 1 -1 1 i 1 1 -1 1 i 1 1 -1 1 i 1 1 -1 1 i],

    [-i 1 1 -1 -i -i 1 1 -1 -i -i 1 1 -1 -i -i 1 1 -1 -i -i 1 1 -1 -i i i -1 i 
        -i i i -1 i -i i i -1 i -i i i -1 i -i i i -1 i -i],

    [i i i -1 -i i i i -1 -i i i i -1 -i i i i -1 -i i i i -1 -i 1 -1 -i 1 -i 1 
        -1 -i 1 -i 1 -1 -i 1 -i 1 -1 -i 1 -i 1 -1 -i 1 -i],

    [-i -1 i -1 -i -i -1 i -1 -i -i -1 i -1 -i -i -1 i -1 -i -i -1 i -1 -i 1 i 
        -i i 1 1 i -i i 1 1 i -i i 1 1 i -i i 1 1 i -i i 1],

    [-i i -1 -1 -i -i i -1 -1 -i -i i -1 -1 -i -i i -1 -1 -i -i i -1 -1 -i i 1 
        -1 1 1 i 1 -1 1 1 i 1 -1 1 1 i 1 -1 1 1 i 1 -1 1 1],

    [1 -1 -1 -1 -i 1 -1 -1 -1 -i 1 -1 -1 -1 -i 1 -1 -1 -1 -i 1 -1 -1 -1 -i 1 i 
        -i 1 i 1 i -i 1 i 1 i -i 1 i 1 i -i 1 i 1 i -i 1 i],

    [1 1 -i -1 -i 1 1 -i -1 -i 1 1 -i -1 -i 1 1 -i -1 -i 1 1 -i -1 -i i i -1 1 
        -1 i i -1 1 -1 i i -1 1 -1 i i -1 1 -1 i i -1 1 -1],

    [-1 1 1 -i -i -1 1 1 -i -i -1 1 1 -i -i -1 1 1 -i -i -1 1 1 -i -i i -1 i i 
        -i i -1 i i -i i -1 i i -i i -1 i i -i i -1 i i -i],

    [-i i 1 -i -i -i i 1 -i -i -i i 1 -i -i -i i 1 -i -i -i i 1 -i -i -1 i -1 i 
        1 -1 i -1 i 1 -1 i -1 i 1 -1 i -1 i 1 -1 i -1 i 1],

    [-i 1 i -i -i -i 1 i -i -i -i 1 i -i -i -i 1 i -i -i -i 1 i -i -i i -1 i -1 
        1 i -1 i -1 1 i -1 i -1 1 i -1 i -1 1 i -1 i -1 1],

    [-1 -1 i -i -i -1 -1 i -i -i -1 -1 i -i -i -1 -1 i -i -i -1 -1 i -i -i 1 -1 
        1 i 1 1 -1 1 i 1 1 -1 1 i 1 1 -1 1 i 1 1 -1 1 i 1],

    [1 1 -1 -i -i 1 1 -1 -i -i 1 1 -1 -i -i 1 1 -1 -i -i 1 1 -1 -i -i i -1 i -i 
        i i -1 i -i i i -1 i -i i i -1 i -i i i -1 i -i i],

    [-1 i -1 -i -i -1 i -1 -i -i -1 i -1 -i -i -1 i -1 -i -i -1 i -1 -i -i i -i 
        i 1 1 i -i i 1 1 i -i i 1 1 i -i i 1 1 i -i i 1 1],

    [i -1 -1 -i -i i -1 -1 -i -i i -1 -1 -i -i i -1 -1 -i -i i -1 -1 -i -i 1 -1 
        1 1 i 1 -1 1 1 i 1 -1 1 1 i 1 -1 1 1 i 1 -1 1 1 i],

    [i 1 -i -i -i i 1 -i -i -i i 1 -i -i -i i 1 -i -i -i i 1 -i -i -i i -1 i 1 
        -1 i -1 i 1 -1 i -1 i 1 -1 i -1 i 1 -1 i -1 i 1 -1],

    [1 i -i -i -i 1 i -i -i -i 1 i -i -i -i 1 i -i -i -i 1 i -i -i -i -1 i -1 1 
        i -1 i -1 1 i -1 i -1 1 i -1 i -1 1 i -1 i -1 1 i],

    [-i -i -i -i -i -i -i -i -i -i -i -i -i -i -i -i -i -i -i -i -i -i -i -i -i 
        i i i i i i i i i i i i i i i i i i i i i i i i i]
]
Time elapsed for ev = -5*i + 5 : 0.4300 
Time elapsed for i = 6 : 1.1600 

========================= For  7 -th Matrix =========================
All eigenvalues:  [
    <5*i + 5, 1>,
    <-5*i + 5, 1>
]

**** For eigenvalue ev = 5*i + 5 ****
Eigenspace attached to this ev:  
Vector space of degree 50, dimension 1 over R
Echelonized basis:
(1 1 1 1 1 1 1 1 1 1 1 1 1 1 1 1 1 1 1 1 1 1 1 1 1 1 1 1 1 1 1 1 1 1 1 1 1 1 1 1
    1 1 1 1 1 1 1 1 1 1)
Number of solutions: #S =  4
Solutions: #S =  [
    [1 1 1 1 1 1 1 1 1 1 1 1 1 1 1 1 1 1 1 1 1 1 1 1 1 1 1 1 1 1 1 1 1 1 1 1 1 1
        1 1 1 1 1 1 1 1 1 1 1 1],

    [i i i i i i i i i i i i i i i i i i i i i i i i i i i i i i i i i i i i i i
        i i i i i i i i i i i i],

    [-1 -1 -1 -1 -1 -1 -1 -1 -1 -1 -1 -1 -1 -1 -1 -1 -1 -1 -1 -1 -1 -1 -1 -1 -1 
        -1 -1 -1 -1 -1 -1 -1 -1 -1 -1 -1 -1 -1 -1 -1 -1 -1 -1 -1 -1 -1 -1 -1 -1 
        -1],

    [-i -i -i -i -i -i -i -i -i -i -i -i -i -i -i -i -i -i -i -i -i -i -i -i -i 
        -i -i -i -i -i -i -i -i -i -i -i -i -i -i -i -i -i -i -i -i -i -i -i -i 
        -i]
]
Time elapsed for ev = 5*i + 5 : 0.0000 

**** For eigenvalue ev = -5*i + 5 ****
Eigenspace attached to this ev:  
Vector space of degree 50, dimension 1 over R
Echelonized basis:
(1 1 1 1 1 1 1 1 1 1 1 1 1 1 1 1 1 1 1 1 1 1 1 1 1 -1 -1 -1 -1 -1 -1 -1 -1 -1 -1
    -1 -1 -1 -1 -1 -1 -1 -1 -1 -1 -1 -1 -1 -1 -1)
Number of solutions: #S =  4
Solutions: #S =  [
    [1 1 1 1 1 1 1 1 1 1 1 1 1 1 1 1 1 1 1 1 1 1 1 1 1 -1 -1 -1 -1 -1 -1 -1 -1 
        -1 -1 -1 -1 -1 -1 -1 -1 -1 -1 -1 -1 -1 -1 -1 -1 -1],

    [i i i i i i i i i i i i i i i i i i i i i i i i i -i -i -i -i -i -i -i -i 
        -i -i -i -i -i -i -i -i -i -i -i -i -i -i -i -i -i],

    [-1 -1 -1 -1 -1 -1 -1 -1 -1 -1 -1 -1 -1 -1 -1 -1 -1 -1 -1 -1 -1 -1 -1 -1 -1 
        1 1 1 1 1 1 1 1 1 1 1 1 1 1 1 1 1 1 1 1 1 1 1 1 1],

    [-i -i -i -i -i -i -i -i -i -i -i -i -i -i -i -i -i -i -i -i -i -i -i -i -i 
        i i i i i i i i i i i i i i i i i i i i i i i i i]
]
Time elapsed for ev = -5*i + 5 : 0.0100 
Time elapsed for i = 7 : 2.1500 
Time elapsed in total:  7.780
