/*
* Complex Hadamard matrix with v = 74:
* - number of matrices: N = 2
*/

Number of matrices:  2

========================= For  1 -th Matrix =========================
All eigenvalues:  [
    <-5*i - 7, 1>,
    <5*i - 7, 1>
]

**** For eigenvalue ev = -5*i - 7 ****
Eigenspace attached to this ev:  
Vector space of degree 74, dimension 1 over R
Echelonized basis:
(1 1 1 1 1 1 1 1 1 1 1 1 1 1 1 1 1 1 1 1 1 1 1 1 1 1 1 1 1 1 1 1 1 1 1 1 1 -1 -1
    -1 -1 -1 -1 -1 -1 -1 -1 -1 -1 -1 -1 -1 -1 -1 -1 -1 -1 -1 -1 -1 -1 -1 -1 -1 
    -1 -1 -1 -1 -1 -1 -1 -1 -1 -1)
Number of solutions: #S =  4
Solutions: #S =  [
    [1 1 1 1 1 1 1 1 1 1 1 1 1 1 1 1 1 1 1 1 1 1 1 1 1 1 1 1 1 1 1 1 1 1 1 1 1 
        -1 -1 -1 -1 -1 -1 -1 -1 -1 -1 -1 -1 -1 -1 -1 -1 -1 -1 -1 -1 -1 -1 -1 -1 
        -1 -1 -1 -1 -1 -1 -1 -1 -1 -1 -1 -1 -1],

    [i i i i i i i i i i i i i i i i i i i i i i i i i i i i i i i i i i i i i 
        -i -i -i -i -i -i -i -i -i -i -i -i -i -i -i -i -i -i -i -i -i -i -i -i 
        -i -i -i -i -i -i -i -i -i -i -i -i -i],

    [-1 -1 -1 -1 -1 -1 -1 -1 -1 -1 -1 -1 -1 -1 -1 -1 -1 -1 -1 -1 -1 -1 -1 -1 -1 
        -1 -1 -1 -1 -1 -1 -1 -1 -1 -1 -1 -1 1 1 1 1 1 1 1 1 1 1 1 1 1 1 1 1 1 1 
        1 1 1 1 1 1 1 1 1 1 1 1 1 1 1 1 1 1 1],

    [-i -i -i -i -i -i -i -i -i -i -i -i -i -i -i -i -i -i -i -i -i -i -i -i -i 
        -i -i -i -i -i -i -i -i -i -i -i -i i i i i i i i i i i i i i i i i i i 
        i i i i i i i i i i i i i i i i i i i]
]
Time elapsed for ev = -5*i - 7 : 0.0200 

**** For eigenvalue ev = 5*i - 7 ****
Eigenspace attached to this ev:  
Vector space of degree 74, dimension 1 over R
Echelonized basis:
(1 1 1 1 1 1 1 1 1 1 1 1 1 1 1 1 1 1 1 1 1 1 1 1 1 1 1 1 1 1 1 1 1 1 1 1 1 1 1 1
    1 1 1 1 1 1 1 1 1 1 1 1 1 1 1 1 1 1 1 1 1 1 1 1 1 1 1 1 1 1 1 1 1 1)
Number of solutions: #S =  4
Solutions: #S =  [
    [1 1 1 1 1 1 1 1 1 1 1 1 1 1 1 1 1 1 1 1 1 1 1 1 1 1 1 1 1 1 1 1 1 1 1 1 1 1
        1 1 1 1 1 1 1 1 1 1 1 1 1 1 1 1 1 1 1 1 1 1 1 1 1 1 1 1 1 1 1 1 1 1 1 
        1],

    [i i i i i i i i i i i i i i i i i i i i i i i i i i i i i i i i i i i i i i
        i i i i i i i i i i i i i i i i i i i i i i i i i i i i i i i i i i i 
        i],

    [-1 -1 -1 -1 -1 -1 -1 -1 -1 -1 -1 -1 -1 -1 -1 -1 -1 -1 -1 -1 -1 -1 -1 -1 -1 
        -1 -1 -1 -1 -1 -1 -1 -1 -1 -1 -1 -1 -1 -1 -1 -1 -1 -1 -1 -1 -1 -1 -1 -1 
        -1 -1 -1 -1 -1 -1 -1 -1 -1 -1 -1 -1 -1 -1 -1 -1 -1 -1 -1 -1 -1 -1 -1 -1 
        -1],

    [-i -i -i -i -i -i -i -i -i -i -i -i -i -i -i -i -i -i -i -i -i -i -i -i -i 
        -i -i -i -i -i -i -i -i -i -i -i -i -i -i -i -i -i -i -i -i -i -i -i -i 
        -i -i -i -i -i -i -i -i -i -i -i -i -i -i -i -i -i -i -i -i -i -i -i -i 
        -i]
]
Time elapsed for ev = 5*i - 7 : 0.0200 
Time elapsed for i = 1 : 3.6700 

========================= For  2 -th Matrix =========================
All eigenvalues:  [
    <-5*i - 7, 1>,
    <5*i - 7, 1>
]

**** For eigenvalue ev = -5*i - 7 ****
Eigenspace attached to this ev:  
Vector space of degree 74, dimension 1 over R
Echelonized basis:
(1 1 1 1 1 1 1 1 1 1 1 1 1 1 1 1 1 1 1 1 1 1 1 1 1 1 1 1 1 1 1 1 1 1 1 1 1 -1 -1
    -1 -1 -1 -1 -1 -1 -1 -1 -1 -1 -1 -1 -1 -1 -1 -1 -1 -1 -1 -1 -1 -1 -1 -1 -1 
    -1 -1 -1 -1 -1 -1 -1 -1 -1 -1)
Number of solutions: #S =  4
Solutions: #S =  [
    [1 1 1 1 1 1 1 1 1 1 1 1 1 1 1 1 1 1 1 1 1 1 1 1 1 1 1 1 1 1 1 1 1 1 1 1 1 
        -1 -1 -1 -1 -1 -1 -1 -1 -1 -1 -1 -1 -1 -1 -1 -1 -1 -1 -1 -1 -1 -1 -1 -1 
        -1 -1 -1 -1 -1 -1 -1 -1 -1 -1 -1 -1 -1],

    [i i i i i i i i i i i i i i i i i i i i i i i i i i i i i i i i i i i i i 
        -i -i -i -i -i -i -i -i -i -i -i -i -i -i -i -i -i -i -i -i -i -i -i -i 
        -i -i -i -i -i -i -i -i -i -i -i -i -i],

    [-1 -1 -1 -1 -1 -1 -1 -1 -1 -1 -1 -1 -1 -1 -1 -1 -1 -1 -1 -1 -1 -1 -1 -1 -1 
        -1 -1 -1 -1 -1 -1 -1 -1 -1 -1 -1 -1 1 1 1 1 1 1 1 1 1 1 1 1 1 1 1 1 1 1 
        1 1 1 1 1 1 1 1 1 1 1 1 1 1 1 1 1 1 1],

    [-i -i -i -i -i -i -i -i -i -i -i -i -i -i -i -i -i -i -i -i -i -i -i -i -i 
        -i -i -i -i -i -i -i -i -i -i -i -i i i i i i i i i i i i i i i i i i i 
        i i i i i i i i i i i i i i i i i i i]
]
Time elapsed for ev = -5*i - 7 : 0.0200 

**** For eigenvalue ev = 5*i - 7 ****
Eigenspace attached to this ev:  
Vector space of degree 74, dimension 1 over R
Echelonized basis:
(1 1 1 1 1 1 1 1 1 1 1 1 1 1 1 1 1 1 1 1 1 1 1 1 1 1 1 1 1 1 1 1 1 1 1 1 1 1 1 1
    1 1 1 1 1 1 1 1 1 1 1 1 1 1 1 1 1 1 1 1 1 1 1 1 1 1 1 1 1 1 1 1 1 1)
Number of solutions: #S =  4
Solutions: #S =  [
    [1 1 1 1 1 1 1 1 1 1 1 1 1 1 1 1 1 1 1 1 1 1 1 1 1 1 1 1 1 1 1 1 1 1 1 1 1 1
        1 1 1 1 1 1 1 1 1 1 1 1 1 1 1 1 1 1 1 1 1 1 1 1 1 1 1 1 1 1 1 1 1 1 1 
        1],

    [i i i i i i i i i i i i i i i i i i i i i i i i i i i i i i i i i i i i i i
        i i i i i i i i i i i i i i i i i i i i i i i i i i i i i i i i i i i 
        i],

    [-1 -1 -1 -1 -1 -1 -1 -1 -1 -1 -1 -1 -1 -1 -1 -1 -1 -1 -1 -1 -1 -1 -1 -1 -1 
        -1 -1 -1 -1 -1 -1 -1 -1 -1 -1 -1 -1 -1 -1 -1 -1 -1 -1 -1 -1 -1 -1 -1 -1 
        -1 -1 -1 -1 -1 -1 -1 -1 -1 -1 -1 -1 -1 -1 -1 -1 -1 -1 -1 -1 -1 -1 -1 -1 
        -1],

    [-i -i -i -i -i -i -i -i -i -i -i -i -i -i -i -i -i -i -i -i -i -i -i -i -i 
        -i -i -i -i -i -i -i -i -i -i -i -i -i -i -i -i -i -i -i -i -i -i -i -i 
        -i -i -i -i -i -i -i -i -i -i -i -i -i -i -i -i -i -i -i -i -i -i -i -i 
        -i]
]
Time elapsed for ev = 5*i - 7 : 0.0100 
Time elapsed for i = 2 : 3.6400 
Time elapsed in total:  7.320