/*
* Complex Hadamard matrix with v = 2:
* - number of matrices: N = 1
*/

Number of matrices:  1

========================= For  1 -th Matrix =========================
All eigenvalues:  [
    <i + 1, 1>,
    <-i + 1, 1>
]

**** For eigenvalue ev = i + 1 ****
Eigenspace attached to this ev:
Vector space of degree 2, dimension 1 over R
Echelonized basis:
(1 1)
Number of solutions: #S =  4
Solutions: #S =  [
    [1 1],

    [i i],

    [-1 -1],

    [-i -i]
]
Time elapsed for ev = i + 1 : 0.0000

**** For eigenvalue ev = -i + 1 ****
Eigenspace attached to this ev:
Vector space of degree 2, dimension 1 over R
Echelonized basis:
( 1 -1)
Number of solutions: #S =  4
Solutions: #S =  [
    [ 1 -1],

    [ i -i],

    [-1  1],

    [-i  i]
]
Time elapsed for ev = -i + 1 : 0.0000
Time elapsed for i = 1 : 0.0000
Time elapsed in total:  0.000
