/*
* Complex Hadamard matrix with v = 10:
* - number of matrices: N = 1
*/

Number of matrices:  1

========================= For  1 -th Matrix =========================
All eigenvalues:  [
    <i + 3, 5>,
    <i - 3, 5>
]

**** For eigenvalue ev = i + 3 ****
Eigenspace attached to this ev:
Vector space of degree 10, dimension 5 over R
Echelonized basis:
( 1  0  0  0  0  1  0  1  1  0)
( 0  1  0  0  0  0  1 -1  0 -1)
( 0  0  1  0  0 -1  0  0 -1  1)
( 0  0  0  1  0  0  1 -1 -1  0)
( 0  0  0  0  1 -1 -1  0  0  1)
Number of solutions: #S =  144
Solutions: #S =  [
    [ 1  1  1  1  1 -1  1 -1 -1  1],

    [ 1  1  i  1  1 -i  1 -1 -i  i],

    [ 1  i  i  1  1 -i  i -i -i  1],

    [ i  i  i  1  1 -1  i -1 -1  1],

    [ 1  1 -1  1  1  1  1 -1  1 -1],

    [ 1  i -1  1  1  1  i -i  1 -i],

    [ i  i -1  1  1  i  i -1  i -i],

    [ 1 -1 -1  1  1  1 -1  1  1  1],

    [ i -1 -1  1  1  i -1  i  i  1],

    [-1 -1 -1  1  1 -1 -1 -1 -1  1],

    [-i -1 -1  1  1 -i -1 -i -i  1],

    [ 1 -i -1  1  1  1 -i  i  1  i],

    [-i -i -1  1  1 -i -i -1 -i  i],

    [ 1  1 -i  1  1  i  1 -1  i -i],

    [ 1 -i -i  1  1  i -i  i  i  1],

    [-i -i -i  1  1 -1 -i -1 -1  1],

    [ 1  1  1  i  1 -1  i -i -i  1],

    [ i  1  i  i  1 -1  i -1 -i  i],

    [ i  1 -1  i  1  i  i -1  1 -1],

    [ i -i -1  i  1  i -1  i  1  i],

    [-1 -i -1  i  1 -1 -1 -1 -i  i],

    [ 1  1 -i  i  1  i  i -i  1 -i],

    [ 1 -i -i  i  1  i -1  1  1  1],

    [-i -i -i  i  1 -1 -1 -i -i  1],

    [ 1  1  1 -1  1 -1 -1  1  1  1],

    [ i  1  i -1  1 -1 -1  i  1  i],

    [-1  1 -1 -1  1 -1 -1 -1  1 -1],

    [-i  1 -i -1  1 -1 -1 -i  1 -i],

    [ 1  1  1 -i  1 -1 -i  i  i  1],

    [ 1  1  i -i  1 -i -i  i  1  i],

    [ 1  i  i -i  1 -i -1  1  1  1],

    [ i  i  i -i  1 -1 -1  i  i  1],

    [-i  1 -1 -i  1 -i -i -1  1 -1],

    [-1  i -1 -i  1 -1 -1 -1  i -i],

    [-i  i -1 -i  1 -i -1 -i  1 -i],

    [-i  1 -i -i  1 -1 -i -1  i -i],

    [ 1  i  1  1  i -i  1 -i -1  1],

    [ i  i  i  1  i -i  1 -1 -1  i],

    [ i  i -1  1  i  1  1 -1  i -1],

    [ i -1 -1  1  i  1 -i  i  i  i],

    [-1 -1 -1  1  i -i -i -1 -1  i],

    [ 1  i -i  1  i  1  1 -i  i -i],

    [ 1 -1 -i  1  i  1 -i  1  i  1],

    [-i -1 -i  1  i -i -i -i -1  1],

    [ 1  1  1  i  i -i  1 -i -i  i],

    [ i  1  1  i  i -1  1 -1 -1  i],

    [ i  i  1  i  i -1  i -i -1  1],

    [ i  i  i  i  i -i  i -i -i  i],

    [ i  i -1  i  i  1  i -i  1 -1],

    [ i -1 -1  i  i  1 -1  1  1  i],

    [-1 -1 -1  i  i -i -1 -i -i  i],

    [ 1  1 -i  i  i  1  1 -i  1 -1],

    [ i  1 -i  i  i  i  1 -1  i -1],

    [ i  i -i  i  i  i  i -i  i -i],

    [ i -1 -i  i  i  i -1  1  i  1],

    [-1 -1 -i  i  i -1 -1 -i -1  1],

    [ 1 -i -i  i  i  1 -i  1  1  i],

    [ i -i -i  i  i  i -i  i  i  i],

    [-1 -i -i  i  i -1 -i -1 -1  i],

    [-i -i -i  i  i -i -i -i -i  i],

    [ 1  1  1 -1  i -i -i  1  1  i],

    [ i  1  1 -1  i -1 -i  i  i  i],

    [ i  i  1 -1  i -1 -1  1  i  1],

    [ i  i  i -1  i -i -1  1  1  i],

    [-1  i -1 -1  i -i -1 -i  1 -1],

    [-1  1 -i -1  i -1 -i -1  i -1],

    [-i  1 -i -1  i -i -i -i  1 -1],

    [-1  i -i -1  i -1 -1 -i  i -i],

    [ 1  i  1 -i  i -i -i  1  i  1],

    [ i  i  i -i  i -i -i  i  i  i],

    [-1  i -1 -i  i -i -i -1  i -1],

    [-i  i -i -i  i -i -i -i  i -i],

    [ 1 -1  1  1 -1  1  1  1 -1  1],

    [ i -1  i  1 -1  1  1  i -1  i],

    [-1 -1 -1  1 -1  1  1 -1 -1 -1],

    [-i -1 -i  1 -1  1  1 -i -1 -i],

    [ i -1  1  i -1  i  i  1 -1  1],

    [ 1 -i  1  i -1  1  1  1 -i  i],

    [ i -i  1  i -1  i  1  i -1  i],

    [ i -1  i  i -1  1  i  1 -i  i],

    [-1 -1 -1  i -1  1  i -i -i -1],

    [-1 -1 -i  i -1  i  i -i -1 -i],

    [-1 -i -i  i -1  i  1 -1 -1 -1],

    [-i -i -i  i -1  1  1 -i -i -1],

    [ 1  1  1 -1 -1  1  1  1  1 -1],

    [ i  1  1 -1 -1  i  1  i  i -1],

    [-1  1  1 -1 -1 -1  1 -1 -1 -1],

    [-i  1  1 -1 -1 -i  1 -i -i -1],

    [ i  i  1 -1 -1  i  i  1  i -i],

    [-1  i  1 -1 -1 -1  i -i -1 -i],

    [-1 -1  1 -1 -1 -1 -1  1 -1  1],

    [-1 -i  1 -1 -1 -1 -i  i -1  i],

    [-i -i  1 -1 -1 -i -i  1 -i  i],

    [ i  i  i -1 -1  1  i  1  1 -1],

    [-1  i  i -1 -1 -i  i -i -i -1],

    [-1 -1  i -1 -1 -i -1  1 -i  i],

    [-1 -1 -1 -1 -1  1 -1  1  1 -1],

    [-1 -1 -i -1 -1  i -1  1  i -i],

    [-1 -i -i -1 -1  i -i  i  i -1],

    [-i -i -i -1 -1  1 -i  1  1 -1],

    [ 1  i  1 -i -1  1  1  1  i -i],

    [-i  i  1 -i -1 -i  1 -i -1 -i],

    [-i -1  1 -i -1 -i -i  1 -1  1],

    [ i  i  i -i -1  1  1  i  i -1],

    [-1  i  i -i -1 -i  1 -1 -1 -1],

    [-1 -1  i -i -1 -i -i  i -1  i],

    [-1 -1 -1 -i -1  1 -i  i  i -1],

    [-i -1 -i -i -1  1 -i  1  i -i],

    [ 1 -i  1  1 -i  i  1  i -1  1],

    [ 1 -1  i  1 -i  1  i  1 -i  1],

    [ i -1  i  1 -i  i  i  i -1  1],

    [ 1 -i  i  1 -i  1  1  i -i  i],

    [-1 -1 -1  1 -i  i  i -1 -1 -i],

    [-i -1 -1  1 -i  1  i -i -i -i],

    [-i -i -1  1 -i  1  1 -1 -i -1],

    [-i -i -i  1 -i  i  1 -1 -1 -i],

    [ 1 -i  1  i -i  i  i  1 -i  1],

    [ i -i  i  i -i  i  i  i -i  i],

    [-1 -i -1  i -i  i  i -1 -i -1],

    [-i -i -i  i -i  i  i -i -i -i],

    [ 1  1  1 -1 -i  i  i  1  1 -i],

    [-i  1  1 -1 -i -1  i -i -i -i],

    [-i -i  1 -1 -i -1 -1  1 -i  1],

    [ i  1  i -1 -i  i  i  i  1 -1],

    [-1  1  i -1 -i -1  i -1 -i -1],

    [-1 -i  i -1 -i -1 -1  i -i  i],

    [-1 -i -1 -1 -i  i -1  i  1 -1],

    [-i -i -i -1 -i  i -1  1  1 -i],

    [ 1  1  1 -i -i  i  1  i  i -i],

    [-i  1  1 -i -i -1  1 -1 -1 -i],

    [-i -i  1 -i -i -1 -i  i -1  1],

    [ 1  1  i -i -i  1  1  i  1 -1],

    [-i  1  i -i -i -i  1 -1 -i -1],

    [ 1  i  i -i -i  1  i  1  1 -i],

    [ i  i  i -i -i  i  i  i  i -i],

    [-1  i  i -i -i -1  i -1 -1 -i],

    [-i  i  i -i -i -i  i -i -i -i],

    [-1 -1  i -i -i -1 -1  i -1  1],

    [-i -1  i -i -i -i -1  1 -i  1],

    [-i -i  i -i -i -i -i  i -i  i],

    [-1 -1 -1 -i -i  i -1  i  i -i],

    [-i -1 -1 -i -i  1 -1  1  1 -i],

    [-i -i -1 -i -i  1 -i  i  1 -1],

    [-i -i -i -i -i  i -i  i  i -i]
]
Time elapsed for ev = i + 3 : 0.1800

**** For eigenvalue ev = i - 3 ****
Eigenspace attached to this ev:
Vector space of degree 10, dimension 5 over R
Echelonized basis:
( 1  0  0  0  0  0 -1  0 -1 -1)
( 0  1  0  0  0  1 -1  0 -1  0)
( 0  0  1  0  0  1 -1 -1  0  0)
( 0  0  0  1  0 -1  0  1  0 -1)
( 0  0  0  0  1  0  0  1 -1 -1)
Number of solutions: #S =  144
Solutions: #S =  [
    [-1  1  1  1  1  1 -1  1 -1 -1],

    [-1  i  1  1  1  i -i  1 -i -1],

    [-1 -1  1  1  1 -1  1  1  1 -1],

    [-1 -i  1  1  1 -i  i  1  i -1],

    [-1  i  1  i  1  1 -i  i -i -i],

    [-i  i  1  i  1  1 -1  i -1 -1],

    [-1 -1  1  i  1 -i  1  i  1 -i],

    [-i -1  1  i  1 -i  i  i  i -1],

    [-1  1  i  i  1  1 -i  1 -1 -i],

    [-i  i  i  i  1  i -i  1 -1 -1],

    [-i -1  i  i  1 -1  1  1  i -1],

    [-1 -i  i  i  1 -i  1  1  i -i],

    [ 1 -1  1 -1  1  1 -1 -1 -1 -1],

    [ i -1  1 -1  1  1 -i -1 -i -i],

    [-1 -1  1 -1  1  1  1 -1  1  1],

    [-i -1  1 -1  1  1  i -1  i  i],

    [ 1 -1  i -1  1  i -i -i -1 -1],

    [-i -1  i -1  1  i  1 -i  i  i],

    [ i -i  i -1  1  1 -i -i -1 -i],

    [-1 -i  i -1  1  1  1 -i  i  1],

    [-1  1 -1 -1  1  1  1  1 -1  1],

    [-i  i -1 -1  1  i  1  1 -1  i],

    [ 1 -1 -1 -1  1 -1  1  1 -1 -1],

    [ i -i -1 -1  1 -i  1  1 -1 -i],

    [-1  i -i -1  1  1  1  i -i  1],

    [-i  i -i -1  1  1  i  i -1  i],

    [ 1 -1 -i -1  1 -i  i  i -1 -1],

    [ i -1 -i -1  1 -i  1  i -i -i],

    [ i -1  1 -i  1  i -i -i -i -1],

    [-1 -1  1 -i  1  i  1 -i  1  i],

    [ i -i  1 -i  1  1 -1 -i -1 -1],

    [-1 -i  1 -i  1  1  i -i  i  i],

    [-1  1 -i -i  1  1  i  1 -1  i],

    [-1  i -i -i  1  i  1  1 -i  i],

    [ i -1 -i -i  1 -1  1  1 -i -1],

    [ i -i -i -i  1 -i  i  1 -1 -1],

    [-1  1  1  1  i  1 -1  i -i -i],

    [-i  i  1  1  i  i -1  i -i -1],

    [-i -1  1  1  i -1  i  i  1 -1],

    [-1 -i  1  1  i -i  i  i  1 -i],

    [-1  1  i  1  i  i -i  1 -i -i],

    [-i  1  i  1  i  i -1  1 -1 -1],

    [-1 -i  i  1  i -1  1  1  1 -i],

    [-i -i  i  1  i -1  i  1  i -1],

    [-i  1  i  i  i  1 -1  i -1 -i],

    [-i  i  i  i  i  i -i  i -i -i],

    [-i -1  i  i  i -1  1  i  1 -i],

    [-i -i  i  i  i -i  i  i  i -i],

    [ 1 -1  i -1  i  i -i -1 -i -i],

    [-i -1  i -1  i  i  1 -1  1  1],

    [ 1 -i  i -1  i  1 -1 -1 -1 -i],

    [-i -i  i -1  i  1  i -1  i  1],

    [-i  1 -1 -1  i  1  i  i -1  1],

    [-i  i -1 -1  i  i  1  i -i  1],

    [ 1 -1 -1 -1  i -1  1  i -i -i],

    [ 1 -i -1 -1  i -i  i  i -1 -i],

    [ 1 -1  1 -i  i  i -1 -1 -i -1],

    [-i -1  1 -i  i  i  i -1  1  i],

    [ i -i  1 -i  i  1 -1 -1 -i -i],

    [-1 -i  1 -i  i  1  i -1  1  1],

    [ 1 -i  i -i  i  i -1 -i -1 -1],

    [ i -i  i -i  i  i -i -i -i -i],

    [-1 -i  i -i  i  i  1 -i  1  1],

    [-i -i  i -i  i  i  i -i  i  i],

    [-1  1 -1 -i  i  i  1  1 -i  1],

    [-i  1 -1 -i  i  i  i  1 -1  i],

    [ 1 -i -1 -i  i -1  i  1 -1 -1],

    [ i -i -1 -i  i -1  1  1 -i -i],

    [-1  1 -i -i  i  1  i  i -i  1],

    [-i  i -i -i  i  i  i  i -i  i],

    [ 1 -1 -i -i  i -1  i  i -i -1],

    [ i -i -i -i  i -i  i  i -i -i],

    [-1  1  1  1 -1  1 -1 -1  1  1],

    [-i  i  1  1 -1  i -1 -1  1  i],

    [ 1 -1  1  1 -1 -1 -1 -1  1 -1],

    [ i -i  1  1 -1 -i -1 -1  1 -i],

    [-1  1  i  1 -1  i -i -i  1  1],

    [-i  1  i  1 -1  i -1 -i  i  i],

    [ 1 -i  i  1 -1 -1 -1 -i  i -1],

    [ i -i  i  1 -1 -1 -i -i  1 -i],

    [ 1  1 -1  1 -1 -1 -1  1 -1 -1],

    [ i  1 -1  1 -1 -1 -i  1 -i -i],

    [-1  1 -1  1 -1 -1  1  1  1  1],

    [-i  1 -1  1 -1 -1  i  1  i  i],

    [ i  1 -i  1 -1 -i -1  i -i -i],

    [-1  1 -i  1 -1 -i  i  i  1  1],

    [ 1  i -i  1 -1 -1 -1  i -i -1],

    [-i  i -i  1 -1 -1  i  i  1  i],

    [-i  1  i  i -1  1 -1 -1  i  1],

    [-i  i  i  i -1  i -i -1  1  1],

    [ 1 -1  i  i -1 -1 -i -1  1 -i],

    [ 1 -i  i  i -1 -i -1 -1  i -i],

    [ 1  1 -1  i -1 -i -1  i -1 -i],

    [-i  1 -1  i -1 -i  i  i  i  1],

    [ 1  i -1  i -1 -1 -i  i -i -i],

    [-i  i -1  i -1 -1  1  i  1  1],

    [ 1  1 -1 -1 -1  1 -1 -1 -1  1],

    [ 1  i -1 -1 -1  i -i -1 -i  1],

    [ 1 -1 -1 -1 -1 -1  1 -1  1  1],

    [ 1 -i -1 -1 -1 -i  i -1  i  1],

    [ 1  1 -1 -i -1  i -1 -i -1  i],

    [ i  1 -1 -i -1  i -i -i -i  1],

    [ 1 -i -1 -i -1 -1  i -i  i  i],

    [ i -i -1 -i -1 -1  1 -i  1  1],

    [ i  1 -i -i -1  1 -1 -1 -i  1],

    [ 1  i -i -i -1  i -1 -1 -i  i],

    [ 1 -1 -i -i -1 -1  i -1  1  i],

    [ i -i -i -i -1 -i  i -1  1  1],

    [-1  1  1  1 -i  1 -1 -i  i  i],

    [-1  i  1  1 -i  i -i -i  1  i],

    [ i -1  1  1 -i -1 -i -i  1 -1],

    [ i -i  1  1 -i -i -1 -i  i -1],

    [ i  1 -i  1 -i -i -1  1 -1 -1],

    [-1  1 -i  1 -i -i  i  1  i  i],

    [ i  i -i  1 -i -1 -i  1 -i -1],

    [-1  i -i  1 -i -1  1  1  1  i],

    [-1  i  1  i -i  1 -i -1  1  1],

    [-i  i  1  i -i  1 -1 -1  i  i],

    [ 1 -1  1  i -i -i -1 -1  i -1],

    [ i -1  1  i -i -i -i -1  1 -i],

    [-1  1  i  i -i  1 -i -i  i  1],

    [-i  i  i  i -i  i -i -i  i  i],

    [ 1 -1  i  i -i -1 -i -i  i -1],

    [ i -i  i  i -i -i -i -i  i -i],

    [ i  1 -1  i -i -i -i  1 -1 -i],

    [-1  1 -1  i -i -i  1  1  i  1],

    [ 1  i -1  i -i -1 -i  1 -1 -1],

    [-i  i -1  i -i -1  1  1  i  i],

    [ 1  i -i  i -i -i -1  i -1 -1],

    [ i  i -i  i -i -i -i  i -i -i],

    [-1  i -i  i -i -i  1  i  1  1],

    [-i  i -i  i -i -i  i  i  i  i],

    [ i  1 -1 -1 -i  1 -i -i -1  1],

    [ 1  i -1 -1 -i  i -i -i -1  i],

    [ 1 -1 -1 -1 -i -1  1 -i  i  i],

    [ i -i -1 -1 -i -i  1 -i  i  1],

    [ 1  i -i -1 -i  1 -1 -1 -1  i],

    [ i  i -i -1 -i  1 -i -1 -i  1],

    [ 1 -1 -i -1 -i -i  i -1  i  i],

    [ i -1 -i -1 -i -i  1 -1  1  1],

    [ i  1 -i -i -i  1 -1 -i -1  i],

    [ i  i -i -i -i  i -i -i -i  i],

    [ i -1 -i -i -i -1  1 -i  1  i],

    [ i -i -i -i -i -i  i -i  i  i]
]
Time elapsed for ev = i - 3 : 0.1800
Time elapsed for i = 1 : 0.3600
Time elapsed in total:  0.360