/*
* Complex Hadamard matrix with v = 82:
* - number of matrices: N = 2
*/

Number of matrices:  2

========================= For  1 -th Matrix =========================
All eigenvalues:  [
    <-i + 9, 1>,
    <i + 9, 1>
]

**** For eigenvalue ev = -i + 9 ****
Eigenspace attached to this ev:  
Vector space of degree 82, dimension 1 over R
Echelonized basis:
(1 1 1 1 1 1 1 1 1 1 1 1 1 1 1 1 1 1 1 1 1 1 1 1 1 1 1 1 1 1 1 1 1 1 1 1 1 1 1 1
    1 -1 -1 -1 -1 -1 -1 -1 -1 -1 -1 -1 -1 -1 -1 -1 -1 -1 -1 -1 -1 -1 -1 -1 -1 -1
    -1 -1 -1 -1 -1 -1 -1 -1 -1 -1 -1 -1 -1 -1 -1 -1)
Number of solutions: #S =  4
Solutions: #S =  [
    [1 1 1 1 1 1 1 1 1 1 1 1 1 1 1 1 1 1 1 1 1 1 1 1 1 1 1 1 1 1 1 1 1 1 1 1 1 1
        1 1 1 -1 -1 -1 -1 -1 -1 -1 -1 -1 -1 -1 -1 -1 -1 -1 -1 -1 -1 -1 -1 -1 -1 
        -1 -1 -1 -1 -1 -1 -1 -1 -1 -1 -1 -1 -1 -1 -1 -1 -1 -1 -1],

    [i i i i i i i i i i i i i i i i i i i i i i i i i i i i i i i i i i i i i i
        i i i -i -i -i -i -i -i -i -i -i -i -i -i -i -i -i -i -i -i -i -i -i -i 
        -i -i -i -i -i -i -i -i -i -i -i -i -i -i -i -i -i -i -i],

    [-1 -1 -1 -1 -1 -1 -1 -1 -1 -1 -1 -1 -1 -1 -1 -1 -1 -1 -1 -1 -1 -1 -1 -1 -1 
        -1 -1 -1 -1 -1 -1 -1 -1 -1 -1 -1 -1 -1 -1 -1 -1 1 1 1 1 1 1 1 1 1 1 1 1 
        1 1 1 1 1 1 1 1 1 1 1 1 1 1 1 1 1 1 1 1 1 1 1 1 1 1 1 1 1],

    [-i -i -i -i -i -i -i -i -i -i -i -i -i -i -i -i -i -i -i -i -i -i -i -i -i 
        -i -i -i -i -i -i -i -i -i -i -i -i -i -i -i -i i i i i i i i i i i i i 
        i i i i i i i i i i i i i i i i i i i i i i i i i i i i i]
]
Time elapsed for ev = -i + 9 : 0.0300 

**** For eigenvalue ev = i + 9 ****
Eigenspace attached to this ev:  
Vector space of degree 82, dimension 1 over R
Echelonized basis:
(1 1 1 1 1 1 1 1 1 1 1 1 1 1 1 1 1 1 1 1 1 1 1 1 1 1 1 1 1 1 1 1 1 1 1 1 1 1 1 1
    1 1 1 1 1 1 1 1 1 1 1 1 1 1 1 1 1 1 1 1 1 1 1 1 1 1 1 1 1 1 1 1 1 1 1 1 1 1 
    1 1 1 1)
Number of solutions: #S =  4
Solutions: #S =  [
    [1 1 1 1 1 1 1 1 1 1 1 1 1 1 1 1 1 1 1 1 1 1 1 1 1 1 1 1 1 1 1 1 1 1 1 1 1 1
        1 1 1 1 1 1 1 1 1 1 1 1 1 1 1 1 1 1 1 1 1 1 1 1 1 1 1 1 1 1 1 1 1 1 1 1 
        1 1 1 1 1 1 1 1],

    [i i i i i i i i i i i i i i i i i i i i i i i i i i i i i i i i i i i i i i
        i i i i i i i i i i i i i i i i i i i i i i i i i i i i i i i i i i i i 
        i i i i i i i i],

    [-1 -1 -1 -1 -1 -1 -1 -1 -1 -1 -1 -1 -1 -1 -1 -1 -1 -1 -1 -1 -1 -1 -1 -1 -1 
        -1 -1 -1 -1 -1 -1 -1 -1 -1 -1 -1 -1 -1 -1 -1 -1 -1 -1 -1 -1 -1 -1 -1 -1 
        -1 -1 -1 -1 -1 -1 -1 -1 -1 -1 -1 -1 -1 -1 -1 -1 -1 -1 -1 -1 -1 -1 -1 -1 
        -1 -1 -1 -1 -1 -1 -1 -1 -1],

    [-i -i -i -i -i -i -i -i -i -i -i -i -i -i -i -i -i -i -i -i -i -i -i -i -i 
        -i -i -i -i -i -i -i -i -i -i -i -i -i -i -i -i -i -i -i -i -i -i -i -i 
        -i -i -i -i -i -i -i -i -i -i -i -i -i -i -i -i -i -i -i -i -i -i -i -i 
        -i -i -i -i -i -i -i -i -i]
]
Time elapsed for ev = i + 9 : 0.0300 
Time elapsed for i = 1 : 1.1200 

========================= For  2 -th Matrix =========================
All eigenvalues:  [
    <i - 9, 41>,
    <i + 9, 41>
]

**** For eigenvalue ev = i - 9 ****
Eigenspace attached to this ev:  
Vector space of degree 82, dimension 41 over R
Echelonized basis:
(1 0 0 0 0 0 0 0 0 0 0 0 0 0 0 0 0 0 0 0 0 0 0 0 0 0 0 0 0 0 0 0 0 0 0 0 0 0 -1 
    0 -1 0 -1 0 -1 2 0 -2 1 -2 1 -1 1 2 -2 2 -2 -1 -1 -1 0 -1 1 0 1 1 0 1 -1 0 
    -2 -3 -2 -2 1 1 1 1 1 1 1 -2)
(0 1 0 0 0 0 0 0 0 0 0 0 0 0 0 0 0 0 0 0 0 0 0 0 0 0 0 0 0 0 0 0 0 0 0 0 0 0 1 0
    1 0 1 0 1 -1 0 2 -1 2 -1 1 -1 -1 1 -1 1 1 0 1 -1 1 -2 0 -2 -1 -1 -1 0 0 1 2 
    1 1 -1 -1 -1 -1 -1 -1 -1 1)
(0 0 1 0 0 0 0 0 0 0 0 0 0 0 0 0 0 0 0 0 0 0 0 0 0 0 0 0 0 0 0 0 0 0 0 0 0 0 1 0
    0 0 0 0 0 0 -1 2 -1 0 0 -1 0 -1 1 0 0 1 -1 0 -1 0 -1 -1 0 -1 1 0 1 1 1 1 0 
    -1 -1 -1 0 0 0 0 0 1)
(0 0 0 1 0 0 0 0 0 0 0 0 0 0 0 0 0 0 0 0 0 0 0 0 0 0 0 0 0 0 0 0 0 0 0 0 0 0 0 0
    0 0 0 0 0 1 0 -1 0 0 0 0 0 1 -1 0 0 -1 0 0 0 0 0 0 0 0 0 0 0 0 0 -1 0 0 1 1 
    0 0 0 0 0 -1)
(0 0 0 0 1 0 0 0 0 0 0 0 0 0 0 0 0 0 0 0 0 0 0 0 0 0 0 0 0 0 0 0 0 0 0 0 0 0 0 0
    1 0 0 0 0 -1 0 1 -1 2 -1 0 0 -2 1 -1 1 1 0 1 -1 0 -1 0 -1 -1 0 -1 1 0 1 2 1 
    1 -1 -2 -1 -1 0 0 0 1)
(0 0 0 0 0 1 0 0 0 0 0 0 0 0 0 0 0 0 0 0 0 0 0 0 0 0 0 0 0 0 0 0 0 0 0 0 0 0 0 0
    0 0 0 0 0 1 0 0 0 -1 0 0 0 1 -1 1 -1 -1 0 -1 0 0 0 0 0 0 0 0 0 0 0 -1 0 -1 1
    1 1 1 0 0 0 -1)
(0 0 0 0 0 0 1 0 0 0 0 0 0 0 0 0 0 0 0 0 0 0 0 0 0 0 0 0 0 0 0 0 0 0 0 0 0 0 0 0
    0 0 1 0 0 -1 0 0 0 1 -1 2 -1 -1 1 -2 1 0 1 1 0 1 -1 0 -1 0 -1 -1 0 -1 1 1 1 
    2 0 0 -1 -2 -1 -1 0 1)
(0 0 0 0 0 0 0 1 0 0 0 0 0 0 0 0 0 0 0 0 0 0 0 0 0 0 0 0 0 0 0 0 0 0 0 0 0 0 0 0
    0 0 0 0 0 1 0 0 0 0 0 -1 0 1 -1 1 -1 0 -1 -1 0 -1 0 0 0 0 0 0 0 0 0 -1 0 -1 
    1 0 1 1 1 1 0 -1)
(0 0 0 0 0 0 0 0 1 0 0 0 0 0 0 0 0 0 0 0 0 0 0 0 0 0 0 0 0 0 0 0 0 0 0 0 0 0 0 0
    0 0 0 0 1 -1 0 0 0 0 0 1 -1 1 0 -1 1 -1 1 0 1 1 0 1 -1 0 -1 0 -1 -1 0 0 1 1 
    0 1 0 0 -1 -2 -1 0)
(0 0 0 0 0 0 0 0 0 1 0 0 0 0 0 0 0 0 0 0 0 0 0 0 0 0 0 0 0 0 0 0 0 0 0 0 0 0 0 0
    0 0 0 0 0 1 0 0 0 0 0 0 0 0 -1 1 -1 0 -1 0 -1 -1 0 -1 0 0 0 0 0 0 0 -1 0 -1 
    1 0 1 0 1 1 1 0)
(0 0 0 0 0 0 0 0 0 0 1 0 0 0 0 0 0 0 0 0 0 0 0 0 0 0 0 0 0 0 0 0 0 0 0 0 0 0 1 0
    0 0 0 0 0 0 0 1 -1 0 0 -1 0 0 0 1 0 0 0 -1 0 0 0 0 0 0 0 0 0 1 0 0 0 -1 0 0 
    0 1 0 0 -1 -1)
(0 0 0 0 0 0 0 0 0 0 0 1 0 0 0 0 0 0 0 0 0 0 0 0 0 0 0 0 0 0 0 0 0 0 0 0 0 0 -1 
    0 0 0 0 0 0 0 1 -1 1 0 0 1 0 1 -1 0 -1 0 0 0 0 0 0 0 0 0 -1 0 -1 -1 -1 -1 0 
    0 1 0 1 0 1 0 1 0)
(0 0 0 0 0 0 0 0 0 0 0 0 1 0 0 0 0 0 0 0 0 0 0 0 0 0 0 0 0 0 0 0 0 0 0 0 0 0 1 0
    1 0 0 0 0 1 -1 1 -1 1 -1 -1 0 -1 0 0 0 1 -1 0 -1 -1 -1 -1 0 -1 1 0 1 1 1 1 0
    -1 0 -1 0 0 0 1 0 0)
(0 0 0 0 0 0 0 0 0 0 0 0 0 1 0 0 0 0 0 0 0 0 0 0 0 0 0 0 0 0 0 0 0 0 0 0 0 0 -1 
    0 -1 0 0 0 0 0 1 -2 2 -1 1 1 0 2 -1 1 -1 -1 0 0 1 0 1 1 0 1 -1 0 -2 -1 -2 -2
    -1 0 1 1 1 0 1 0 1 -1)
(0 0 0 0 0 0 0 0 0 0 0 0 0 0 1 0 0 0 0 0 0 0 0 0 0 0 0 0 0 0 0 0 0 0 0 0 0 0 0 0
    1 0 1 0 0 0 0 1 -1 1 -1 1 -1 -1 0 -1 0 0 0 1 -1 0 -1 -1 -1 -1 0 -1 1 0 1 1 1
    1 0 -1 0 -1 0 0 0 1)
(0 0 0 0 0 0 0 0 0 0 0 0 0 0 0 1 0 0 0 0 0 0 0 0 0 0 0 0 0 0 0 0 0 0 0 0 0 0 -1 
    0 -1 0 -1 0 0 1 1 -3 2 -2 2 0 1 3 -2 2 -1 -1 0 -1 1 0 2 1 1 2 -1 1 -2 -1 -3 
    -3 -2 -1 1 2 1 1 1 0 1 -2)
(0 0 0 0 0 0 0 0 0 0 0 0 0 0 0 0 1 0 0 0 0 0 0 0 0 0 0 0 0 0 0 0 0 0 0 0 0 0 0 0
    0 0 1 0 1 -1 0 1 0 1 -1 1 -1 0 0 -1 0 0 0 0 0 1 -1 0 -1 -1 -1 -1 0 -1 1 1 1 
    1 0 0 0 -1 0 -1 0 1)
(0 0 0 0 0 0 0 0 0 0 0 0 0 0 0 0 0 1 0 0 0 0 0 0 0 0 0 0 0 0 0 0 0 0 0 0 0 0 -1 
    0 -1 0 -1 0 -1 2 1 -3 2 -3 2 -1 2 3 -2 3 -2 -1 0 -1 1 -1 2 1 2 2 0 2 -2 0 -3
    -4 -3 -2 1 2 1 2 1 1 1 -3)
(0 0 0 0 0 0 0 0 0 0 0 0 0 0 0 0 0 0 1 0 0 0 0 0 0 0 0 0 0 0 0 0 0 0 0 0 0 0 0 0
    0 0 0 0 1 -1 1 0 0 1 0 1 -1 0 0 0 0 0 0 0 0 0 0 1 -1 0 -1 -1 -1 -1 0 0 1 1 0
    0 0 0 0 -1 0 0)
(0 0 0 0 0 0 0 0 0 0 0 0 0 0 0 0 0 0 0 1 0 0 0 0 0 0 0 0 0 0 0 0 0 0 0 0 0 0 -1 
    0 -1 0 -1 0 -1 3 0 -3 2 -3 2 -2 2 3 -2 3 -2 -1 -1 -1 1 -1 2 0 2 2 1 2 -1 1 
    -3 -4 -3 -3 1 2 1 2 1 2 1 -3)
(0 0 0 0 0 0 0 0 0 0 0 0 0 0 0 0 0 0 0 0 1 0 0 0 0 0 0 0 0 0 0 0 0 0 0 0 0 0 0 0
    0 0 0 0 0 0 1 -1 1 0 0 1 0 1 -1 0 0 0 0 0 0 0 0 0 0 1 -1 0 -1 -1 -1 -1 0 0 1
    1 0 0 0 0 0 -1)
(0 0 0 0 0 0 0 0 0 0 0 0 0 0 0 0 0 0 0 0 0 1 0 0 0 0 0 0 0 0 0 0 0 0 0 0 0 0 -1 
    0 -1 0 -1 0 -1 3 0 -2 1 -3 2 -2 2 2 -2 3 -2 -1 -1 -1 0 -1 2 0 2 1 1 2 0 1 -2
    -3 -3 -3 1 1 1 2 1 2 1 -2)
(0 0 0 0 0 0 0 0 0 0 0 0 0 0 0 0 0 0 0 0 0 0 1 0 0 0 0 0 0 0 0 0 0 0 0 0 0 0 0 0
    0 0 0 0 0 1 0 -1 1 -1 1 0 0 2 -1 1 -1 -1 0 0 0 0 0 0 0 0 0 1 -1 0 -1 -2 -1 
    -1 1 1 1 1 0 0 0 -1)
(0 0 0 0 0 0 0 0 0 0 0 0 0 0 0 0 0 0 0 0 0 0 0 1 0 0 0 0 0 0 0 0 0 0 0 0 0 0 -1 
    0 -1 0 -1 0 -1 2 0 -1 1 -2 1 -2 2 1 -1 2 -2 0 -1 -1 0 -1 1 0 2 1 1 1 0 1 -1 
    -2 -2 -2 0 0 1 1 1 2 1 -1)
(0 0 0 0 0 0 0 0 0 0 0 0 0 0 0 0 0 0 0 0 0 0 0 0 1 0 0 0 0 0 0 0 0 0 0 0 0 0 0 0
    0 0 0 0 0 1 0 0 0 -1 1 -1 1 1 -1 2 -1 0 -1 -1 0 0 0 0 0 0 0 0 0 1 -1 -1 -1 
    -2 0 0 1 1 1 1 0 -1)
(0 0 0 0 0 0 0 0 0 0 0 0 0 0 0 0 0 0 0 0 0 0 0 0 0 1 0 0 0 0 0 0 0 0 0 0 0 0 -1 
    0 -1 0 -1 0 -1 1 0 -1 1 -1 1 -1 1 0 0 1 -1 0 -1 0 0 -1 1 0 1 1 1 1 0 0 -1 -1
    -1 -1 0 0 0 0 1 1 1 0)
(0 0 0 0 0 0 0 0 0 0 0 0 0 0 0 0 0 0 0 0 0 0 0 0 0 0 1 0 0 0 0 0 0 0 0 0 0 0 0 0
    0 0 0 0 0 1 0 0 0 0 0 -1 1 0 0 1 -1 1 -1 0 -1 -1 0 0 0 0 0 0 0 0 0 0 -1 -1 0
    -1 0 0 1 1 1 0)
(0 0 0 0 0 0 0 0 0 0 0 0 0 0 0 0 0 0 0 0 0 0 0 0 0 0 0 1 0 0 0 0 0 0 0 0 0 0 -1 
    0 -1 0 -1 0 -1 0 0 -1 1 -1 1 0 1 0 0 0 0 0 0 0 0 0 1 0 1 1 0 1 0 0 -1 -1 -1 
    0 0 0 0 0 0 0 1 0)
(0 0 0 0 0 0 0 0 0 0 0 0 0 0 0 0 0 0 0 0 0 0 0 0 0 0 0 0 1 0 0 0 0 0 0 0 0 0 -1 
    0 0 0 0 0 0 0 1 -1 1 0 0 1 0 0 0 0 0 0 0 1 0 0 0 0 0 1 -1 0 -1 -1 -1 -1 0 1 
    0 0 0 -1 0 0 1 0)
(0 0 0 0 0 0 0 0 0 0 0 0 0 0 0 0 0 0 0 0 0 0 0 0 0 0 0 0 0 1 0 0 0 0 0 0 0 0 -1 
    0 -1 0 -1 0 -1 0 0 -2 1 -1 1 0 1 1 0 0 0 -1 1 0 1 0 1 1 1 1 0 1 -1 0 -1 -1 
    -1 0 0 1 0 0 0 0 0 -1)
(0 0 0 0 0 0 0 0 0 0 0 0 0 0 0 0 0 0 0 0 0 0 0 0 0 0 0 0 0 0 1 0 0 0 0 0 0 0 -1 
    0 -1 0 0 0 0 0 1 -2 2 -1 1 1 0 2 -1 0 0 -1 1 0 1 1 1 1 0 1 -1 1 -2 -1 -2 -2 
    -1 0 1 2 0 0 0 -1 0 -1)
(0 0 0 0 0 0 0 0 0 0 0 0 0 0 0 0 0 0 0 0 0 0 0 0 0 0 0 0 0 0 0 1 0 0 0 0 0 0 0 0
    -1 0 -1 0 -1 1 -1 -1 0 -2 1 -1 1 1 0 1 0 -1 0 -1 1 0 1 0 1 1 1 1 0 1 -1 -1 
    -1 -1 0 1 0 1 0 0 0 -1)
(0 0 0 0 0 0 0 0 0 0 0 0 0 0 0 0 0 0 0 0 0 0 0 0 0 0 0 0 0 0 0 0 1 0 0 0 0 0 0 0
    -1 0 -1 0 0 1 0 -1 1 -2 2 -1 1 2 -1 2 -1 -1 0 -1 1 0 1 1 1 1 0 1 -1 1 -2 -2 
    -2 -2 0 1 1 2 0 0 0 -2)
(0 0 0 0 0 0 0 0 0 0 0 0 0 0 0 0 0 0 0 0 0 0 0 0 0 0 0 0 0 0 0 0 0 1 0 0 0 0 0 0
    0 0 -1 0 -1 1 -1 0 -1 -1 0 -2 1 0 0 1 0 0 0 -1 0 -1 1 0 1 0 1 1 1 1 0 0 -1 
    -1 0 0 0 1 0 1 0 -1)
(0 0 0 0 0 0 0 0 0 0 0 0 0 0 0 0 0 0 0 0 0 0 0 0 0 0 0 0 0 0 0 0 0 0 1 0 0 0 0 0
    0 0 -1 0 -1 2 0 -1 0 -1 1 -2 2 1 -1 2 -1 0 -1 -1 0 -1 1 0 1 1 1 1 0 1 -1 -1 
    -2 -2 0 0 0 1 1 2 0 -2)
(0 0 0 0 0 0 0 0 0 0 0 0 0 0 0 0 0 0 0 0 0 0 0 0 0 0 0 0 0 0 0 0 0 0 0 1 0 0 0 0
    0 0 0 0 -1 1 -1 0 -1 0 -1 -1 0 -1 0 0 0 0 0 0 0 -1 0 -1 1 0 1 0 1 1 1 0 0 0 
    0 0 0 0 0 1 0 0)
(0 0 0 0 0 0 0 0 0 0 0 0 0 0 0 0 0 0 0 0 0 0 0 0 0 0 0 0 0 0 0 0 0 0 0 0 1 0 0 0
    0 0 0 0 -1 2 -1 0 0 -1 0 -1 1 0 0 1 -1 0 -1 0 -1 -1 0 -1 1 0 1 1 1 1 0 -1 -1
    -1 0 0 0 0 0 1 1 0)
(0 0 0 0 0 0 0 0 0 0 0 0 0 0 0 0 0 0 0 0 0 0 0 0 0 0 0 0 0 0 0 0 0 0 0 0 0 1 0 0
    0 0 0 0 0 0 -1 1 -1 0 -1 0 -1 -1 0 -1 0 0 0 0 0 0 0 -1 0 -1 1 0 1 0 1 1 1 0 
    0 0 0 0 0 0 0 1)
(0 0 0 0 0 0 0 0 0 0 0 0 0 0 0 0 0 0 0 0 0 0 0 0 0 0 0 0 0 0 0 0 0 0 0 0 0 0 0 1
    0 0 0 0 0 -1 0 1 -1 1 -1 0 -1 -1 0 -1 0 0 0 0 0 0 0 0 0 -1 0 -1 1 0 1 1 1 1 
    0 -1 0 0 0 0 0 1)
(0 0 0 0 0 0 0 0 0 0 0 0 0 0 0 0 0 0 0 0 0 0 0 0 0 0 0 0 0 0 0 0 0 0 0 0 0 0 0 0
    0 1 0 0 0 -1 0 0 0 1 -1 1 -1 -1 0 -1 0 0 0 0 0 0 0 0 0 0 0 -1 0 -1 1 1 1 1 0
    0 0 -1 0 0 0 1)
(0 0 0 0 0 0 0 0 0 0 0 0 0 0 0 0 0 0 0 0 0 0 0 0 0 0 0 0 0 0 0 0 0 0 0 0 0 0 0 0
    0 0 0 1 0 -1 0 0 0 0 0 1 -1 0 0 -1 0 0 0 0 0 0 0 0 0 0 0 0 0 -1 0 0 1 1 0 0 
    0 0 0 -1 0 1)
Time elapsed for ev = i - 9 : 0.0800 

**** For eigenvalue ev = i + 9 ****
Eigenspace attached to this ev:  
Vector space of degree 82, dimension 41 over R
Echelonized basis:
(1 0 0 0 0 0 0 0 0 0 0 0 0 0 0 0 0 0 0 0 0 0 0 0 0 0 0 0 0 0 0 0 0 0 0 0 0 0 0 1
    0 1 0 1 -2 1 0 0 2 -1 2 -1 -1 1 -2 2 0 2 1 1 1 0 1 -1 0 -1 -1 0 -1 1 2 2 3 0
    0 -1 -1 -1 -1 -1 1 -1)
(0 1 0 0 0 0 0 0 0 0 0 0 0 0 0 0 0 0 0 0 0 0 0 0 0 0 0 0 0 0 0 0 0 0 0 0 0 0 0 1
    0 1 0 1 -1 1 0 0 2 -1 2 -1 0 0 -1 1 0 1 1 0 1 -1 1 -2 0 -2 -1 -1 -1 0 1 1 2 
    0 0 -1 -1 -1 -1 -1 0 -1)
(0 0 1 0 0 0 0 0 0 0 0 0 0 0 0 0 0 0 0 0 0 0 0 0 0 0 0 0 0 0 0 0 0 0 0 0 0 0 0 0
    0 0 0 0 1 0 -1 0 0 0 0 0 1 -1 0 0 -1 0 0 0 0 0 0 0 0 0 0 0 0 0 -1 0 0 1 1 0 
    0 0 0 0 -1 0)
(0 0 0 1 0 0 0 0 0 0 0 0 0 0 0 0 0 0 0 0 0 0 0 0 0 0 0 0 0 0 0 0 0 0 0 0 0 0 0 1
    0 0 0 0 -1 0 1 -1 2 -1 0 0 -2 1 -1 1 1 0 1 -1 0 -1 0 -1 -1 0 -1 1 0 1 2 1 1 
    -1 -2 -1 -1 0 0 0 1 0)
(0 0 0 0 1 0 0 0 0 0 0 0 0 0 0 0 0 0 0 0 0 0 0 0 0 0 0 0 0 0 0 0 0 0 0 0 0 0 0 0
    0 0 0 0 1 0 0 0 -1 0 0 0 1 -1 1 -1 -1 0 -1 0 0 0 0 0 0 0 0 0 0 0 -1 0 -1 1 1
    1 1 0 0 0 -1 0)
(0 0 0 0 0 1 0 0 0 0 0 0 0 0 0 0 0 0 0 0 0 0 0 0 0 0 0 0 0 0 0 0 0 0 0 0 0 0 0 0
    0 1 0 0 -1 0 0 0 1 -1 2 -1 -1 1 -2 1 0 1 1 0 1 -1 0 -1 0 -1 -1 0 -1 1 1 1 2 
    0 0 -1 -2 -1 -1 0 1 0)
(0 0 0 0 0 0 1 0 0 0 0 0 0 0 0 0 0 0 0 0 0 0 0 0 0 0 0 0 0 0 0 0 0 0 0 0 0 0 0 0
    0 0 0 0 1 0 0 0 0 0 -1 0 1 -1 1 -1 0 -1 -1 0 -1 0 0 0 0 0 0 0 0 0 -1 0 -1 1 
    0 1 1 1 1 0 -1 0)
(0 0 0 0 0 0 0 1 0 0 0 0 0 0 0 0 0 0 0 0 0 0 0 0 0 0 0 0 0 0 0 0 0 0 0 0 0 0 0 0
    0 0 0 1 -1 0 0 0 0 0 1 -1 1 0 -1 1 -1 1 0 1 1 0 1 -1 0 -1 0 -1 -1 0 0 1 1 0 
    1 0 0 -1 -2 -1 0 0)
(0 0 0 0 0 0 0 0 1 0 0 0 0 0 0 0 0 0 0 0 0 0 0 0 0 0 0 0 0 0 0 0 0 0 0 0 0 0 0 0
    0 0 0 0 1 0 0 0 0 0 0 0 0 -1 1 -1 0 -1 0 -1 -1 0 -1 0 0 0 0 0 0 0 -1 0 -1 1 
    0 1 0 1 1 1 0 0)
(0 0 0 0 0 0 0 0 0 1 0 0 0 0 0 0 0 0 0 0 0 0 0 0 0 0 0 0 0 0 0 0 0 0 0 0 0 0 0 0
    0 0 0 0 0 1 -1 0 0 0 0 0 1 -1 1 0 -1 1 -1 1 0 1 1 0 1 -1 0 -1 0 -1 -1 0 0 1 
    1 0 1 0 0 -1 -2 -1)
(0 0 0 0 0 0 0 0 0 0 1 0 0 0 0 0 0 0 0 0 0 0 0 0 0 0 0 0 0 0 0 0 0 0 0 0 0 0 0 0
    0 0 0 0 0 0 1 0 0 0 0 0 0 0 0 -1 1 -1 0 -1 0 -1 -1 0 -1 0 0 0 0 0 0 0 -1 0 
    -1 1 0 1 0 1 1 1)
(0 0 0 0 0 0 0 0 0 0 0 1 0 0 0 0 0 0 0 0 0 0 0 0 0 0 0 0 0 0 0 0 0 0 0 0 0 0 0 1
    0 0 0 0 1 0 -1 0 1 -1 0 0 0 -1 0 0 0 0 0 0 -1 0 0 0 0 0 0 0 0 0 0 0 0 1 0 0 
    0 0 1 0 -1 -1)
(0 0 0 0 0 0 0 0 0 0 0 0 1 0 0 0 0 0 0 0 0 0 0 0 0 0 0 0 0 0 0 0 0 0 0 0 0 0 0 
    -1 0 0 0 0 0 0 0 1 -1 1 0 0 1 0 1 -1 0 -1 0 0 0 0 0 0 0 0 0 -1 0 -1 -1 -1 -1
    0 0 1 0 1 0 1 0 1)
(0 0 0 0 0 0 0 0 0 0 0 0 0 1 0 0 0 0 0 0 0 0 0 0 0 0 0 0 0 0 0 0 0 0 0 0 0 0 0 1
    0 1 0 0 0 0 1 -1 1 -1 1 -1 -1 0 -1 0 0 0 1 -1 0 -1 -1 -1 -1 0 -1 1 0 1 1 1 1
    0 -1 0 -1 0 0 0 1 0)
(0 0 0 0 0 0 0 0 0 0 0 0 0 0 1 0 0 0 0 0 0 0 0 0 0 0 0 0 0 0 0 0 0 0 0 0 0 0 0 
    -1 0 -1 0 0 1 0 -1 1 -2 2 -1 1 2 -1 2 -1 0 -1 -1 0 0 1 0 1 1 0 1 -1 0 -2 -2 
    -2 -2 0 1 1 1 1 0 1 -1 1)
(0 0 0 0 0 0 0 0 0 0 0 0 0 0 0 1 0 0 0 0 0 0 0 0 0 0 0 0 0 0 0 0 0 0 0 0 0 0 0 0
    0 1 0 1 -1 0 1 0 1 -1 1 -1 0 0 -1 0 0 0 0 0 1 -1 0 -1 -1 -1 -1 0 -1 1 1 1 1 
    0 0 0 -1 0 -1 0 1 0)
(0 0 0 0 0 0 0 0 0 0 0 0 0 0 0 0 1 0 0 0 0 0 0 0 0 0 0 0 0 0 0 0 0 0 0 0 0 0 0 
    -1 0 -1 0 -1 2 0 -1 1 -3 2 -2 2 2 -1 3 -2 0 -1 -1 0 -1 1 0 2 1 1 2 -1 1 -2 
    -3 -3 -3 0 1 1 2 1 1 1 -2 1)
(0 0 0 0 0 0 0 0 0 0 0 0 0 0 0 0 0 1 0 0 0 0 0 0 0 0 0 0 0 0 0 0 0 0 0 0 0 0 0 0
    0 0 0 1 -1 1 0 0 1 0 1 -1 0 0 0 0 0 0 0 0 0 0 1 -1 0 -1 -1 -1 -1 0 0 1 1 0 0
    0 0 0 -1 0 0 0)
(0 0 0 0 0 0 0 0 0 0 0 0 0 0 0 0 0 0 1 0 0 0 0 0 0 0 0 0 0 0 0 0 0 0 0 0 0 0 0 
    -1 0 -1 0 -1 3 -1 -1 1 -3 2 -3 2 2 -1 3 -2 0 -2 -1 0 -1 1 -1 2 1 2 2 0 2 -2 
    -3 -3 -4 0 1 1 2 1 2 1 -2 1)
(0 0 0 0 0 0 0 0 0 0 0 0 0 0 0 0 0 0 0 1 0 0 0 0 0 0 0 0 0 0 0 0 0 0 0 0 0 0 0 0
    0 0 0 0 0 1 -1 1 0 0 1 0 1 -1 0 0 0 0 0 0 0 0 0 0 1 -1 0 -1 -1 -1 -1 0 0 1 1
    0 0 0 0 0 -1 0)
(0 0 0 0 0 0 0 0 0 0 0 0 0 0 0 0 0 0 0 0 1 0 0 0 0 0 0 0 0 0 0 0 0 0 0 0 0 0 0 
    -1 0 -1 0 -1 3 -1 0 0 -3 2 -3 2 1 -1 3 -2 0 -2 -1 -1 -1 1 -1 2 0 2 2 1 2 -1 
    -2 -3 -4 0 0 1 2 1 2 1 -1 1)
(0 0 0 0 0 0 0 0 0 0 0 0 0 0 0 0 0 0 0 0 0 1 0 0 0 0 0 0 0 0 0 0 0 0 0 0 0 0 0 0
    0 0 0 0 1 0 -1 1 -1 1 0 0 2 -1 1 -1 -1 0 0 0 0 0 0 0 0 0 1 -1 0 -1 -2 -1 -1 
    1 1 1 1 0 0 0 -1 0)
(0 0 0 0 0 0 0 0 0 0 0 0 0 0 0 0 0 0 0 0 0 0 1 0 0 0 0 0 0 0 0 0 0 0 0 0 0 0 0 
    -1 0 -1 0 -1 2 -1 1 0 -2 1 -3 2 0 0 2 -2 1 -2 -1 -1 -1 0 -1 2 0 2 1 1 2 0 -1
    -2 -3 -1 -1 1 1 1 2 1 0 1)
(0 0 0 0 0 0 0 0 0 0 0 0 0 0 0 0 0 0 0 0 0 0 0 1 0 0 0 0 0 0 0 0 0 0 0 0 0 0 0 0
    0 0 0 0 1 0 0 0 -1 1 -1 1 1 -1 2 -1 0 -1 -1 0 0 0 0 0 0 0 0 0 1 -1 -1 -1 -2 
    0 0 1 1 1 1 0 -1 0)
(0 0 0 0 0 0 0 0 0 0 0 0 0 0 0 0 0 0 0 0 0 0 0 0 1 0 0 0 0 0 0 0 0 0 0 0 0 0 0 
    -1 0 -1 0 -1 1 -1 1 0 -1 1 -2 1 -1 1 1 -1 1 -2 0 -1 -1 0 -1 1 0 2 1 1 1 0 0 
    -1 -2 -1 -1 0 0 1 1 1 1 1)
(0 0 0 0 0 0 0 0 0 0 0 0 0 0 0 0 0 0 0 0 0 0 0 0 0 1 0 0 0 0 0 0 0 0 0 0 0 0 0 0
    0 0 0 0 1 0 0 0 0 0 -1 1 0 0 1 -1 1 -1 0 -1 -1 0 0 0 0 0 0 0 0 0 0 -1 -1 0 
    -1 0 0 1 1 1 0 0)
(0 0 0 0 0 0 0 0 0 0 0 0 0 0 0 0 0 0 0 0 0 0 0 0 0 0 1 0 0 0 0 0 0 0 0 0 0 0 0 
    -1 0 -1 0 -1 0 -1 1 0 -1 1 -1 1 -1 1 0 0 1 -1 0 -1 0 0 -1 1 0 1 1 1 1 0 0 -1
    -1 -1 -1 0 0 0 0 1 1 1)
(0 0 0 0 0 0 0 0 0 0 0 0 0 0 0 0 0 0 0 0 0 0 0 0 0 0 0 1 0 0 0 0 0 0 0 0 0 0 0 0
    0 0 0 0 0 0 1 0 0 0 0 0 -1 1 0 0 1 -1 1 -1 0 -1 -1 0 0 0 0 0 0 0 0 0 0 -1 -1
    0 -1 0 0 1 1 1)
(0 0 0 0 0 0 0 0 0 0 0 0 0 0 0 0 0 0 0 0 0 0 0 0 0 0 0 0 1 0 0 0 0 0 0 0 0 0 0 
    -1 0 -1 0 -1 0 -1 0 0 -1 1 -1 1 0 1 0 0 0 0 0 0 0 0 0 1 0 1 1 0 1 0 0 -1 -1 
    -1 0 0 0 0 0 0 0 1)
(0 0 0 0 0 0 0 0 0 0 0 0 0 0 0 0 0 0 0 0 0 0 0 0 0 0 0 0 0 1 0 0 0 0 0 0 0 0 0 
    -1 0 0 0 0 0 0 0 1 -1 1 0 0 1 0 0 0 0 0 0 0 1 0 0 0 0 0 1 -1 0 -1 -1 -1 -1 0
    1 0 0 0 -1 0 0 1)
(0 0 0 0 0 0 0 0 0 0 0 0 0 0 0 0 0 0 0 0 0 0 0 0 0 0 0 0 0 0 1 0 0 0 0 0 0 0 0 
    -1 0 -1 0 -1 1 -1 -1 0 -2 1 -1 1 1 0 1 0 -1 0 -1 1 0 1 0 1 1 1 1 0 1 -1 -1 
    -1 -1 0 1 0 1 0 0 0 -1 0)
(0 0 0 0 0 0 0 0 0 0 0 0 0 0 0 0 0 0 0 0 0 0 0 0 0 0 0 0 0 0 0 1 0 0 0 0 0 0 0 
    -1 0 -1 0 0 1 0 -1 1 -2 2 -1 1 2 -1 2 -1 -1 0 -1 1 0 1 1 1 1 0 1 -1 1 -2 -2 
    -2 -2 0 1 1 2 0 0 0 -2 0)
(0 0 0 0 0 0 0 0 0 0 0 0 0 0 0 0 0 0 0 0 0 0 0 0 0 0 0 0 0 0 0 0 1 0 0 0 0 0 0 0
    0 -1 0 -1 1 -1 0 -1 -1 0 -2 1 0 0 1 0 0 0 -1 0 -1 1 0 1 0 1 1 1 1 0 0 -1 -1 
    0 0 0 1 0 1 0 -1 0)
(0 0 0 0 0 0 0 0 0 0 0 0 0 0 0 0 0 0 0 0 0 0 0 0 0 0 0 0 0 0 0 0 0 1 0 0 0 0 0 0
    0 -1 0 -1 2 0 -1 0 -1 1 -2 2 1 -1 2 -1 0 -1 -1 0 -1 1 0 1 1 1 1 0 1 -1 -1 -2
    -2 0 0 0 1 1 2 0 -2 0)
(0 0 0 0 0 0 0 0 0 0 0 0 0 0 0 0 0 0 0 0 0 0 0 0 0 0 0 0 0 0 0 0 0 0 1 0 0 0 0 0
    0 0 0 -1 1 -1 0 -1 0 -1 -1 0 -1 0 0 0 0 0 0 0 -1 0 -1 1 0 1 0 1 1 1 0 0 0 0 
    0 0 0 0 1 0 0 0)
(0 0 0 0 0 0 0 0 0 0 0 0 0 0 0 0 0 0 0 0 0 0 0 0 0 0 0 0 0 0 0 0 0 0 0 1 0 0 0 0
    0 0 0 -1 2 -1 0 0 -1 0 -1 1 0 0 1 -1 0 -1 0 -1 -1 0 -1 1 0 1 1 1 1 0 -1 -1 
    -1 0 0 0 0 0 1 1 0 0)
(0 0 0 0 0 0 0 0 0 0 0 0 0 0 0 0 0 0 0 0 0 0 0 0 0 0 0 0 0 0 0 0 0 0 0 0 1 0 0 0
    0 0 0 0 0 -1 1 -1 0 -1 0 -1 -1 0 -1 0 0 0 0 0 0 0 -1 0 -1 1 0 1 0 1 1 1 0 0 
    0 0 0 0 0 0 1 0)
(0 0 0 0 0 0 0 0 0 0 0 0 0 0 0 0 0 0 0 0 0 0 0 0 0 0 0 0 0 0 0 0 0 0 0 0 0 1 0 0
    0 0 0 0 0 -1 2 -1 0 0 -1 0 -1 1 0 0 1 -1 0 -1 0 -1 -1 0 -1 1 0 1 1 1 1 0 -1 
    -1 -1 0 0 0 0 0 1 1)
(0 0 0 0 0 0 0 0 0 0 0 0 0 0 0 0 0 0 0 0 0 0 0 0 0 0 0 0 0 0 0 0 0 0 0 0 0 0 1 0
    0 0 0 0 -1 0 1 -1 1 -1 0 -1 -1 0 -1 0 0 0 0 0 0 0 0 0 -1 0 -1 1 0 1 1 1 1 0 
    -1 0 0 0 0 0 1 0)
(0 0 0 0 0 0 0 0 0 0 0 0 0 0 0 0 0 0 0 0 0 0 0 0 0 0 0 0 0 0 0 0 0 0 0 0 0 0 0 0
    1 0 0 0 -1 0 0 0 1 -1 1 -1 -1 0 -1 0 0 0 0 0 0 0 0 0 0 0 -1 0 -1 1 1 1 1 0 0
    0 -1 0 0 0 1 0)
(0 0 0 0 0 0 0 0 0 0 0 0 0 0 0 0 0 0 0 0 0 0 0 0 0 0 0 0 0 0 0 0 0 0 0 0 0 0 0 0
    0 0 1 0 -1 0 0 0 0 0 1 -1 0 0 -1 0 0 0 0 0 0 0 0 0 0 0 0 0 -1 0 0 1 1 0 0 0 
    0 0 -1 0 1 0)
Time elapsed for ev = i + 9 : 0.0800 
Time elapsed for i = 2 : 0.2500 
Time elapsed in total:  1.380

