/*
* Complex Hadamard matrix with v = 20:
* - number of matrices: N = 1
*/

Number of matrices:  1

========================= For  1 -th Matrix =========================
All eigenvalues:  [
    <-2*i + 4, 5>,
    <4*i + 2, 5>,
    <4*i - 2, 5>,
    <-2*i - 4, 5>
]

**** For eigenvalue ev = -2*i + 4 ****
Eigenspace attached to this ev:  
Vector space of degree 20, dimension 5 over R
Echelonized basis:
( 1  0  0  0  0  1  0  1  1  0 -1  0  0  0  0 -1  0 -1 -1  0)
( 0  1  0  0  0  0  1 -1  0 -1  0 -1  0  0  0  0 -1  1  0  1)
( 0  0  1  0  0 -1  0  0 -1  1  0  0 -1  0  0  1  0  0  1 -1)
( 0  0  0  1  0  0  1 -1 -1  0  0  0  0 -1  0  0 -1  1  1  0)
( 0  0  0  0  1 -1 -1  0  0  1  0  0  0  0 -1  1  1  0  0 -1)
Number of solutions: #S =  144
Solutions: #S =  [
    [ 1  1  1  1  1 -1  1 -1 -1  1 -1 -1 -1 -1 -1  1 -1  1  1 -1],

    [ 1  1  i  1  1 -i  1 -1 -i  i -1 -1 -i -1 -1  i -1  1  i -i],

    [ 1  i  i  1  1 -i  i -i -i  1 -1 -i -i -1 -1  i -i  i  i -1],

    [ i  i  i  1  1 -1  i -1 -1  1 -i -i -i -1 -1  1 -i  1  1 -1],

    [ 1  1 -1  1  1  1  1 -1  1 -1 -1 -1  1 -1 -1 -1 -1  1 -1  1],

    [ 1  i -1  1  1  1  i -i  1 -i -1 -i  1 -1 -1 -1 -i  i -1  i],

    [ i  i -1  1  1  i  i -1  i -i -i -i  1 -1 -1 -i -i  1 -i  i],

    [ 1 -1 -1  1  1  1 -1  1  1  1 -1  1  1 -1 -1 -1  1 -1 -1 -1],

    [ i -1 -1  1  1  i -1  i  i  1 -i  1  1 -1 -1 -i  1 -i -i -1],

    [-1 -1 -1  1  1 -1 -1 -1 -1  1  1  1  1 -1 -1  1  1  1  1 -1],

    [-i -1 -1  1  1 -i -1 -i -i  1  i  1  1 -1 -1  i  1  i  i -1],

    [ 1 -i -1  1  1  1 -i  i  1  i -1  i  1 -1 -1 -1  i -i -1 -i],

    [-i -i -1  1  1 -i -i -1 -i  i  i  i  1 -1 -1  i  i  1  i -i],

    [ 1  1 -i  1  1  i  1 -1  i -i -1 -1  i -1 -1 -i -1  1 -i  i],

    [ 1 -i -i  1  1  i -i  i  i  1 -1  i  i -1 -1 -i  i -i -i -1],

    [-i -i -i  1  1 -1 -i -1 -1  1  i  i  i -1 -1  1  i  1  1 -1],

    [ 1  1  1  i  1 -1  i -i -i  1 -1 -1 -1 -i -1  1 -i  i  i -1],

    [ i  1  i  i  1 -1  i -1 -i  i -i -1 -i -i -1  1 -i  1  i -i],

    [ i  1 -1  i  1  i  i -1  1 -1 -i -1  1 -i -1 -i -i  1 -1  1],

    [ i -i -1  i  1  i -1  i  1  i -i  i  1 -i -1 -i  1 -i -1 -i],

    [-1 -i -1  i  1 -1 -1 -1 -i  i  1  i  1 -i -1  1  1  1  i -i],

    [ 1  1 -i  i  1  i  i -i  1 -i -1 -1  i -i -1 -i -i  i -1  i],

    [ 1 -i -i  i  1  i -1  1  1  1 -1  i  i -i -1 -i  1 -1 -1 -1],

    [-i -i -i  i  1 -1 -1 -i -i  1  i  i  i -i -1  1  1  i  i -1],

    [ 1  1  1 -1  1 -1 -1  1  1  1 -1 -1 -1  1 -1  1  1 -1 -1 -1],

    [ i  1  i -1  1 -1 -1  i  1  i -i -1 -i  1 -1  1  1 -i -1 -i],

    [-1  1 -1 -1  1 -1 -1 -1  1 -1  1 -1  1  1 -1  1  1  1 -1  1],

    [-i  1 -i -1  1 -1 -1 -i  1 -i  i -1  i  1 -1  1  1  i -1  i],

    [ 1  1  1 -i  1 -1 -i  i  i  1 -1 -1 -1  i -1  1  i -i -i -1],

    [ 1  1  i -i  1 -i -i  i  1  i -1 -1 -i  i -1  i  i -i -1 -i],

    [ 1  i  i -i  1 -i -1  1  1  1 -1 -i -i  i -1  i  1 -1 -1 -1],

    [ i  i  i -i  1 -1 -1  i  i  1 -i -i -i  i -1  1  1 -i -i -1],

    [-i  1 -1 -i  1 -i -i -1  1 -1  i -1  1  i -1  i  i  1 -1  1],

    [-1  i -1 -i  1 -1 -1 -1  i -i  1 -i  1  i -1  1  1  1 -i  i],

    [-i  i -1 -i  1 -i -1 -i  1 -i  i -i  1  i -1  i  1  i -1  i],

    [-i  1 -i -i  1 -1 -i -1  i -i  i -1  i  i -1  1  i  1 -i  i],

    [ 1  i  1  1  i -i  1 -i -1  1 -1 -i -1 -1 -i  i -1  i  1 -1],

    [ i  i  i  1  i -i  1 -1 -1  i -i -i -i -1 -i  i -1  1  1 -i],

    [ i  i -1  1  i  1  1 -1  i -1 -i -i  1 -1 -i -1 -1  1 -i  1],

    [ i -1 -1  1  i  1 -i  i  i  i -i  1  1 -1 -i -1  i -i -i -i],

    [-1 -1 -1  1  i -i -i -1 -1  i  1  1  1 -1 -i  i  i  1  1 -i],

    [ 1  i -i  1  i  1  1 -i  i -i -1 -i  i -1 -i -1 -1  i -i  i],

    [ 1 -1 -i  1  i  1 -i  1  i  1 -1  1  i -1 -i -1  i -1 -i -1],

    [-i -1 -i  1  i -i -i -i -1  1  i  1  i -1 -i  i  i  i  1 -1],

    [ 1  1  1  i  i -i  1 -i -i  i -1 -1 -1 -i -i  i -1  i  i -i],

    [ i  1  1  i  i -1  1 -1 -1  i -i -1 -1 -i -i  1 -1  1  1 -i],

    [ i  i  1  i  i -1  i -i -1  1 -i -i -1 -i -i  1 -i  i  1 -1],

    [ i  i  i  i  i -i  i -i -i  i -i -i -i -i -i  i -i  i  i -i],

    [ i  i -1  i  i  1  i -i  1 -1 -i -i  1 -i -i -1 -i  i -1  1],

    [ i -1 -1  i  i  1 -1  1  1  i -i  1  1 -i -i -1  1 -1 -1 -i],

    [-1 -1 -1  i  i -i -1 -i -i  i  1  1  1 -i -i  i  1  i  i -i],

    [ 1  1 -i  i  i  1  1 -i  1 -1 -1 -1  i -i -i -1 -1  i -1  1],

    [ i  1 -i  i  i  i  1 -1  i -1 -i -1  i -i -i -i -1  1 -i  1],

    [ i  i -i  i  i  i  i -i  i -i -i -i  i -i -i -i -i  i -i  i],

    [ i -1 -i  i  i  i -1  1  i  1 -i  1  i -i -i -i  1 -1 -i -1],

    [-1 -1 -i  i  i -1 -1 -i -1  1  1  1  i -i -i  1  1  i  1 -1],

    [ 1 -i -i  i  i  1 -i  1  1  i -1  i  i -i -i -1  i -1 -1 -i],

    [ i -i -i  i  i  i -i  i  i  i -i  i  i -i -i -i  i -i -i -i],

    [-1 -i -i  i  i -1 -i -1 -1  i  1  i  i -i -i  1  i  1  1 -i],

    [-i -i -i  i  i -i -i -i -i  i  i  i  i -i -i  i  i  i  i -i],

    [ 1  1  1 -1  i -i -i  1  1  i -1 -1 -1  1 -i  i  i -1 -1 -i],

    [ i  1  1 -1  i -1 -i  i  i  i -i -1 -1  1 -i  1  i -i -i -i],

    [ i  i  1 -1  i -1 -1  1  i  1 -i -i -1  1 -i  1  1 -1 -i -1],

    [ i  i  i -1  i -i -1  1  1  i -i -i -i  1 -i  i  1 -1 -1 -i],

    [-1  i -1 -1  i -i -1 -i  1 -1  1 -i  1  1 -i  i  1  i -1  1],

    [-1  1 -i -1  i -1 -i -1  i -1  1 -1  i  1 -i  1  i  1 -i  1],

    [-i  1 -i -1  i -i -i -i  1 -1  i -1  i  1 -i  i  i  i -1  1],

    [-1  i -i -1  i -1 -1 -i  i -i  1 -i  i  1 -i  1  1  i -i  i],

    [ 1  i  1 -i  i -i -i  1  i  1 -1 -i -1  i -i  i  i -1 -i -1],

    [ i  i  i -i  i -i -i  i  i  i -i -i -i  i -i  i  i -i -i -i],

    [-1  i -1 -i  i -i -i -1  i -1  1 -i  1  i -i  i  i  1 -i  1],

    [-i  i -i -i  i -i -i -i  i -i  i -i  i  i -i  i  i  i -i  i],

    [ 1 -1  1  1 -1  1  1  1 -1  1 -1  1 -1 -1  1 -1 -1 -1  1 -1],

    [ i -1  i  1 -1  1  1  i -1  i -i  1 -i -1  1 -1 -1 -i  1 -i],

    [-1 -1 -1  1 -1  1  1 -1 -1 -1  1  1  1 -1  1 -1 -1  1  1  1],

    [-i -1 -i  1 -1  1  1 -i -1 -i  i  1  i -1  1 -1 -1  i  1  i],

    [ i -1  1  i -1  i  i  1 -1  1 -i  1 -1 -i  1 -i -i -1  1 -1],

    [ 1 -i  1  i -1  1  1  1 -i  i -1  i -1 -i  1 -1 -1 -1  i -i],

    [ i -i  1  i -1  i  1  i -1  i -i  i -1 -i  1 -i -1 -i  1 -i],

    [ i -1  i  i -1  1  i  1 -i  i -i  1 -i -i  1 -1 -i -1  i -i],

    [-1 -1 -1  i -1  1  i -i -i -1  1  1  1 -i  1 -1 -i  i  i  1],

    [-1 -1 -i  i -1  i  i -i -1 -i  1  1  i -i  1 -i -i  i  1  i],

    [-1 -i -i  i -1  i  1 -1 -1 -1  1  i  i -i  1 -i -1  1  1  1],

    [-i -i -i  i -1  1  1 -i -i -1  i  i  i -i  1 -1 -1  i  i  1],

    [ 1  1  1 -1 -1  1  1  1  1 -1 -1 -1 -1  1  1 -1 -1 -1 -1  1],

    [ i  1  1 -1 -1  i  1  i  i -1 -i -1 -1  1  1 -i -1 -i -i  1],

    [-1  1  1 -1 -1 -1  1 -1 -1 -1  1 -1 -1  1  1  1 -1  1  1  1],

    [-i  1  1 -1 -1 -i  1 -i -i -1  i -1 -1  1  1  i -1  i  i  1],

    [ i  i  1 -1 -1  i  i  1  i -i -i -i -1  1  1 -i -i -1 -i  i],

    [-1  i  1 -1 -1 -1  i -i -1 -i  1 -i -1  1  1  1 -i  i  1  i],

    [-1 -1  1 -1 -1 -1 -1  1 -1  1  1  1 -1  1  1  1  1 -1  1 -1],

    [-1 -i  1 -1 -1 -1 -i  i -1  i  1  i -1  1  1  1  i -i  1 -i],

    [-i -i  1 -1 -1 -i -i  1 -i  i  i  i -1  1  1  i  i -1  i -i],

    [ i  i  i -1 -1  1  i  1  1 -1 -i -i -i  1  1 -1 -i -1 -1  1],

    [-1  i  i -1 -1 -i  i -i -i -1  1 -i -i  1  1  i -i  i  i  1],

    [-1 -1  i -1 -1 -i -1  1 -i  i  1  1 -i  1  1  i  1 -1  i -i],

    [-1 -1 -1 -1 -1  1 -1  1  1 -1  1  1  1  1  1 -1  1 -1 -1  1],

    [-1 -1 -i -1 -1  i -1  1  i -i  1  1  i  1  1 -i  1 -1 -i  i],

    [-1 -i -i -1 -1  i -i  i  i -1  1  i  i  1  1 -i  i -i -i  1],

    [-i -i -i -1 -1  1 -i  1  1 -1  i  i  i  1  1 -1  i -1 -1  1],

    [ 1  i  1 -i -1  1  1  1  i -i -1 -i -1  i  1 -1 -1 -1 -i  i],

    [-i  i  1 -i -1 -i  1 -i -1 -i  i -i -1  i  1  i -1  i  1  i],

    [-i -1  1 -i -1 -i -i  1 -1  1  i  1 -1  i  1  i  i -1  1 -1],

    [ i  i  i -i -1  1  1  i  i -1 -i -i -i  i  1 -1 -1 -i -i  1],

    [-1  i  i -i -1 -i  1 -1 -1 -1  1 -i -i  i  1  i -1  1  1  1],

    [-1 -1  i -i -1 -i -i  i -1  i  1  1 -i  i  1  i  i -i  1 -i],

    [-1 -1 -1 -i -1  1 -i  i  i -1  1  1  1  i  1 -1  i -i -i  1],

    [-i -1 -i -i -1  1 -i  1  i -i  i  1  i  i  1 -1  i -1 -i  i],

    [ 1 -i  1  1 -i  i  1  i -1  1 -1  i -1 -1  i -i -1 -i  1 -1],

    [ 1 -1  i  1 -i  1  i  1 -i  1 -1  1 -i -1  i -1 -i -1  i -1],

    [ i -1  i  1 -i  i  i  i -1  1 -i  1 -i -1  i -i -i -i  1 -1],

    [ 1 -i  i  1 -i  1  1  i -i  i -1  i -i -1  i -1 -1 -i  i -i],

    [-1 -1 -1  1 -i  i  i -1 -1 -i  1  1  1 -1  i -i -i  1  1  i],

    [-i -1 -1  1 -i  1  i -i -i -i  i  1  1 -1  i -1 -i  i  i  i],

    [-i -i -1  1 -i  1  1 -1 -i -1  i  i  1 -1  i -1 -1  1  i  1],

    [-i -i -i  1 -i  i  1 -1 -1 -i  i  i  i -1  i -i -1  1  1  i],

    [ 1 -i  1  i -i  i  i  1 -i  1 -1  i -1 -i  i -i -i -1  i -1],

    [ i -i  i  i -i  i  i  i -i  i -i  i -i -i  i -i -i -i  i -i],

    [-1 -i -1  i -i  i  i -1 -i -1  1  i  1 -i  i -i -i  1  i  1],

    [-i -i -i  i -i  i  i -i -i -i  i  i  i -i  i -i -i  i  i  i],

    [ 1  1  1 -1 -i  i  i  1  1 -i -1 -1 -1  1  i -i -i -1 -1  i],

    [-i  1  1 -1 -i -1  i -i -i -i  i -1 -1  1  i  1 -i  i  i  i],

    [-i -i  1 -1 -i -1 -1  1 -i  1  i  i -1  1  i  1  1 -1  i -1],

    [ i  1  i -1 -i  i  i  i  1 -1 -i -1 -i  1  i -i -i -i -1  1],

    [-1  1  i -1 -i -1  i -1 -i -1  1 -1 -i  1  i  1 -i  1  i  1],

    [-1 -i  i -1 -i -1 -1  i -i  i  1  i -i  1  i  1  1 -i  i -i],

    [-1 -i -1 -1 -i  i -1  i  1 -1  1  i  1  1  i -i  1 -i -1  1],

    [-i -i -i -1 -i  i -1  1  1 -i  i  i  i  1  i -i  1 -1 -1  i],

    [ 1  1  1 -i -i  i  1  i  i -i -1 -1 -1  i  i -i -1 -i -i  i],

    [-i  1  1 -i -i -1  1 -1 -1 -i  i -1 -1  i  i  1 -1  1  1  i],

    [-i -i  1 -i -i -1 -i  i -1  1  i  i -1  i  i  1  i -i  1 -1],

    [ 1  1  i -i -i  1  1  i  1 -1 -1 -1 -i  i  i -1 -1 -i -1  1],

    [-i  1  i -i -i -i  1 -1 -i -1  i -1 -i  i  i  i -1  1  i  1],

    [ 1  i  i -i -i  1  i  1  1 -i -1 -i -i  i  i -1 -i -1 -1  i],

    [ i  i  i -i -i  i  i  i  i -i -i -i -i  i  i -i -i -i -i  i],

    [-1  i  i -i -i -1  i -1 -1 -i  1 -i -i  i  i  1 -i  1  1  i],

    [-i  i  i -i -i -i  i -i -i -i  i -i -i  i  i  i -i  i  i  i],

    [-1 -1  i -i -i -1 -1  i -1  1  1  1 -i  i  i  1  1 -i  1 -1],

    [-i -1  i -i -i -i -1  1 -i  1  i  1 -i  i  i  i  1 -1  i -1],

    [-i -i  i -i -i -i -i  i -i  i  i  i -i  i  i  i  i -i  i -i],

    [-1 -1 -1 -i -i  i -1  i  i -i  1  1  1  i  i -i  1 -i -i  i],

    [-i -1 -1 -i -i  1 -1  1  1 -i  i  1  1  i  i -1  1 -1 -1  i],

    [-i -i -1 -i -i  1 -i  i  1 -1  i  i  1  i  i -1  i -i -1  1],

    [-i -i -i -i -i  i -i  i  i -i  i  i  i  i  i -i  i -i -i  i]
]
Time elapsed for ev = -2*i + 4 : 0.2400 

**** For eigenvalue ev = 4*i + 2 ****
Eigenspace attached to this ev:  
Vector space of degree 20, dimension 5 over R
Echelonized basis:
( 1  0  0  0  0  1  0  1  1  0  1  0  0  0  0  1  0  1  1  0)
( 0  1  0  0  0  0  1 -1  0 -1  0  1  0  0  0  0  1 -1  0 -1)
( 0  0  1  0  0 -1  0  0 -1  1  0  0  1  0  0 -1  0  0 -1  1)
( 0  0  0  1  0  0  1 -1 -1  0  0  0  0  1  0  0  1 -1 -1  0)
( 0  0  0  0  1 -1 -1  0  0  1  0  0  0  0  1 -1 -1  0  0  1)
Number of solutions: #S =  144
Solutions: #S =  [
    [ 1  1  1  1  1 -1  1 -1 -1  1  1  1  1  1  1 -1  1 -1 -1  1],

    [ 1  1  i  1  1 -i  1 -1 -i  i  1  1  i  1  1 -i  1 -1 -i  i],

    [ 1  i  i  1  1 -i  i -i -i  1  1  i  i  1  1 -i  i -i -i  1],

    [ i  i  i  1  1 -1  i -1 -1  1  i  i  i  1  1 -1  i -1 -1  1],

    [ 1  1 -1  1  1  1  1 -1  1 -1  1  1 -1  1  1  1  1 -1  1 -1],

    [ 1  i -1  1  1  1  i -i  1 -i  1  i -1  1  1  1  i -i  1 -i],

    [ i  i -1  1  1  i  i -1  i -i  i  i -1  1  1  i  i -1  i -i],

    [ 1 -1 -1  1  1  1 -1  1  1  1  1 -1 -1  1  1  1 -1  1  1  1],

    [ i -1 -1  1  1  i -1  i  i  1  i -1 -1  1  1  i -1  i  i  1],

    [-1 -1 -1  1  1 -1 -1 -1 -1  1 -1 -1 -1  1  1 -1 -1 -1 -1  1],

    [-i -1 -1  1  1 -i -1 -i -i  1 -i -1 -1  1  1 -i -1 -i -i  1],

    [ 1 -i -1  1  1  1 -i  i  1  i  1 -i -1  1  1  1 -i  i  1  i],

    [-i -i -1  1  1 -i -i -1 -i  i -i -i -1  1  1 -i -i -1 -i  i],

    [ 1  1 -i  1  1  i  1 -1  i -i  1  1 -i  1  1  i  1 -1  i -i],

    [ 1 -i -i  1  1  i -i  i  i  1  1 -i -i  1  1  i -i  i  i  1],

    [-i -i -i  1  1 -1 -i -1 -1  1 -i -i -i  1  1 -1 -i -1 -1  1],

    [ 1  1  1  i  1 -1  i -i -i  1  1  1  1  i  1 -1  i -i -i  1],

    [ i  1  i  i  1 -1  i -1 -i  i  i  1  i  i  1 -1  i -1 -i  i],

    [ i  1 -1  i  1  i  i -1  1 -1  i  1 -1  i  1  i  i -1  1 -1],

    [ i -i -1  i  1  i -1  i  1  i  i -i -1  i  1  i -1  i  1  i],

    [-1 -i -1  i  1 -1 -1 -1 -i  i -1 -i -1  i  1 -1 -1 -1 -i  i],

    [ 1  1 -i  i  1  i  i -i  1 -i  1  1 -i  i  1  i  i -i  1 -i],

    [ 1 -i -i  i  1  i -1  1  1  1  1 -i -i  i  1  i -1  1  1  1],

    [-i -i -i  i  1 -1 -1 -i -i  1 -i -i -i  i  1 -1 -1 -i -i  1],

    [ 1  1  1 -1  1 -1 -1  1  1  1  1  1  1 -1  1 -1 -1  1  1  1],

    [ i  1  i -1  1 -1 -1  i  1  i  i  1  i -1  1 -1 -1  i  1  i],

    [-1  1 -1 -1  1 -1 -1 -1  1 -1 -1  1 -1 -1  1 -1 -1 -1  1 -1],

    [-i  1 -i -1  1 -1 -1 -i  1 -i -i  1 -i -1  1 -1 -1 -i  1 -i],

    [ 1  1  1 -i  1 -1 -i  i  i  1  1  1  1 -i  1 -1 -i  i  i  1],

    [ 1  1  i -i  1 -i -i  i  1  i  1  1  i -i  1 -i -i  i  1  i],

    [ 1  i  i -i  1 -i -1  1  1  1  1  i  i -i  1 -i -1  1  1  1],

    [ i  i  i -i  1 -1 -1  i  i  1  i  i  i -i  1 -1 -1  i  i  1],

    [-i  1 -1 -i  1 -i -i -1  1 -1 -i  1 -1 -i  1 -i -i -1  1 -1],

    [-1  i -1 -i  1 -1 -1 -1  i -i -1  i -1 -i  1 -1 -1 -1  i -i],

    [-i  i -1 -i  1 -i -1 -i  1 -i -i  i -1 -i  1 -i -1 -i  1 -i],

    [-i  1 -i -i  1 -1 -i -1  i -i -i  1 -i -i  1 -1 -i -1  i -i],

    [ 1  i  1  1  i -i  1 -i -1  1  1  i  1  1  i -i  1 -i -1  1],

    [ i  i  i  1  i -i  1 -1 -1  i  i  i  i  1  i -i  1 -1 -1  i],

    [ i  i -1  1  i  1  1 -1  i -1  i  i -1  1  i  1  1 -1  i -1],

    [ i -1 -1  1  i  1 -i  i  i  i  i -1 -1  1  i  1 -i  i  i  i],

    [-1 -1 -1  1  i -i -i -1 -1  i -1 -1 -1  1  i -i -i -1 -1  i],

    [ 1  i -i  1  i  1  1 -i  i -i  1  i -i  1  i  1  1 -i  i -i],

    [ 1 -1 -i  1  i  1 -i  1  i  1  1 -1 -i  1  i  1 -i  1  i  1],

    [-i -1 -i  1  i -i -i -i -1  1 -i -1 -i  1  i -i -i -i -1  1],

    [ 1  1  1  i  i -i  1 -i -i  i  1  1  1  i  i -i  1 -i -i  i],

    [ i  1  1  i  i -1  1 -1 -1  i  i  1  1  i  i -1  1 -1 -1  i],

    [ i  i  1  i  i -1  i -i -1  1  i  i  1  i  i -1  i -i -1  1],

    [ i  i  i  i  i -i  i -i -i  i  i  i  i  i  i -i  i -i -i  i],

    [ i  i -1  i  i  1  i -i  1 -1  i  i -1  i  i  1  i -i  1 -1],

    [ i -1 -1  i  i  1 -1  1  1  i  i -1 -1  i  i  1 -1  1  1  i],

    [-1 -1 -1  i  i -i -1 -i -i  i -1 -1 -1  i  i -i -1 -i -i  i],

    [ 1  1 -i  i  i  1  1 -i  1 -1  1  1 -i  i  i  1  1 -i  1 -1],

    [ i  1 -i  i  i  i  1 -1  i -1  i  1 -i  i  i  i  1 -1  i -1],

    [ i  i -i  i  i  i  i -i  i -i  i  i -i  i  i  i  i -i  i -i],

    [ i -1 -i  i  i  i -1  1  i  1  i -1 -i  i  i  i -1  1  i  1],

    [-1 -1 -i  i  i -1 -1 -i -1  1 -1 -1 -i  i  i -1 -1 -i -1  1],

    [ 1 -i -i  i  i  1 -i  1  1  i  1 -i -i  i  i  1 -i  1  1  i],

    [ i -i -i  i  i  i -i  i  i  i  i -i -i  i  i  i -i  i  i  i],

    [-1 -i -i  i  i -1 -i -1 -1  i -1 -i -i  i  i -1 -i -1 -1  i],

    [-i -i -i  i  i -i -i -i -i  i -i -i -i  i  i -i -i -i -i  i],

    [ 1  1  1 -1  i -i -i  1  1  i  1  1  1 -1  i -i -i  1  1  i],

    [ i  1  1 -1  i -1 -i  i  i  i  i  1  1 -1  i -1 -i  i  i  i],

    [ i  i  1 -1  i -1 -1  1  i  1  i  i  1 -1  i -1 -1  1  i  1],

    [ i  i  i -1  i -i -1  1  1  i  i  i  i -1  i -i -1  1  1  i],

    [-1  i -1 -1  i -i -1 -i  1 -1 -1  i -1 -1  i -i -1 -i  1 -1],

    [-1  1 -i -1  i -1 -i -1  i -1 -1  1 -i -1  i -1 -i -1  i -1],

    [-i  1 -i -1  i -i -i -i  1 -1 -i  1 -i -1  i -i -i -i  1 -1],

    [-1  i -i -1  i -1 -1 -i  i -i -1  i -i -1  i -1 -1 -i  i -i],

    [ 1  i  1 -i  i -i -i  1  i  1  1  i  1 -i  i -i -i  1  i  1],

    [ i  i  i -i  i -i -i  i  i  i  i  i  i -i  i -i -i  i  i  i],

    [-1  i -1 -i  i -i -i -1  i -1 -1  i -1 -i  i -i -i -1  i -1],

    [-i  i -i -i  i -i -i -i  i -i -i  i -i -i  i -i -i -i  i -i],

    [ 1 -1  1  1 -1  1  1  1 -1  1  1 -1  1  1 -1  1  1  1 -1  1],

    [ i -1  i  1 -1  1  1  i -1  i  i -1  i  1 -1  1  1  i -1  i],

    [-1 -1 -1  1 -1  1  1 -1 -1 -1 -1 -1 -1  1 -1  1  1 -1 -1 -1],

    [-i -1 -i  1 -1  1  1 -i -1 -i -i -1 -i  1 -1  1  1 -i -1 -i],

    [ i -1  1  i -1  i  i  1 -1  1  i -1  1  i -1  i  i  1 -1  1],

    [ 1 -i  1  i -1  1  1  1 -i  i  1 -i  1  i -1  1  1  1 -i  i],

    [ i -i  1  i -1  i  1  i -1  i  i -i  1  i -1  i  1  i -1  i],

    [ i -1  i  i -1  1  i  1 -i  i  i -1  i  i -1  1  i  1 -i  i],

    [-1 -1 -1  i -1  1  i -i -i -1 -1 -1 -1  i -1  1  i -i -i -1],

    [-1 -1 -i  i -1  i  i -i -1 -i -1 -1 -i  i -1  i  i -i -1 -i],

    [-1 -i -i  i -1  i  1 -1 -1 -1 -1 -i -i  i -1  i  1 -1 -1 -1],

    [-i -i -i  i -1  1  1 -i -i -1 -i -i -i  i -1  1  1 -i -i -1],

    [ 1  1  1 -1 -1  1  1  1  1 -1  1  1  1 -1 -1  1  1  1  1 -1],

    [ i  1  1 -1 -1  i  1  i  i -1  i  1  1 -1 -1  i  1  i  i -1],

    [-1  1  1 -1 -1 -1  1 -1 -1 -1 -1  1  1 -1 -1 -1  1 -1 -1 -1],

    [-i  1  1 -1 -1 -i  1 -i -i -1 -i  1  1 -1 -1 -i  1 -i -i -1],

    [ i  i  1 -1 -1  i  i  1  i -i  i  i  1 -1 -1  i  i  1  i -i],

    [-1  i  1 -1 -1 -1  i -i -1 -i -1  i  1 -1 -1 -1  i -i -1 -i],

    [-1 -1  1 -1 -1 -1 -1  1 -1  1 -1 -1  1 -1 -1 -1 -1  1 -1  1],

    [-1 -i  1 -1 -1 -1 -i  i -1  i -1 -i  1 -1 -1 -1 -i  i -1  i],

    [-i -i  1 -1 -1 -i -i  1 -i  i -i -i  1 -1 -1 -i -i  1 -i  i],

    [ i  i  i -1 -1  1  i  1  1 -1  i  i  i -1 -1  1  i  1  1 -1],

    [-1  i  i -1 -1 -i  i -i -i -1 -1  i  i -1 -1 -i  i -i -i -1],

    [-1 -1  i -1 -1 -i -1  1 -i  i -1 -1  i -1 -1 -i -1  1 -i  i],

    [-1 -1 -1 -1 -1  1 -1  1  1 -1 -1 -1 -1 -1 -1  1 -1  1  1 -1],

    [-1 -1 -i -1 -1  i -1  1  i -i -1 -1 -i -1 -1  i -1  1  i -i],

    [-1 -i -i -1 -1  i -i  i  i -1 -1 -i -i -1 -1  i -i  i  i -1],

    [-i -i -i -1 -1  1 -i  1  1 -1 -i -i -i -1 -1  1 -i  1  1 -1],

    [ 1  i  1 -i -1  1  1  1  i -i  1  i  1 -i -1  1  1  1  i -i],

    [-i  i  1 -i -1 -i  1 -i -1 -i -i  i  1 -i -1 -i  1 -i -1 -i],

    [-i -1  1 -i -1 -i -i  1 -1  1 -i -1  1 -i -1 -i -i  1 -1  1],

    [ i  i  i -i -1  1  1  i  i -1  i  i  i -i -1  1  1  i  i -1],

    [-1  i  i -i -1 -i  1 -1 -1 -1 -1  i  i -i -1 -i  1 -1 -1 -1],

    [-1 -1  i -i -1 -i -i  i -1  i -1 -1  i -i -1 -i -i  i -1  i],

    [-1 -1 -1 -i -1  1 -i  i  i -1 -1 -1 -1 -i -1  1 -i  i  i -1],

    [-i -1 -i -i -1  1 -i  1  i -i -i -1 -i -i -1  1 -i  1  i -i],

    [ 1 -i  1  1 -i  i  1  i -1  1  1 -i  1  1 -i  i  1  i -1  1],

    [ 1 -1  i  1 -i  1  i  1 -i  1  1 -1  i  1 -i  1  i  1 -i  1],

    [ i -1  i  1 -i  i  i  i -1  1  i -1  i  1 -i  i  i  i -1  1],

    [ 1 -i  i  1 -i  1  1  i -i  i  1 -i  i  1 -i  1  1  i -i  i],

    [-1 -1 -1  1 -i  i  i -1 -1 -i -1 -1 -1  1 -i  i  i -1 -1 -i],

    [-i -1 -1  1 -i  1  i -i -i -i -i -1 -1  1 -i  1  i -i -i -i],

    [-i -i -1  1 -i  1  1 -1 -i -1 -i -i -1  1 -i  1  1 -1 -i -1],

    [-i -i -i  1 -i  i  1 -1 -1 -i -i -i -i  1 -i  i  1 -1 -1 -i],

    [ 1 -i  1  i -i  i  i  1 -i  1  1 -i  1  i -i  i  i  1 -i  1],

    [ i -i  i  i -i  i  i  i -i  i  i -i  i  i -i  i  i  i -i  i],

    [-1 -i -1  i -i  i  i -1 -i -1 -1 -i -1  i -i  i  i -1 -i -1],

    [-i -i -i  i -i  i  i -i -i -i -i -i -i  i -i  i  i -i -i -i],

    [ 1  1  1 -1 -i  i  i  1  1 -i  1  1  1 -1 -i  i  i  1  1 -i],

    [-i  1  1 -1 -i -1  i -i -i -i -i  1  1 -1 -i -1  i -i -i -i],

    [-i -i  1 -1 -i -1 -1  1 -i  1 -i -i  1 -1 -i -1 -1  1 -i  1],

    [ i  1  i -1 -i  i  i  i  1 -1  i  1  i -1 -i  i  i  i  1 -1],

    [-1  1  i -1 -i -1  i -1 -i -1 -1  1  i -1 -i -1  i -1 -i -1],

    [-1 -i  i -1 -i -1 -1  i -i  i -1 -i  i -1 -i -1 -1  i -i  i],

    [-1 -i -1 -1 -i  i -1  i  1 -1 -1 -i -1 -1 -i  i -1  i  1 -1],

    [-i -i -i -1 -i  i -1  1  1 -i -i -i -i -1 -i  i -1  1  1 -i],

    [ 1  1  1 -i -i  i  1  i  i -i  1  1  1 -i -i  i  1  i  i -i],

    [-i  1  1 -i -i -1  1 -1 -1 -i -i  1  1 -i -i -1  1 -1 -1 -i],

    [-i -i  1 -i -i -1 -i  i -1  1 -i -i  1 -i -i -1 -i  i -1  1],

    [ 1  1  i -i -i  1  1  i  1 -1  1  1  i -i -i  1  1  i  1 -1],

    [-i  1  i -i -i -i  1 -1 -i -1 -i  1  i -i -i -i  1 -1 -i -1],

    [ 1  i  i -i -i  1  i  1  1 -i  1  i  i -i -i  1  i  1  1 -i],

    [ i  i  i -i -i  i  i  i  i -i  i  i  i -i -i  i  i  i  i -i],

    [-1  i  i -i -i -1  i -1 -1 -i -1  i  i -i -i -1  i -1 -1 -i],

    [-i  i  i -i -i -i  i -i -i -i -i  i  i -i -i -i  i -i -i -i],

    [-1 -1  i -i -i -1 -1  i -1  1 -1 -1  i -i -i -1 -1  i -1  1],

    [-i -1  i -i -i -i -1  1 -i  1 -i -1  i -i -i -i -1  1 -i  1],

    [-i -i  i -i -i -i -i  i -i  i -i -i  i -i -i -i -i  i -i  i],

    [-1 -1 -1 -i -i  i -1  i  i -i -1 -1 -1 -i -i  i -1  i  i -i],

    [-i -1 -1 -i -i  1 -1  1  1 -i -i -1 -1 -i -i  1 -1  1  1 -i],

    [-i -i -1 -i -i  1 -i  i  1 -1 -i -i -1 -i -i  1 -i  i  1 -1],

    [-i -i -i -i -i  i -i  i  i -i -i -i -i -i -i  i -i  i  i -i]
]
Time elapsed for ev = 4*i + 2 : 0.2400 

**** For eigenvalue ev = 4*i - 2 ****
Eigenspace attached to this ev:  
Vector space of degree 20, dimension 5 over R
Echelonized basis:
( 1  0  0  0  0  0 -1  0 -1 -1 -1  0  0  0  0  0  1  0  1  1)
( 0  1  0  0  0  1 -1  0 -1  0  0 -1  0  0  0 -1  1  0  1  0)
( 0  0  1  0  0  1 -1 -1  0  0  0  0 -1  0  0 -1  1  1  0  0)
( 0  0  0  1  0 -1  0  1  0 -1  0  0  0 -1  0  1  0 -1  0  1)
( 0  0  0  0  1  0  0  1 -1 -1  0  0  0  0 -1  0  0 -1  1  1)
Number of solutions: #S =  144
Solutions: #S =  [
    [-1  1  1  1  1  1 -1  1 -1 -1  1 -1 -1 -1 -1 -1  1 -1  1  1],

    [-1  i  1  1  1  i -i  1 -i -1  1 -i -1 -1 -1 -i  i -1  i  1],

    [-1 -1  1  1  1 -1  1  1  1 -1  1  1 -1 -1 -1  1 -1 -1 -1  1],

    [-1 -i  1  1  1 -i  i  1  i -1  1  i -1 -1 -1  i -i -1 -i  1],

    [-1  i  1  i  1  1 -i  i -i -i  1 -i -1 -i -1 -1  i -i  i  i],

    [-i  i  1  i  1  1 -1  i -1 -1  i -i -1 -i -1 -1  1 -i  1  1],

    [-1 -1  1  i  1 -i  1  i  1 -i  1  1 -1 -i -1  i -1 -i -1  i],

    [-i -1  1  i  1 -i  i  i  i -1  i  1 -1 -i -1  i -i -i -i  1],

    [-1  1  i  i  1  1 -i  1 -1 -i  1 -1 -i -i -1 -1  i -1  1  i],

    [-i  i  i  i  1  i -i  1 -1 -1  i -i -i -i -1 -i  i -1  1  1],

    [-i -1  i  i  1 -1  1  1  i -1  i  1 -i -i -1  1 -1 -1 -i  1],

    [-1 -i  i  i  1 -i  1  1  i -i  1  i -i -i -1  i -1 -1 -i  i],

    [ 1 -1  1 -1  1  1 -1 -1 -1 -1 -1  1 -1  1 -1 -1  1  1  1  1],

    [ i -1  1 -1  1  1 -i -1 -i -i -i  1 -1  1 -1 -1  i  1  i  i],

    [-1 -1  1 -1  1  1  1 -1  1  1  1  1 -1  1 -1 -1 -1  1 -1 -1],

    [-i -1  1 -1  1  1  i -1  i  i  i  1 -1  1 -1 -1 -i  1 -i -i],

    [ 1 -1  i -1  1  i -i -i -1 -1 -1  1 -i  1 -1 -i  i  i  1  1],

    [-i -1  i -1  1  i  1 -i  i  i  i  1 -i  1 -1 -i -1  i -i -i],

    [ i -i  i -1  1  1 -i -i -1 -i -i  i -i  1 -1 -1  i  i  1  i],

    [-1 -i  i -1  1  1  1 -i  i  1  1  i -i  1 -1 -1 -1  i -i -1],

    [-1  1 -1 -1  1  1  1  1 -1  1  1 -1  1  1 -1 -1 -1 -1  1 -1],

    [-i  i -1 -1  1  i  1  1 -1  i  i -i  1  1 -1 -i -1 -1  1 -i],

    [ 1 -1 -1 -1  1 -1  1  1 -1 -1 -1  1  1  1 -1  1 -1 -1  1  1],

    [ i -i -1 -1  1 -i  1  1 -1 -i -i  i  1  1 -1  i -1 -1  1  i],

    [-1  i -i -1  1  1  1  i -i  1  1 -i  i  1 -1 -1 -1 -i  i -1],

    [-i  i -i -1  1  1  i  i -1  i  i -i  i  1 -1 -1 -i -i  1 -i],

    [ 1 -1 -i -1  1 -i  i  i -1 -1 -1  1  i  1 -1  i -i -i  1  1],

    [ i -1 -i -1  1 -i  1  i -i -i -i  1  i  1 -1  i -1 -i  i  i],

    [ i -1  1 -i  1  i -i -i -i -1 -i  1 -1  i -1 -i  i  i  i  1],

    [-1 -1  1 -i  1  i  1 -i  1  i  1  1 -1  i -1 -i -1  i -1 -i],

    [ i -i  1 -i  1  1 -1 -i -1 -1 -i  i -1  i -1 -1  1  i  1  1],

    [-1 -i  1 -i  1  1  i -i  i  i  1  i -1  i -1 -1 -i  i -i -i],

    [-1  1 -i -i  1  1  i  1 -1  i  1 -1  i  i -1 -1 -i -1  1 -i],

    [-1  i -i -i  1  i  1  1 -i  i  1 -i  i  i -1 -i -1 -1  i -i],

    [ i -1 -i -i  1 -1  1  1 -i -1 -i  1  i  i -1  1 -1 -1  i  1],

    [ i -i -i -i  1 -i  i  1 -1 -1 -i  i  i  i -1  i -i -1  1  1],

    [-1  1  1  1  i  1 -1  i -i -i  1 -1 -1 -1 -i -1  1 -i  i  i],

    [-i  i  1  1  i  i -1  i -i -1  i -i -1 -1 -i -i  1 -i  i  1],

    [-i -1  1  1  i -1  i  i  1 -1  i  1 -1 -1 -i  1 -i -i -1  1],

    [-1 -i  1  1  i -i  i  i  1 -i  1  i -1 -1 -i  i -i -i -1  i],

    [-1  1  i  1  i  i -i  1 -i -i  1 -1 -i -1 -i -i  i -1  i  i],

    [-i  1  i  1  i  i -1  1 -1 -1  i -1 -i -1 -i -i  1 -1  1  1],

    [-1 -i  i  1  i -1  1  1  1 -i  1  i -i -1 -i  1 -1 -1 -1  i],

    [-i -i  i  1  i -1  i  1  i -1  i  i -i -1 -i  1 -i -1 -i  1],

    [-i  1  i  i  i  1 -1  i -1 -i  i -1 -i -i -i -1  1 -i  1  i],

    [-i  i  i  i  i  i -i  i -i -i  i -i -i -i -i -i  i -i  i  i],

    [-i -1  i  i  i -1  1  i  1 -i  i  1 -i -i -i  1 -1 -i -1  i],

    [-i -i  i  i  i -i  i  i  i -i  i  i -i -i -i  i -i -i -i  i],

    [ 1 -1  i -1  i  i -i -1 -i -i -1  1 -i  1 -i -i  i  1  i  i],

    [-i -1  i -1  i  i  1 -1  1  1  i  1 -i  1 -i -i -1  1 -1 -1],

    [ 1 -i  i -1  i  1 -1 -1 -1 -i -1  i -i  1 -i -1  1  1  1  i],

    [-i -i  i -1  i  1  i -1  i  1  i  i -i  1 -i -1 -i  1 -i -1],

    [-i  1 -1 -1  i  1  i  i -1  1  i -1  1  1 -i -1 -i -i  1 -1],

    [-i  i -1 -1  i  i  1  i -i  1  i -i  1  1 -i -i -1 -i  i -1],

    [ 1 -1 -1 -1  i -1  1  i -i -i -1  1  1  1 -i  1 -1 -i  i  i],

    [ 1 -i -1 -1  i -i  i  i -1 -i -1  i  1  1 -i  i -i -i  1  i],

    [ 1 -1  1 -i  i  i -1 -1 -i -1 -1  1 -1  i -i -i  1  1  i  1],

    [-i -1  1 -i  i  i  i -1  1  i  i  1 -1  i -i -i -i  1 -1 -i],

    [ i -i  1 -i  i  1 -1 -1 -i -i -i  i -1  i -i -1  1  1  i  i],

    [-1 -i  1 -i  i  1  i -1  1  1  1  i -1  i -i -1 -i  1 -1 -1],

    [ 1 -i  i -i  i  i -1 -i -1 -1 -1  i -i  i -i -i  1  i  1  1],

    [ i -i  i -i  i  i -i -i -i -i -i  i -i  i -i -i  i  i  i  i],

    [-1 -i  i -i  i  i  1 -i  1  1  1  i -i  i -i -i -1  i -1 -1],

    [-i -i  i -i  i  i  i -i  i  i  i  i -i  i -i -i -i  i -i -i],

    [-1  1 -1 -i  i  i  1  1 -i  1  1 -1  1  i -i -i -1 -1  i -1],

    [-i  1 -1 -i  i  i  i  1 -1  i  i -1  1  i -i -i -i -1  1 -i],

    [ 1 -i -1 -i  i -1  i  1 -1 -1 -1  i  1  i -i  1 -i -1  1  1],

    [ i -i -1 -i  i -1  1  1 -i -i -i  i  1  i -i  1 -1 -1  i  i],

    [-1  1 -i -i  i  1  i  i -i  1  1 -1  i  i -i -1 -i -i  i -1],

    [-i  i -i -i  i  i  i  i -i  i  i -i  i  i -i -i -i -i  i -i],

    [ 1 -1 -i -i  i -1  i  i -i -1 -1  1  i  i -i  1 -i -i  i  1],

    [ i -i -i -i  i -i  i  i -i -i -i  i  i  i -i  i -i -i  i  i],

    [-1  1  1  1 -1  1 -1 -1  1  1  1 -1 -1 -1  1 -1  1  1 -1 -1],

    [-i  i  1  1 -1  i -1 -1  1  i  i -i -1 -1  1 -i  1  1 -1 -i],

    [ 1 -1  1  1 -1 -1 -1 -1  1 -1 -1  1 -1 -1  1  1  1  1 -1  1],

    [ i -i  1  1 -1 -i -1 -1  1 -i -i  i -1 -1  1  i  1  1 -1  i],

    [-1  1  i  1 -1  i -i -i  1  1  1 -1 -i -1  1 -i  i  i -1 -1],

    [-i  1  i  1 -1  i -1 -i  i  i  i -1 -i -1  1 -i  1  i -i -i],

    [ 1 -i  i  1 -1 -1 -1 -i  i -1 -1  i -i -1  1  1  1  i -i  1],

    [ i -i  i  1 -1 -1 -i -i  1 -i -i  i -i -1  1  1  i  i -1  i],

    [ 1  1 -1  1 -1 -1 -1  1 -1 -1 -1 -1  1 -1  1  1  1 -1  1  1],

    [ i  1 -1  1 -1 -1 -i  1 -i -i -i -1  1 -1  1  1  i -1  i  i],

    [-1  1 -1  1 -1 -1  1  1  1  1  1 -1  1 -1  1  1 -1 -1 -1 -1],

    [-i  1 -1  1 -1 -1  i  1  i  i  i -1  1 -1  1  1 -i -1 -i -i],

    [ i  1 -i  1 -1 -i -1  i -i -i -i -1  i -1  1  i  1 -i  i  i],

    [-1  1 -i  1 -1 -i  i  i  1  1  1 -1  i -1  1  i -i -i -1 -1],

    [ 1  i -i  1 -1 -1 -1  i -i -1 -1 -i  i -1  1  1  1 -i  i  1],

    [-i  i -i  1 -1 -1  i  i  1  i  i -i  i -1  1  1 -i -i -1 -i],

    [-i  1  i  i -1  1 -1 -1  i  1  i -1 -i -i  1 -1  1  1 -i -1],

    [-i  i  i  i -1  i -i -1  1  1  i -i -i -i  1 -i  i  1 -1 -1],

    [ 1 -1  i  i -1 -1 -i -1  1 -i -1  1 -i -i  1  1  i  1 -1  i],

    [ 1 -i  i  i -1 -i -1 -1  i -i -1  i -i -i  1  i  1  1 -i  i],

    [ 1  1 -1  i -1 -i -1  i -1 -i -1 -1  1 -i  1  i  1 -i  1  i],

    [-i  1 -1  i -1 -i  i  i  i  1  i -1  1 -i  1  i -i -i -i -1],

    [ 1  i -1  i -1 -1 -i  i -i -i -1 -i  1 -i  1  1  i -i  i  i],

    [-i  i -1  i -1 -1  1  i  1  1  i -i  1 -i  1  1 -1 -i -1 -1],

    [ 1  1 -1 -1 -1  1 -1 -1 -1  1 -1 -1  1  1  1 -1  1  1  1 -1],

    [ 1  i -1 -1 -1  i -i -1 -i  1 -1 -i  1  1  1 -i  i  1  i -1],

    [ 1 -1 -1 -1 -1 -1  1 -1  1  1 -1  1  1  1  1  1 -1  1 -1 -1],

    [ 1 -i -1 -1 -1 -i  i -1  i  1 -1  i  1  1  1  i -i  1 -i -1],

    [ 1  1 -1 -i -1  i -1 -i -1  i -1 -1  1  i  1 -i  1  i  1 -i],

    [ i  1 -1 -i -1  i -i -i -i  1 -i -1  1  i  1 -i  i  i  i -1],

    [ 1 -i -1 -i -1 -1  i -i  i  i -1  i  1  i  1  1 -i  i -i -i],

    [ i -i -1 -i -1 -1  1 -i  1  1 -i  i  1  i  1  1 -1  i -1 -1],

    [ i  1 -i -i -1  1 -1 -1 -i  1 -i -1  i  i  1 -1  1  1  i -1],

    [ 1  i -i -i -1  i -1 -1 -i  i -1 -i  i  i  1 -i  1  1  i -i],

    [ 1 -1 -i -i -1 -1  i -1  1  i -1  1  i  i  1  1 -i  1 -1 -i],

    [ i -i -i -i -1 -i  i -1  1  1 -i  i  i  i  1  i -i  1 -1 -1],

    [-1  1  1  1 -i  1 -1 -i  i  i  1 -1 -1 -1  i -1  1  i -i -i],

    [-1  i  1  1 -i  i -i -i  1  i  1 -i -1 -1  i -i  i  i -1 -i],

    [ i -1  1  1 -i -1 -i -i  1 -1 -i  1 -1 -1  i  1  i  i -1  1],

    [ i -i  1  1 -i -i -1 -i  i -1 -i  i -1 -1  i  i  1  i -i  1],

    [ i  1 -i  1 -i -i -1  1 -1 -1 -i -1  i -1  i  i  1 -1  1  1],

    [-1  1 -i  1 -i -i  i  1  i  i  1 -1  i -1  i  i -i -1 -i -i],

    [ i  i -i  1 -i -1 -i  1 -i -1 -i -i  i -1  i  1  i -1  i  1],

    [-1  i -i  1 -i -1  1  1  1  i  1 -i  i -1  i  1 -1 -1 -1 -i],

    [-1  i  1  i -i  1 -i -1  1  1  1 -i -1 -i  i -1  i  1 -1 -1],

    [-i  i  1  i -i  1 -1 -1  i  i  i -i -1 -i  i -1  1  1 -i -i],

    [ 1 -1  1  i -i -i -1 -1  i -1 -1  1 -1 -i  i  i  1  1 -i  1],

    [ i -1  1  i -i -i -i -1  1 -i -i  1 -1 -i  i  i  i  1 -1  i],

    [-1  1  i  i -i  1 -i -i  i  1  1 -1 -i -i  i -1  i  i -i -1],

    [-i  i  i  i -i  i -i -i  i  i  i -i -i -i  i -i  i  i -i -i],

    [ 1 -1  i  i -i -1 -i -i  i -1 -1  1 -i -i  i  1  i  i -i  1],

    [ i -i  i  i -i -i -i -i  i -i -i  i -i -i  i  i  i  i -i  i],

    [ i  1 -1  i -i -i -i  1 -1 -i -i -1  1 -i  i  i  i -1  1  i],

    [-1  1 -1  i -i -i  1  1  i  1  1 -1  1 -i  i  i -1 -1 -i -1],

    [ 1  i -1  i -i -1 -i  1 -1 -1 -1 -i  1 -i  i  1  i -1  1  1],

    [-i  i -1  i -i -1  1  1  i  i  i -i  1 -i  i  1 -1 -1 -i -i],

    [ 1  i -i  i -i -i -1  i -1 -1 -1 -i  i -i  i  i  1 -i  1  1],

    [ i  i -i  i -i -i -i  i -i -i -i -i  i -i  i  i  i -i  i  i],

    [-1  i -i  i -i -i  1  i  1  1  1 -i  i -i  i  i -1 -i -1 -1],

    [-i  i -i  i -i -i  i  i  i  i  i -i  i -i  i  i -i -i -i -i],

    [ i  1 -1 -1 -i  1 -i -i -1  1 -i -1  1  1  i -1  i  i  1 -1],

    [ 1  i -1 -1 -i  i -i -i -1  i -1 -i  1  1  i -i  i  i  1 -i],

    [ 1 -1 -1 -1 -i -1  1 -i  i  i -1  1  1  1  i  1 -1  i -i -i],

    [ i -i -1 -1 -i -i  1 -i  i  1 -i  i  1  1  i  i -1  i -i -1],

    [ 1  i -i -1 -i  1 -1 -1 -1  i -1 -i  i  1  i -1  1  1  1 -i],

    [ i  i -i -1 -i  1 -i -1 -i  1 -i -i  i  1  i -1  i  1  i -1],

    [ 1 -1 -i -1 -i -i  i -1  i  i -1  1  i  1  i  i -i  1 -i -i],

    [ i -1 -i -1 -i -i  1 -1  1  1 -i  1  i  1  i  i -1  1 -1 -1],

    [ i  1 -i -i -i  1 -1 -i -1  i -i -1  i  i  i -1  1  i  1 -i],

    [ i  i -i -i -i  i -i -i -i  i -i -i  i  i  i -i  i  i  i -i],

    [ i -1 -i -i -i -1  1 -i  1  i -i  1  i  i  i  1 -1  i -1 -i],

    [ i -i -i -i -i -i  i -i  i  i -i  i  i  i  i  i -i  i -i -i]
]
Time elapsed for ev = 4*i - 2 : 0.2300 

**** For eigenvalue ev = -2*i - 4 ****
Eigenspace attached to this ev:  
Vector space of degree 20, dimension 5 over R
Echelonized basis:
( 1  0  0  0  0  0 -1  0 -1 -1  1  0  0  0  0  0 -1  0 -1 -1)
( 0  1  0  0  0  1 -1  0 -1  0  0  1  0  0  0  1 -1  0 -1  0)
( 0  0  1  0  0  1 -1 -1  0  0  0  0  1  0  0  1 -1 -1  0  0)
( 0  0  0  1  0 -1  0  1  0 -1  0  0  0  1  0 -1  0  1  0 -1)
( 0  0  0  0  1  0  0  1 -1 -1  0  0  0  0  1  0  0  1 -1 -1)
Number of solutions: #S =  144
Solutions: #S =  [
    [-1  1  1  1  1  1 -1  1 -1 -1 -1  1  1  1  1  1 -1  1 -1 -1],

    [-1  i  1  1  1  i -i  1 -i -1 -1  i  1  1  1  i -i  1 -i -1],

    [-1 -1  1  1  1 -1  1  1  1 -1 -1 -1  1  1  1 -1  1  1  1 -1],

    [-1 -i  1  1  1 -i  i  1  i -1 -1 -i  1  1  1 -i  i  1  i -1],

    [-1  i  1  i  1  1 -i  i -i -i -1  i  1  i  1  1 -i  i -i -i],

    [-i  i  1  i  1  1 -1  i -1 -1 -i  i  1  i  1  1 -1  i -1 -1],

    [-1 -1  1  i  1 -i  1  i  1 -i -1 -1  1  i  1 -i  1  i  1 -i],

    [-i -1  1  i  1 -i  i  i  i -1 -i -1  1  i  1 -i  i  i  i -1],

    [-1  1  i  i  1  1 -i  1 -1 -i -1  1  i  i  1  1 -i  1 -1 -i],

    [-i  i  i  i  1  i -i  1 -1 -1 -i  i  i  i  1  i -i  1 -1 -1],

    [-i -1  i  i  1 -1  1  1  i -1 -i -1  i  i  1 -1  1  1  i -1],

    [-1 -i  i  i  1 -i  1  1  i -i -1 -i  i  i  1 -i  1  1  i -i],

    [ 1 -1  1 -1  1  1 -1 -1 -1 -1  1 -1  1 -1  1  1 -1 -1 -1 -1],

    [ i -1  1 -1  1  1 -i -1 -i -i  i -1  1 -1  1  1 -i -1 -i -i],

    [-1 -1  1 -1  1  1  1 -1  1  1 -1 -1  1 -1  1  1  1 -1  1  1],

    [-i -1  1 -1  1  1  i -1  i  i -i -1  1 -1  1  1  i -1  i  i],

    [ 1 -1  i -1  1  i -i -i -1 -1  1 -1  i -1  1  i -i -i -1 -1],

    [-i -1  i -1  1  i  1 -i  i  i -i -1  i -1  1  i  1 -i  i  i],

    [ i -i  i -1  1  1 -i -i -1 -i  i -i  i -1  1  1 -i -i -1 -i],

    [-1 -i  i -1  1  1  1 -i  i  1 -1 -i  i -1  1  1  1 -i  i  1],

    [-1  1 -1 -1  1  1  1  1 -1  1 -1  1 -1 -1  1  1  1  1 -1  1],

    [-i  i -1 -1  1  i  1  1 -1  i -i  i -1 -1  1  i  1  1 -1  i],

    [ 1 -1 -1 -1  1 -1  1  1 -1 -1  1 -1 -1 -1  1 -1  1  1 -1 -1],

    [ i -i -1 -1  1 -i  1  1 -1 -i  i -i -1 -1  1 -i  1  1 -1 -i],

    [-1  i -i -1  1  1  1  i -i  1 -1  i -i -1  1  1  1  i -i  1],

    [-i  i -i -1  1  1  i  i -1  i -i  i -i -1  1  1  i  i -1  i],

    [ 1 -1 -i -1  1 -i  i  i -1 -1  1 -1 -i -1  1 -i  i  i -1 -1],

    [ i -1 -i -1  1 -i  1  i -i -i  i -1 -i -1  1 -i  1  i -i -i],

    [ i -1  1 -i  1  i -i -i -i -1  i -1  1 -i  1  i -i -i -i -1],

    [-1 -1  1 -i  1  i  1 -i  1  i -1 -1  1 -i  1  i  1 -i  1  i],

    [ i -i  1 -i  1  1 -1 -i -1 -1  i -i  1 -i  1  1 -1 -i -1 -1],

    [-1 -i  1 -i  1  1  i -i  i  i -1 -i  1 -i  1  1  i -i  i  i],

    [-1  1 -i -i  1  1  i  1 -1  i -1  1 -i -i  1  1  i  1 -1  i],

    [-1  i -i -i  1  i  1  1 -i  i -1  i -i -i  1  i  1  1 -i  i],

    [ i -1 -i -i  1 -1  1  1 -i -1  i -1 -i -i  1 -1  1  1 -i -1],

    [ i -i -i -i  1 -i  i  1 -1 -1  i -i -i -i  1 -i  i  1 -1 -1],

    [-1  1  1  1  i  1 -1  i -i -i -1  1  1  1  i  1 -1  i -i -i],

    [-i  i  1  1  i  i -1  i -i -1 -i  i  1  1  i  i -1  i -i -1],

    [-i -1  1  1  i -1  i  i  1 -1 -i -1  1  1  i -1  i  i  1 -1],

    [-1 -i  1  1  i -i  i  i  1 -i -1 -i  1  1  i -i  i  i  1 -i],

    [-1  1  i  1  i  i -i  1 -i -i -1  1  i  1  i  i -i  1 -i -i],

    [-i  1  i  1  i  i -1  1 -1 -1 -i  1  i  1  i  i -1  1 -1 -1],

    [-1 -i  i  1  i -1  1  1  1 -i -1 -i  i  1  i -1  1  1  1 -i],

    [-i -i  i  1  i -1  i  1  i -1 -i -i  i  1  i -1  i  1  i -1],

    [-i  1  i  i  i  1 -1  i -1 -i -i  1  i  i  i  1 -1  i -1 -i],

    [-i  i  i  i  i  i -i  i -i -i -i  i  i  i  i  i -i  i -i -i],

    [-i -1  i  i  i -1  1  i  1 -i -i -1  i  i  i -1  1  i  1 -i],

    [-i -i  i  i  i -i  i  i  i -i -i -i  i  i  i -i  i  i  i -i],

    [ 1 -1  i -1  i  i -i -1 -i -i  1 -1  i -1  i  i -i -1 -i -i],

    [-i -1  i -1  i  i  1 -1  1  1 -i -1  i -1  i  i  1 -1  1  1],

    [ 1 -i  i -1  i  1 -1 -1 -1 -i  1 -i  i -1  i  1 -1 -1 -1 -i],

    [-i -i  i -1  i  1  i -1  i  1 -i -i  i -1  i  1  i -1  i  1],

    [-i  1 -1 -1  i  1  i  i -1  1 -i  1 -1 -1  i  1  i  i -1  1],

    [-i  i -1 -1  i  i  1  i -i  1 -i  i -1 -1  i  i  1  i -i  1],

    [ 1 -1 -1 -1  i -1  1  i -i -i  1 -1 -1 -1  i -1  1  i -i -i],

    [ 1 -i -1 -1  i -i  i  i -1 -i  1 -i -1 -1  i -i  i  i -1 -i],

    [ 1 -1  1 -i  i  i -1 -1 -i -1  1 -1  1 -i  i  i -1 -1 -i -1],

    [-i -1  1 -i  i  i  i -1  1  i -i -1  1 -i  i  i  i -1  1  i],

    [ i -i  1 -i  i  1 -1 -1 -i -i  i -i  1 -i  i  1 -1 -1 -i -i],

    [-1 -i  1 -i  i  1  i -1  1  1 -1 -i  1 -i  i  1  i -1  1  1],

    [ 1 -i  i -i  i  i -1 -i -1 -1  1 -i  i -i  i  i -1 -i -1 -1],

    [ i -i  i -i  i  i -i -i -i -i  i -i  i -i  i  i -i -i -i -i],

    [-1 -i  i -i  i  i  1 -i  1  1 -1 -i  i -i  i  i  1 -i  1  1],

    [-i -i  i -i  i  i  i -i  i  i -i -i  i -i  i  i  i -i  i  i],

    [-1  1 -1 -i  i  i  1  1 -i  1 -1  1 -1 -i  i  i  1  1 -i  1],

    [-i  1 -1 -i  i  i  i  1 -1  i -i  1 -1 -i  i  i  i  1 -1  i],

    [ 1 -i -1 -i  i -1  i  1 -1 -1  1 -i -1 -i  i -1  i  1 -1 -1],

    [ i -i -1 -i  i -1  1  1 -i -i  i -i -1 -i  i -1  1  1 -i -i],

    [-1  1 -i -i  i  1  i  i -i  1 -1  1 -i -i  i  1  i  i -i  1],

    [-i  i -i -i  i  i  i  i -i  i -i  i -i -i  i  i  i  i -i  i],

    [ 1 -1 -i -i  i -1  i  i -i -1  1 -1 -i -i  i -1  i  i -i -1],

    [ i -i -i -i  i -i  i  i -i -i  i -i -i -i  i -i  i  i -i -i],

    [-1  1  1  1 -1  1 -1 -1  1  1 -1  1  1  1 -1  1 -1 -1  1  1],

    [-i  i  1  1 -1  i -1 -1  1  i -i  i  1  1 -1  i -1 -1  1  i],

    [ 1 -1  1  1 -1 -1 -1 -1  1 -1  1 -1  1  1 -1 -1 -1 -1  1 -1],

    [ i -i  1  1 -1 -i -1 -1  1 -i  i -i  1  1 -1 -i -1 -1  1 -i],

    [-1  1  i  1 -1  i -i -i  1  1 -1  1  i  1 -1  i -i -i  1  1],

    [-i  1  i  1 -1  i -1 -i  i  i -i  1  i  1 -1  i -1 -i  i  i],

    [ 1 -i  i  1 -1 -1 -1 -i  i -1  1 -i  i  1 -1 -1 -1 -i  i -1],

    [ i -i  i  1 -1 -1 -i -i  1 -i  i -i  i  1 -1 -1 -i -i  1 -i],

    [ 1  1 -1  1 -1 -1 -1  1 -1 -1  1  1 -1  1 -1 -1 -1  1 -1 -1],

    [ i  1 -1  1 -1 -1 -i  1 -i -i  i  1 -1  1 -1 -1 -i  1 -i -i],

    [-1  1 -1  1 -1 -1  1  1  1  1 -1  1 -1  1 -1 -1  1  1  1  1],

    [-i  1 -1  1 -1 -1  i  1  i  i -i  1 -1  1 -1 -1  i  1  i  i],

    [ i  1 -i  1 -1 -i -1  i -i -i  i  1 -i  1 -1 -i -1  i -i -i],

    [-1  1 -i  1 -1 -i  i  i  1  1 -1  1 -i  1 -1 -i  i  i  1  1],

    [ 1  i -i  1 -1 -1 -1  i -i -1  1  i -i  1 -1 -1 -1  i -i -1],

    [-i  i -i  1 -1 -1  i  i  1  i -i  i -i  1 -1 -1  i  i  1  i],

    [-i  1  i  i -1  1 -1 -1  i  1 -i  1  i  i -1  1 -1 -1  i  1],

    [-i  i  i  i -1  i -i -1  1  1 -i  i  i  i -1  i -i -1  1  1],

    [ 1 -1  i  i -1 -1 -i -1  1 -i  1 -1  i  i -1 -1 -i -1  1 -i],

    [ 1 -i  i  i -1 -i -1 -1  i -i  1 -i  i  i -1 -i -1 -1  i -i],

    [ 1  1 -1  i -1 -i -1  i -1 -i  1  1 -1  i -1 -i -1  i -1 -i],

    [-i  1 -1  i -1 -i  i  i  i  1 -i  1 -1  i -1 -i  i  i  i  1],

    [ 1  i -1  i -1 -1 -i  i -i -i  1  i -1  i -1 -1 -i  i -i -i],

    [-i  i -1  i -1 -1  1  i  1  1 -i  i -1  i -1 -1  1  i  1  1],

    [ 1  1 -1 -1 -1  1 -1 -1 -1  1  1  1 -1 -1 -1  1 -1 -1 -1  1],

    [ 1  i -1 -1 -1  i -i -1 -i  1  1  i -1 -1 -1  i -i -1 -i  1],

    [ 1 -1 -1 -1 -1 -1  1 -1  1  1  1 -1 -1 -1 -1 -1  1 -1  1  1],

    [ 1 -i -1 -1 -1 -i  i -1  i  1  1 -i -1 -1 -1 -i  i -1  i  1],

    [ 1  1 -1 -i -1  i -1 -i -1  i  1  1 -1 -i -1  i -1 -i -1  i],

    [ i  1 -1 -i -1  i -i -i -i  1  i  1 -1 -i -1  i -i -i -i  1],

    [ 1 -i -1 -i -1 -1  i -i  i  i  1 -i -1 -i -1 -1  i -i  i  i],

    [ i -i -1 -i -1 -1  1 -i  1  1  i -i -1 -i -1 -1  1 -i  1  1],

    [ i  1 -i -i -1  1 -1 -1 -i  1  i  1 -i -i -1  1 -1 -1 -i  1],

    [ 1  i -i -i -1  i -1 -1 -i  i  1  i -i -i -1  i -1 -1 -i  i],

    [ 1 -1 -i -i -1 -1  i -1  1  i  1 -1 -i -i -1 -1  i -1  1  i],

    [ i -i -i -i -1 -i  i -1  1  1  i -i -i -i -1 -i  i -1  1  1],

    [-1  1  1  1 -i  1 -1 -i  i  i -1  1  1  1 -i  1 -1 -i  i  i],

    [-1  i  1  1 -i  i -i -i  1  i -1  i  1  1 -i  i -i -i  1  i],

    [ i -1  1  1 -i -1 -i -i  1 -1  i -1  1  1 -i -1 -i -i  1 -1],

    [ i -i  1  1 -i -i -1 -i  i -1  i -i  1  1 -i -i -1 -i  i -1],

    [ i  1 -i  1 -i -i -1  1 -1 -1  i  1 -i  1 -i -i -1  1 -1 -1],

    [-1  1 -i  1 -i -i  i  1  i  i -1  1 -i  1 -i -i  i  1  i  i],

    [ i  i -i  1 -i -1 -i  1 -i -1  i  i -i  1 -i -1 -i  1 -i -1],

    [-1  i -i  1 -i -1  1  1  1  i -1  i -i  1 -i -1  1  1  1  i],

    [-1  i  1  i -i  1 -i -1  1  1 -1  i  1  i -i  1 -i -1  1  1],

    [-i  i  1  i -i  1 -1 -1  i  i -i  i  1  i -i  1 -1 -1  i  i],

    [ 1 -1  1  i -i -i -1 -1  i -1  1 -1  1  i -i -i -1 -1  i -1],

    [ i -1  1  i -i -i -i -1  1 -i  i -1  1  i -i -i -i -1  1 -i],

    [-1  1  i  i -i  1 -i -i  i  1 -1  1  i  i -i  1 -i -i  i  1],

    [-i  i  i  i -i  i -i -i  i  i -i  i  i  i -i  i -i -i  i  i],

    [ 1 -1  i  i -i -1 -i -i  i -1  1 -1  i  i -i -1 -i -i  i -1],

    [ i -i  i  i -i -i -i -i  i -i  i -i  i  i -i -i -i -i  i -i],

    [ i  1 -1  i -i -i -i  1 -1 -i  i  1 -1  i -i -i -i  1 -1 -i],

    [-1  1 -1  i -i -i  1  1  i  1 -1  1 -1  i -i -i  1  1  i  1],

    [ 1  i -1  i -i -1 -i  1 -1 -1  1  i -1  i -i -1 -i  1 -1 -1],

    [-i  i -1  i -i -1  1  1  i  i -i  i -1  i -i -1  1  1  i  i],

    [ 1  i -i  i -i -i -1  i -1 -1  1  i -i  i -i -i -1  i -1 -1],

    [ i  i -i  i -i -i -i  i -i -i  i  i -i  i -i -i -i  i -i -i],

    [-1  i -i  i -i -i  1  i  1  1 -1  i -i  i -i -i  1  i  1  1],

    [-i  i -i  i -i -i  i  i  i  i -i  i -i  i -i -i  i  i  i  i],

    [ i  1 -1 -1 -i  1 -i -i -1  1  i  1 -1 -1 -i  1 -i -i -1  1],

    [ 1  i -1 -1 -i  i -i -i -1  i  1  i -1 -1 -i  i -i -i -1  i],

    [ 1 -1 -1 -1 -i -1  1 -i  i  i  1 -1 -1 -1 -i -1  1 -i  i  i],

    [ i -i -1 -1 -i -i  1 -i  i  1  i -i -1 -1 -i -i  1 -i  i  1],

    [ 1  i -i -1 -i  1 -1 -1 -1  i  1  i -i -1 -i  1 -1 -1 -1  i],

    [ i  i -i -1 -i  1 -i -1 -i  1  i  i -i -1 -i  1 -i -1 -i  1],

    [ 1 -1 -i -1 -i -i  i -1  i  i  1 -1 -i -1 -i -i  i -1  i  i],

    [ i -1 -i -1 -i -i  1 -1  1  1  i -1 -i -1 -i -i  1 -1  1  1],

    [ i  1 -i -i -i  1 -1 -i -1  i  i  1 -i -i -i  1 -1 -i -1  i],

    [ i  i -i -i -i  i -i -i -i  i  i  i -i -i -i  i -i -i -i  i],

    [ i -1 -i -i -i -1  1 -i  1  i  i -1 -i -i -i -1  1 -i  1  i],

    [ i -i -i -i -i -i  i -i  i  i  i -i -i -i -i -i  i -i  i  i]
]
Time elapsed for ev = -2*i - 4 : 0.2400 
Time elapsed for i = 1 : 0.9600 
Time elapsed in total:  0.960