/*
* Complex Hadamard matrix with v = 90:
* - number of matrices: N = 1
*/

Number of matrices:  1

========================= For  1 -th Matrix =========================
All eigenvalues:  [
    <9*i + 3, 4>,
    <-9*i + 3, 4>
]

**** For eigenvalue ev = 9*i + 3 ****
Eigenspace attached to this ev:  
Vector space of degree 90, dimension 4 over R
Echelonized basis:
(1 0 0 0 -1 1 0 0 0 -1 1 0 0 0 -1 1 0 0 0 -1 1 0 0 0 -1 1 0 0 0 -1 1 0 0 0 -1 1 
    0 0 0 -1 1 0 0 0 -1 -2/5 4/5 0 -4/5 2/5 -2/5 4/5 0 -4/5 2/5 -2/5 4/5 0 -4/5 
    2/5 -2/5 4/5 0 -4/5 2/5 -2/5 4/5 0 -4/5 2/5 -2/5 4/5 0 -4/5 2/5 -2/5 4/5 0 
    -4/5 2/5 -2/5 4/5 0 -4/5 2/5 -2/5 4/5 0 -4/5 2/5)
(0 1 0 0 -1 0 1 0 0 -1 0 1 0 0 -1 0 1 0 0 -1 0 1 0 0 -1 0 1 0 0 -1 0 1 0 0 -1 0 
    1 0 0 -1 0 1 0 0 -1 0 2/5 4/5 -4/5 -2/5 0 2/5 4/5 -4/5 -2/5 0 2/5 4/5 -4/5 
    -2/5 0 2/5 4/5 -4/5 -2/5 0 2/5 4/5 -4/5 -2/5 0 2/5 4/5 -4/5 -2/5 0 2/5 4/5 
    -4/5 -2/5 0 2/5 4/5 -4/5 -2/5 0 2/5 4/5 -4/5 -2/5)
(0 0 1 0 -1 0 0 1 0 -1 0 0 1 0 -1 0 0 1 0 -1 0 0 1 0 -1 0 0 1 0 -1 0 0 1 0 -1 0 
    0 1 0 -1 0 0 1 0 -1 -4/5 4/5 2/5 0 -2/5 -4/5 4/5 2/5 0 -2/5 -4/5 4/5 2/5 0 
    -2/5 -4/5 4/5 2/5 0 -2/5 -4/5 4/5 2/5 0 -2/5 -4/5 4/5 2/5 0 -2/5 -4/5 4/5 
    2/5 0 -2/5 -4/5 4/5 2/5 0 -2/5 -4/5 4/5 2/5 0 -2/5)
(0 0 0 1 -1 0 0 0 1 -1 0 0 0 1 -1 0 0 0 1 -1 0 0 0 1 -1 0 0 0 1 -1 0 0 0 1 -1 0 
    0 0 1 -1 0 0 0 1 -1 -4/5 0 4/5 -2/5 2/5 -4/5 0 4/5 -2/5 2/5 -4/5 0 4/5 -2/5 
    2/5 -4/5 0 4/5 -2/5 2/5 -4/5 0 4/5 -2/5 2/5 -4/5 0 4/5 -2/5 2/5 -4/5 0 4/5 
    -2/5 2/5 -4/5 0 4/5 -2/5 2/5 -4/5 0 4/5 -2/5 2/5)
Number of solutions: #S =  0
Solutions: #S =  []
Time elapsed for ev = 9*i + 3 : 0.1500 

**** For eigenvalue ev = -9*i + 3 ****
Eigenspace attached to this ev:  
Vector space of degree 90, dimension 4 over R
Echelonized basis:
(1 0 0 0 -1 1 0 0 0 -1 1 0 0 0 -1 1 0 0 0 -1 1 0 0 0 -1 1 0 0 0 -1 1 0 0 0 -1 1 
    0 0 0 -1 1 0 0 0 -1 1/2 -1 0 1 -1/2 1/2 -1 0 1 -1/2 1/2 -1 0 1 -1/2 1/2 -1 0
    1 -1/2 1/2 -1 0 1 -1/2 1/2 -1 0 1 -1/2 1/2 -1 0 1 -1/2 1/2 -1 0 1 -1/2 1/2 
    -1 0 1 -1/2)
(0 1 0 0 -1 0 1 0 0 -1 0 1 0 0 -1 0 1 0 0 -1 0 1 0 0 -1 0 1 0 0 -1 0 1 0 0 -1 0 
    1 0 0 -1 0 1 0 0 -1 0 -1/2 -1 1 1/2 0 -1/2 -1 1 1/2 0 -1/2 -1 1 1/2 0 -1/2 
    -1 1 1/2 0 -1/2 -1 1 1/2 0 -1/2 -1 1 1/2 0 -1/2 -1 1 1/2 0 -1/2 -1 1 1/2 0 
    -1/2 -1 1 1/2)
(0 0 1 0 -1 0 0 1 0 -1 0 0 1 0 -1 0 0 1 0 -1 0 0 1 0 -1 0 0 1 0 -1 0 0 1 0 -1 0 
    0 1 0 -1 0 0 1 0 -1 1 -1 -1/2 0 1/2 1 -1 -1/2 0 1/2 1 -1 -1/2 0 1/2 1 -1 
    -1/2 0 1/2 1 -1 -1/2 0 1/2 1 -1 -1/2 0 1/2 1 -1 -1/2 0 1/2 1 -1 -1/2 0 1/2 1
    -1 -1/2 0 1/2)
(0 0 0 1 -1 0 0 0 1 -1 0 0 0 1 -1 0 0 0 1 -1 0 0 0 1 -1 0 0 0 1 -1 0 0 0 1 -1 0 
    0 0 1 -1 0 0 0 1 -1 1 0 -1 1/2 -1/2 1 0 -1 1/2 -1/2 1 0 -1 1/2 -1/2 1 0 -1 
    1/2 -1/2 1 0 -1 1/2 -1/2 1 0 -1 1/2 -1/2 1 0 -1 1/2 -1/2 1 0 -1 1/2 -1/2 1 0
    -1 1/2 -1/2)
Number of solutions: #S =  0
Solutions: #S =  []
Time elapsed for ev = -9*i + 3 : 0.1400 
Time elapsed for i = 1 : 8.5900 
Time elapsed in total:  8.590