/*
* Complex Hadamard matrix with v = 18:
* - number of matrices: N = 1
*/

Number of matrices:  1

========================= For  1 -th Matrix =========================
All eigenvalues:  [
    <3*i - 3, 1>,
    <-3*i - 3, 1>
]

**** For eigenvalue ev = 3*i - 3 ****
Eigenspace attached to this ev:
Vector space of degree 18, dimension 1 over R
Echelonized basis:
( 1  1  1  1  1  1  1  1  1 -1 -1 -1 -1 -1 -1 -1 -1 -1)
Number of solutions: #S =  4
Solutions: #S =  [
    [ 1  1  1  1  1  1  1  1  1 -1 -1 -1 -1 -1 -1 -1 -1 -1],

    [ i  i  i  i  i  i  i  i  i -i -i -i -i -i -i -i -i -i],

    [-1 -1 -1 -1 -1 -1 -1 -1 -1  1  1  1  1  1  1  1  1  1],

    [-i -i -i -i -i -i -i -i -i  i  i  i  i  i  i  i  i  i]
]
Time elapsed for ev = 3*i - 3 : 0.0000

**** For eigenvalue ev = -3*i - 3 ****
Eigenspace attached to this ev:
Vector space of degree 18, dimension 1 over R
Echelonized basis:
(1 1 1 1 1 1 1 1 1 1 1 1 1 1 1 1 1 1)
Number of solutions: #S =  4
Solutions: #S =  [
    [1 1 1 1 1 1 1 1 1 1 1 1 1 1 1 1 1 1],

    [i i i i i i i i i i i i i i i i i i],

    [-1 -1 -1 -1 -1 -1 -1 -1 -1 -1 -1 -1 -1 -1 -1 -1 -1 -1],

    [-i -i -i -i -i -i -i -i -i -i -i -i -i -i -i -i -i -i]
]
Time elapsed for ev = -3*i - 3 : 0.0000
Time elapsed for i = 1 : 0.0000
Time elapsed in total:  0.010