/*
* Complex Hadamard matrix with v = 4:
* - number of matrices: N = 1
*/

========================= For  1 -th Matrix =========================
All eigenvalues:  [
    <-2, 2>,
    <2, 2>
]

**** For eigenvalue ev = -2 ****
Eigenspace attached to this ev:
Vector space of degree 4, dimension 2 over R
Echelonized basis:
( 1  0 -2 -1)
( 0  1 -1  0)
Number of solutions: #S =  4
Solutions: #S =  [
    [-1  1  1  1],

    [-i  i  i  i],

    [ 1 -1 -1 -1],

    [ i -i -i -i]
]
Time elapsed for ev = -2 : 0.0100

**** For eigenvalue ev = 2 ****
Eigenspace attached to this ev:
Vector space of degree 4, dimension 2 over R
Echelonized basis:
( 1  0  0  1)
( 0  1  1 -2)
Number of solutions: #S =  4
Solutions: #S =  [
    [ 1  1  1 -1],

    [ i  i  i -i],

    [-1 -1 -1  1],

    [-i -i -i  i]
]
Time elapsed for ev = 2 : 0.0000
Time elapsed for i = 1 : 0.0100
Time elapsed in total:  0.010