/*
* Complex Hadamard matrix with v = 68:
* - number of matrices: N = 1
*/

Number of matrices:  1

========================= For  1 -th Matrix =========================
All eigenvalues:  [
    <-2*i + 8, 1>,
    <2*i + 8, 1>,
    <8*i + 2, 1>,
    <-8*i + 2, 1>
]

**** For eigenvalue ev = -2*i + 8 ****
Eigenspace attached to this ev:  
Vector space of degree 68, dimension 1 over R
Echelonized basis:
(1 1 1 1 1 1 1 1 1 1 1 1 1 1 1 1 1 -1 -1 -1 -1 -1 -1 -1 -1 -1 -1 -1 -1 -1 -1 -1 
    -1 -1 -1 -1 -1 -1 -1 -1 -1 -1 -1 -1 -1 -1 -1 -1 -1 -1 -1 1 1 1 1 1 1 1 1 1 1
    1 1 1 1 1 1 1)
Number of solutions: #S =  4
Solutions: #S =  [
    [1 1 1 1 1 1 1 1 1 1 1 1 1 1 1 1 1 -1 -1 -1 -1 -1 -1 -1 -1 -1 -1 -1 -1 -1 -1
        -1 -1 -1 -1 -1 -1 -1 -1 -1 -1 -1 -1 -1 -1 -1 -1 -1 -1 -1 -1 1 1 1 1 1 1 
        1 1 1 1 1 1 1 1 1 1 1],

    [i i i i i i i i i i i i i i i i i -i -i -i -i -i -i -i -i -i -i -i -i -i -i
        -i -i -i -i -i -i -i -i -i -i -i -i -i -i -i -i -i -i -i -i i i i i i i 
        i i i i i i i i i i i],

    [-1 -1 -1 -1 -1 -1 -1 -1 -1 -1 -1 -1 -1 -1 -1 -1 -1 1 1 1 1 1 1 1 1 1 1 1 1 
        1 1 1 1 1 1 1 1 1 1 1 1 1 1 1 1 1 1 1 1 1 1 -1 -1 -1 -1 -1 -1 -1 -1 -1 
        -1 -1 -1 -1 -1 -1 -1 -1],

    [-i -i -i -i -i -i -i -i -i -i -i -i -i -i -i -i -i i i i i i i i i i i i i 
        i i i i i i i i i i i i i i i i i i i i i i -i -i -i -i -i -i -i -i -i 
        -i -i -i -i -i -i -i -i]
]
Time elapsed for ev = -2*i + 8 : 0.0200 

**** For eigenvalue ev = 2*i + 8 ****
Eigenspace attached to this ev:  
Vector space of degree 68, dimension 1 over R
Echelonized basis:
(1 1 1 1 1 1 1 1 1 1 1 1 1 1 1 1 1 1 1 1 1 1 1 1 1 1 1 1 1 1 1 1 1 1 1 1 1 1 1 1
    1 1 1 1 1 1 1 1 1 1 1 1 1 1 1 1 1 1 1 1 1 1 1 1 1 1 1 1)
Number of solutions: #S =  4
Solutions: #S =  [
    [1 1 1 1 1 1 1 1 1 1 1 1 1 1 1 1 1 1 1 1 1 1 1 1 1 1 1 1 1 1 1 1 1 1 1 1 1 1
        1 1 1 1 1 1 1 1 1 1 1 1 1 1 1 1 1 1 1 1 1 1 1 1 1 1 1 1 1 1],

    [i i i i i i i i i i i i i i i i i i i i i i i i i i i i i i i i i i i i i i
        i i i i i i i i i i i i i i i i i i i i i i i i i i i i i i],

    [-1 -1 -1 -1 -1 -1 -1 -1 -1 -1 -1 -1 -1 -1 -1 -1 -1 -1 -1 -1 -1 -1 -1 -1 -1 
        -1 -1 -1 -1 -1 -1 -1 -1 -1 -1 -1 -1 -1 -1 -1 -1 -1 -1 -1 -1 -1 -1 -1 -1 
        -1 -1 -1 -1 -1 -1 -1 -1 -1 -1 -1 -1 -1 -1 -1 -1 -1 -1 -1],

    [-i -i -i -i -i -i -i -i -i -i -i -i -i -i -i -i -i -i -i -i -i -i -i -i -i 
        -i -i -i -i -i -i -i -i -i -i -i -i -i -i -i -i -i -i -i -i -i -i -i -i 
        -i -i -i -i -i -i -i -i -i -i -i -i -i -i -i -i -i -i -i]
]
Time elapsed for ev = 2*i + 8 : 0.0200 

**** For eigenvalue ev = 8*i + 2 ****
Eigenspace attached to this ev:  
Vector space of degree 68, dimension 1 over R
Echelonized basis:
(1 1 1 1 1 1 1 1 1 1 1 1 1 1 1 1 1 -1 -1 -1 -1 -1 -1 -1 -1 -1 -1 -1 -1 -1 -1 -1 
    -1 -1 1 1 1 1 1 1 1 1 1 1 1 1 1 1 1 1 1 -1 -1 -1 -1 -1 -1 -1 -1 -1 -1 -1 -1 
    -1 -1 -1 -1 -1)
Number of solutions: #S =  4
Solutions: #S =  [
    [1 1 1 1 1 1 1 1 1 1 1 1 1 1 1 1 1 -1 -1 -1 -1 -1 -1 -1 -1 -1 -1 -1 -1 -1 -1
        -1 -1 -1 1 1 1 1 1 1 1 1 1 1 1 1 1 1 1 1 1 -1 -1 -1 -1 -1 -1 -1 -1 -1 -1
        -1 -1 -1 -1 -1 -1 -1],

    [i i i i i i i i i i i i i i i i i -i -i -i -i -i -i -i -i -i -i -i -i -i -i
        -i -i -i i i i i i i i i i i i i i i i i i -i -i -i -i -i -i -i -i -i -i
        -i -i -i -i -i -i -i],

    [-1 -1 -1 -1 -1 -1 -1 -1 -1 -1 -1 -1 -1 -1 -1 -1 -1 1 1 1 1 1 1 1 1 1 1 1 1 
        1 1 1 1 1 -1 -1 -1 -1 -1 -1 -1 -1 -1 -1 -1 -1 -1 -1 -1 -1 -1 1 1 1 1 1 1
        1 1 1 1 1 1 1 1 1 1 1],

    [-i -i -i -i -i -i -i -i -i -i -i -i -i -i -i -i -i i i i i i i i i i i i i 
        i i i i i -i -i -i -i -i -i -i -i -i -i -i -i -i -i -i -i -i i i i i i i
        i i i i i i i i i i i]
]
Time elapsed for ev = 8*i + 2 : 0.0200 

**** For eigenvalue ev = -8*i + 2 ****
Eigenspace attached to this ev:  
Vector space of degree 68, dimension 1 over R
Echelonized basis:
(1 1 1 1 1 1 1 1 1 1 1 1 1 1 1 1 1 1 1 1 1 1 1 1 1 1 1 1 1 1 1 1 1 1 -1 -1 -1 -1
    -1 -1 -1 -1 -1 -1 -1 -1 -1 -1 -1 -1 -1 -1 -1 -1 -1 -1 -1 -1 -1 -1 -1 -1 -1 
    -1 -1 -1 -1 -1)
Number of solutions: #S =  4
Solutions: #S =  [
    [1 1 1 1 1 1 1 1 1 1 1 1 1 1 1 1 1 1 1 1 1 1 1 1 1 1 1 1 1 1 1 1 1 1 -1 -1 
        -1 -1 -1 -1 -1 -1 -1 -1 -1 -1 -1 -1 -1 -1 -1 -1 -1 -1 -1 -1 -1 -1 -1 -1 
        -1 -1 -1 -1 -1 -1 -1 -1],

    [i i i i i i i i i i i i i i i i i i i i i i i i i i i i i i i i i i -i -i 
        -i -i -i -i -i -i -i -i -i -i -i -i -i -i -i -i -i -i -i -i -i -i -i -i 
        -i -i -i -i -i -i -i -i],

    [-1 -1 -1 -1 -1 -1 -1 -1 -1 -1 -1 -1 -1 -1 -1 -1 -1 -1 -1 -1 -1 -1 -1 -1 -1 
        -1 -1 -1 -1 -1 -1 -1 -1 -1 1 1 1 1 1 1 1 1 1 1 1 1 1 1 1 1 1 1 1 1 1 1 1
        1 1 1 1 1 1 1 1 1 1 1],

    [-i -i -i -i -i -i -i -i -i -i -i -i -i -i -i -i -i -i -i -i -i -i -i -i -i 
        -i -i -i -i -i -i -i -i -i i i i i i i i i i i i i i i i i i i i i i i i
        i i i i i i i i i i i]
]
Time elapsed for ev = -8*i + 2 : 0.0100 
Time elapsed for i = 1 : 1.9500 
Time elapsed in total:  1.950